

-------- Grammar --------

rule 1 Expression: "num"
rule 2 Expression: "true"
rule 3 Expression: "false"
rule 4 Expression: "str"
rule 5 Expression: VarID
rule 6 Expression: "-" Expression
rule 7 Expression: "not" Expression
rule 8 Expression: Expression "*" Expression
rule 9 Expression: Expression "/" Expression
rule 10 Expression: Expression "div" Expression
rule 11 Expression: Expression "mod" Expression
rule 12 Expression: Expression "%" Expression
rule 13 Expression: Expression "+" Expression
rule 14 Expression: Expression "-" Expression
rule 15 Expression: Expression "==" Expression
rule 16 Expression: Expression "/=" Expression
rule 17 Expression: Expression "<=" Expression
rule 18 Expression: Expression ">=" Expression
rule 19 Expression: Expression "<" Expression
rule 20 Expression: Expression ">" Expression
rule 21 Expression: Expression "or" Expression
rule 22 Expression: Expression "and" Expression
rule 23 Expression: "(" Expression ")"
rule 24 VarID: "varid"
rule 25 FunID: "funid"
rule 26 Datatype: "boolean"
rule 27 Datatype: "number"
rule 28 Statement: Datatype VarID
rule 29 Statement: Datatype VarID "=" Expression
rule 30 Statement: 
rule 31 Statements: Statement ";"
rule 32 Statements: Statements Statement ";"
rule 33 Instruction: Expression
rule 34 Instruction: VarID "=" Expression
rule 35 Instruction: "with" Statements "do" Instructions "end"
rule 36 Instruction: "while" Expression "do" Instructions "end"
rule 37 Instruction: "for" VarID "from" Expression "to" Expression "by" Expression "do" Instructions "end"
rule 38 Instruction: "for" VarID "from" Expression "to" Expression "do" Instructions "end"
rule 39 Instruction: "if" Expression "then" Instructions "end"
rule 40 Instruction: "if" Expression "then" Instructions "else" Instructions "end"
rule 41 Instruction: "repeat" Expression "times" Instructions "end"
rule 42 Instruction: FunID "(" Params ")"
rule 43 Instruction: 
rule 44 Instructions: Instruction ";"
rule 45 Instructions: Instructions Instruction ";"
rule 46 InstructionsR: Instruction ";"
rule 47 InstructionsR: "return" Expression ";"
rule 48 InstructionsR: InstructionsR Instruction ";"
rule 49 Params: Statement
rule 50 Params: Params "," Statement
rule 51 Program: "program" Instructions "end"
rule 52 Function: "func" FunID "(" Params ")" "->" Datatype "begin" InstructionsR "end"
rule 53 Function: "func" FunID "(" Params ")" "begin" Instructions "end"
rule 54 Functions: Function ";"
rule 55 Functions: Functions Function ";"
rule 56 Retina: Program ";"
rule 57 Retina: Functions Program ";"

------- Symbols -------

**Nonterminals, with rules where they appear

  $start (63)
    on right: 
    on left : 
  Retina (64)
    on right: 
    on left : 56 57
  Expression (65)
    on right: 6 7 8 9 10 11 12 13 14 15 16 17 18 19 20 21 22 23 29 33 34 36 37 38 39 40 41 47
    on left : 1 2 3 4 5 6 7 8 9 10 11 12 13 14 15 16 17 18 19 20 21 22 23
  VarID (66)
    on right: 5 28 29 34 37 38
    on left : 24
  FunID (67)
    on right: 42 52 53
    on left : 25
  Datatype (68)
    on right: 28 29 52
    on left : 26 27
  Statement (69)
    on right: 31 32 49 50
    on left : 28 29 30
  Statements (70)
    on right: 32 35
    on left : 31 32
  Instruction (71)
    on right: 44 45 46 48
    on left : 33 34 35 36 37 38 39 40 41 42 43
  Instructions (72)
    on right: 35 36 37 38 39 40 41 45 51 53
    on left : 44 45
  Params (73)
    on right: 42 50 52 53
    on left : 49 50
  InstructionsR (74)
    on right: 48 52
    on left : 46 47 48
  Program (75)
    on right: 56 57
    on left : 51
  Function (76)
    on right: 54 55
    on left : 52 53
  Functions (77)
    on right: 55 57
    on left : 54 55

**Terminals, with rules where they appear

  $end (0) 
  error (1) 
  "==" (2) 15
  "/=" (3) 16
  ">=" (4) 18
  "<=" (5) 17
  ">" (6) 20
  "<" (7) 19
  "->" (8) 52
  "+" (9) 13
  "-" (10) 6 14
  "*" (11) 8
  "/" (12) 9
  "%" (13) 12
  "mod" (14) 11
  "div" (15) 10
  "=" (16) 29 34
  "(" (17) 23 42 52 53
  ")" (18) 23 42 52 53
  ";" (19) 31 32 44 45 46 47 48 54 55 56 57
  "," (20) 50
  "not" (21) 7
  "and" (22) 22
  "or" (23) 21
  "true" (24) 2
  "false" (25) 3
  "program" (26) 51
  "end" (27) 35 36 37 38 39 40 41 51 52 53
  "with" (28) 35
  "do" (29) 35 36 37 38
  "while" (30) 36
  "if" (31) 39 40
  "then" (32) 39 40
  "else" (33) 40
  "for" (34) 37 38
  "from" (35) 37 38
  "by" (36) 37
  "to" (37) 37 38
  "repeat" (38) 41
  "times" (39) 41
  "function" (40) 
  "begin" (41) 52 53
  "return" (42) 47
  "boolean" (43) 26
  "number" (44) 27
  "openeye" (45) 
  "closeeye" (46) 
  "backward" (47) 
  "forward" (48) 
  "rotatel" (49) 
  "rotater" (50) 
  "setposition" (51) 
  "arc" (52) 
  "read" (53) 
  "write" (54) 
  "writeline" (55) 
  "num" (56) 1
  "funid" (57) 25
  "varid" (58) 24
  "str" (59) 4
  UMINUS (60) 
  noassoc (61) 
  "func" (62) 52 53

--------- State ---------

state 0


  "program"     shift, and go to state 2
  "func"        shift, and go to state 3

  Retina        go to state 1
  Function      go to state 4
  Functions     go to state 5
  Program       go to state 6

state 1


  $end          shift, and go to state 7


state 2

  51) Program : "program" _ Instructions "end"

  "-"           shift, and go to state 13
  "("           shift, and go to state 16
  "not"         shift, and go to state 14
  "true"        shift, and go to state 9
  "false"       shift, and go to state 10
  "with"        shift, and go to state 19
  "while"       shift, and go to state 20
  "if"          shift, and go to state 22
  "for"         shift, and go to state 21
  "repeat"      shift, and go to state 23
  "num"         shift, and go to state 8
  "funid"       shift, and go to state 18
  "varid"       shift, and go to state 17
  "str"         shift, and go to state 11
  $default      reduce using rule 43 (Instruction)

  VarID         go to state 12
  Expression    go to state 15
  FunID         go to state 24
  Instruction   go to state 25
  Instructions  go to state 26

state 3

  52) Function : "func" _ FunID "(" Params ")" "->" Datatype "begin" InstructionsR "end"
  53) Function : "func" _ FunID "(" Params ")" "begin" Instructions "end"

  "funid"       shift, and go to state 18

  FunID         go to state 27

state 4

  54) Functions : Function _ ";"

  ";"           shift, and go to state 28


state 5

  55) Functions : Functions _ Function ";"
  57) Retina : Functions _ Program ";"

  "program"     shift, and go to state 2
  "func"        shift, and go to state 3

  Function      go to state 29
  Program       go to state 30

state 6

  56) Retina : Program _ ";"

  ";"           shift, and go to state 31


state 7


  $end          shift, and go to state 32


state 8

   1) Expression : "num" _

  $default      reduce using rule 1 (Expression)


state 9

   2) Expression : "true" _

  $default      reduce using rule 2 (Expression)


state 10

   3) Expression : "false" _

  $default      reduce using rule 3 (Expression)


state 11

   4) Expression : "str" _

  $default      reduce using rule 4 (Expression)


state 12

   5) Expression : VarID _
  34) Instruction : VarID _ "=" Expression

  "="           shift, and go to state 33
  $default      reduce using rule 5 (Expression)


state 13

   6) Expression : "-" _ Expression

  "-"           shift, and go to state 13
  "("           shift, and go to state 16
  "not"         shift, and go to state 14
  "true"        shift, and go to state 9
  "false"       shift, and go to state 10
  "num"         shift, and go to state 8
  "varid"       shift, and go to state 17
  "str"         shift, and go to state 11

  VarID         go to state 34
  Expression    go to state 35

state 14

   7) Expression : "not" _ Expression

  "-"           shift, and go to state 13
  "("           shift, and go to state 16
  "not"         shift, and go to state 14
  "true"        shift, and go to state 9
  "false"       shift, and go to state 10
  "num"         shift, and go to state 8
  "varid"       shift, and go to state 17
  "str"         shift, and go to state 11

  VarID         go to state 34
  Expression    go to state 36

state 15

   8) Expression : Expression _ "*" Expression
   9) Expression : Expression _ "/" Expression
  10) Expression : Expression _ "div" Expression
  11) Expression : Expression _ "mod" Expression
  12) Expression : Expression _ "%" Expression
  13) Expression : Expression _ "+" Expression
  14) Expression : Expression _ "-" Expression
  15) Expression : Expression _ "==" Expression
  16) Expression : Expression _ "/=" Expression
  17) Expression : Expression _ "<=" Expression
  18) Expression : Expression _ ">=" Expression
  19) Expression : Expression _ "<" Expression
  20) Expression : Expression _ ">" Expression
  21) Expression : Expression _ "or" Expression
  22) Expression : Expression _ "and" Expression
  33) Instruction : Expression _

  "=="          shift, and go to state 44
  "/="          shift, and go to state 45
  ">="          shift, and go to state 47
  "<="          shift, and go to state 46
  ">"           shift, and go to state 49
  "<"           shift, and go to state 48
  "+"           shift, and go to state 42
  "-"           shift, and go to state 43
  "*"           shift, and go to state 37
  "/"           shift, and go to state 38
  "%"           shift, and go to state 41
  "mod"         shift, and go to state 40
  "div"         shift, and go to state 39
  "and"         shift, and go to state 51
  "or"          shift, and go to state 50
  $default      reduce using rule 33 (Instruction)


state 16

  23) Expression : "(" _ Expression ")"

  "-"           shift, and go to state 13
  "("           shift, and go to state 16
  "not"         shift, and go to state 14
  "true"        shift, and go to state 9
  "false"       shift, and go to state 10
  "num"         shift, and go to state 8
  "varid"       shift, and go to state 17
  "str"         shift, and go to state 11

  VarID         go to state 34
  Expression    go to state 52

state 17

  24) VarID : "varid" _

  $default      reduce using rule 24 (VarID)


state 18

  25) FunID : "funid" _

  $default      reduce using rule 25 (FunID)


state 19

  35) Instruction : "with" _ Statements "do" Instructions "end"

  "boolean"     shift, and go to state 53
  "number"      shift, and go to state 54
  $default      reduce using rule 30 (Statement)

  Datatype      go to state 55
  Statement     go to state 56
  Statements    go to state 57

state 20

  36) Instruction : "while" _ Expression "do" Instructions "end"

  "-"           shift, and go to state 13
  "("           shift, and go to state 16
  "not"         shift, and go to state 14
  "true"        shift, and go to state 9
  "false"       shift, and go to state 10
  "num"         shift, and go to state 8
  "varid"       shift, and go to state 17
  "str"         shift, and go to state 11

  VarID         go to state 34
  Expression    go to state 58

state 21

  37) Instruction : "for" _ VarID "from" Expression "to" Expression "by" Expression "do" Instructions "end"
  38) Instruction : "for" _ VarID "from" Expression "to" Expression "do" Instructions "end"

  "varid"       shift, and go to state 17

  VarID         go to state 59

state 22

  39) Instruction : "if" _ Expression "then" Instructions "end"
  40) Instruction : "if" _ Expression "then" Instructions "else" Instructions "end"

  "-"           shift, and go to state 13
  "("           shift, and go to state 16
  "not"         shift, and go to state 14
  "true"        shift, and go to state 9
  "false"       shift, and go to state 10
  "num"         shift, and go to state 8
  "varid"       shift, and go to state 17
  "str"         shift, and go to state 11

  VarID         go to state 34
  Expression    go to state 60

state 23

  41) Instruction : "repeat" _ Expression "times" Instructions "end"

  "-"           shift, and go to state 13
  "("           shift, and go to state 16
  "not"         shift, and go to state 14
  "true"        shift, and go to state 9
  "false"       shift, and go to state 10
  "num"         shift, and go to state 8
  "varid"       shift, and go to state 17
  "str"         shift, and go to state 11

  VarID         go to state 34
  Expression    go to state 61

state 24

  42) Instruction : FunID _ "(" Params ")"

  "("           shift, and go to state 62


state 25

  44) Instructions : Instruction _ ";"

  ";"           shift, and go to state 63


state 26

  45) Instructions : Instructions _ Instruction ";"
  51) Program : "program" Instructions _ "end"

  "-"           shift, and go to state 13
  "("           shift, and go to state 16
  "not"         shift, and go to state 14
  "true"        shift, and go to state 9
  "false"       shift, and go to state 10
  "end"         shift, and go to state 65
  "with"        shift, and go to state 19
  "while"       shift, and go to state 20
  "if"          shift, and go to state 22
  "for"         shift, and go to state 21
  "repeat"      shift, and go to state 23
  "num"         shift, and go to state 8
  "funid"       shift, and go to state 18
  "varid"       shift, and go to state 17
  "str"         shift, and go to state 11
  $default      reduce using rule 43 (Instruction)

  VarID         go to state 12
  Expression    go to state 15
  FunID         go to state 24
  Instruction   go to state 64

state 27

  52) Function : "func" FunID _ "(" Params ")" "->" Datatype "begin" InstructionsR "end"
  53) Function : "func" FunID _ "(" Params ")" "begin" Instructions "end"

  "("           shift, and go to state 66


state 28

  54) Functions : Function ";" _

  $default      reduce using rule 54 (Functions)


state 29

  55) Functions : Functions Function _ ";"

  ";"           shift, and go to state 67


state 30

  57) Retina : Functions Program _ ";"

  ";"           shift, and go to state 68


state 31

  56) Retina : Program ";" _

  $default      reduce using rule 56 (Retina)


state 32


  $default      accept


state 33

  34) Instruction : VarID "=" _ Expression

  "-"           shift, and go to state 13
  "("           shift, and go to state 16
  "not"         shift, and go to state 14
  "true"        shift, and go to state 9
  "false"       shift, and go to state 10
  "num"         shift, and go to state 8
  "varid"       shift, and go to state 17
  "str"         shift, and go to state 11

  VarID         go to state 34
  Expression    go to state 69

state 34

   5) Expression : VarID _

  $default      reduce using rule 5 (Expression)


state 35

   6) Expression : "-" Expression _
   8) Expression : Expression _ "*" Expression
   9) Expression : Expression _ "/" Expression
  10) Expression : Expression _ "div" Expression
  11) Expression : Expression _ "mod" Expression
  12) Expression : Expression _ "%" Expression
  13) Expression : Expression _ "+" Expression
  14) Expression : Expression _ "-" Expression
  15) Expression : Expression _ "==" Expression
  16) Expression : Expression _ "/=" Expression
  17) Expression : Expression _ "<=" Expression
  18) Expression : Expression _ ">=" Expression
  19) Expression : Expression _ "<" Expression
  20) Expression : Expression _ ">" Expression
  21) Expression : Expression _ "or" Expression
  22) Expression : Expression _ "and" Expression

  $default      reduce using rule 6 (Expression)


state 36

   7) Expression : "not" Expression _
   8) Expression : Expression _ "*" Expression
   9) Expression : Expression _ "/" Expression
  10) Expression : Expression _ "div" Expression
  11) Expression : Expression _ "mod" Expression
  12) Expression : Expression _ "%" Expression
  13) Expression : Expression _ "+" Expression
  14) Expression : Expression _ "-" Expression
  15) Expression : Expression _ "==" Expression
  16) Expression : Expression _ "/=" Expression
  17) Expression : Expression _ "<=" Expression
  18) Expression : Expression _ ">=" Expression
  19) Expression : Expression _ "<" Expression
  20) Expression : Expression _ ">" Expression
  21) Expression : Expression _ "or" Expression
  22) Expression : Expression _ "and" Expression

  $default      reduce using rule 7 (Expression)


state 37

   8) Expression : Expression "*" _ Expression

  "-"           shift, and go to state 13
  "("           shift, and go to state 16
  "not"         shift, and go to state 14
  "true"        shift, and go to state 9
  "false"       shift, and go to state 10
  "num"         shift, and go to state 8
  "varid"       shift, and go to state 17
  "str"         shift, and go to state 11

  VarID         go to state 34
  Expression    go to state 70

state 38

   9) Expression : Expression "/" _ Expression

  "-"           shift, and go to state 13
  "("           shift, and go to state 16
  "not"         shift, and go to state 14
  "true"        shift, and go to state 9
  "false"       shift, and go to state 10
  "num"         shift, and go to state 8
  "varid"       shift, and go to state 17
  "str"         shift, and go to state 11

  VarID         go to state 34
  Expression    go to state 71

state 39

  10) Expression : Expression "div" _ Expression

  "-"           shift, and go to state 13
  "("           shift, and go to state 16
  "not"         shift, and go to state 14
  "true"        shift, and go to state 9
  "false"       shift, and go to state 10
  "num"         shift, and go to state 8
  "varid"       shift, and go to state 17
  "str"         shift, and go to state 11

  VarID         go to state 34
  Expression    go to state 72

state 40

  11) Expression : Expression "mod" _ Expression

  "-"           shift, and go to state 13
  "("           shift, and go to state 16
  "not"         shift, and go to state 14
  "true"        shift, and go to state 9
  "false"       shift, and go to state 10
  "num"         shift, and go to state 8
  "varid"       shift, and go to state 17
  "str"         shift, and go to state 11

  VarID         go to state 34
  Expression    go to state 73

state 41

  12) Expression : Expression "%" _ Expression

  "-"           shift, and go to state 13
  "("           shift, and go to state 16
  "not"         shift, and go to state 14
  "true"        shift, and go to state 9
  "false"       shift, and go to state 10
  "num"         shift, and go to state 8
  "varid"       shift, and go to state 17
  "str"         shift, and go to state 11

  VarID         go to state 34
  Expression    go to state 74

state 42

  13) Expression : Expression "+" _ Expression

  "-"           shift, and go to state 13
  "("           shift, and go to state 16
  "not"         shift, and go to state 14
  "true"        shift, and go to state 9
  "false"       shift, and go to state 10
  "num"         shift, and go to state 8
  "varid"       shift, and go to state 17
  "str"         shift, and go to state 11

  VarID         go to state 34
  Expression    go to state 75

state 43

  14) Expression : Expression "-" _ Expression

  "-"           shift, and go to state 13
  "("           shift, and go to state 16
  "not"         shift, and go to state 14
  "true"        shift, and go to state 9
  "false"       shift, and go to state 10
  "num"         shift, and go to state 8
  "varid"       shift, and go to state 17
  "str"         shift, and go to state 11

  VarID         go to state 34
  Expression    go to state 76

state 44

  15) Expression : Expression "==" _ Expression

  "-"           shift, and go to state 13
  "("           shift, and go to state 16
  "not"         shift, and go to state 14
  "true"        shift, and go to state 9
  "false"       shift, and go to state 10
  "num"         shift, and go to state 8
  "varid"       shift, and go to state 17
  "str"         shift, and go to state 11

  VarID         go to state 34
  Expression    go to state 77

state 45

  16) Expression : Expression "/=" _ Expression

  "-"           shift, and go to state 13
  "("           shift, and go to state 16
  "not"         shift, and go to state 14
  "true"        shift, and go to state 9
  "false"       shift, and go to state 10
  "num"         shift, and go to state 8
  "varid"       shift, and go to state 17
  "str"         shift, and go to state 11

  VarID         go to state 34
  Expression    go to state 78

state 46

  17) Expression : Expression "<=" _ Expression

  "-"           shift, and go to state 13
  "("           shift, and go to state 16
  "not"         shift, and go to state 14
  "true"        shift, and go to state 9
  "false"       shift, and go to state 10
  "num"         shift, and go to state 8
  "varid"       shift, and go to state 17
  "str"         shift, and go to state 11

  VarID         go to state 34
  Expression    go to state 79

state 47

  18) Expression : Expression ">=" _ Expression

  "-"           shift, and go to state 13
  "("           shift, and go to state 16
  "not"         shift, and go to state 14
  "true"        shift, and go to state 9
  "false"       shift, and go to state 10
  "num"         shift, and go to state 8
  "varid"       shift, and go to state 17
  "str"         shift, and go to state 11

  VarID         go to state 34
  Expression    go to state 80

state 48

  19) Expression : Expression "<" _ Expression

  "-"           shift, and go to state 13
  "("           shift, and go to state 16
  "not"         shift, and go to state 14
  "true"        shift, and go to state 9
  "false"       shift, and go to state 10
  "num"         shift, and go to state 8
  "varid"       shift, and go to state 17
  "str"         shift, and go to state 11

  VarID         go to state 34
  Expression    go to state 81

state 49

  20) Expression : Expression ">" _ Expression

  "-"           shift, and go to state 13
  "("           shift, and go to state 16
  "not"         shift, and go to state 14
  "true"        shift, and go to state 9
  "false"       shift, and go to state 10
  "num"         shift, and go to state 8
  "varid"       shift, and go to state 17
  "str"         shift, and go to state 11

  VarID         go to state 34
  Expression    go to state 82

state 50

  21) Expression : Expression "or" _ Expression

  "-"           shift, and go to state 13
  "("           shift, and go to state 16
  "not"         shift, and go to state 14
  "true"        shift, and go to state 9
  "false"       shift, and go to state 10
  "num"         shift, and go to state 8
  "varid"       shift, and go to state 17
  "str"         shift, and go to state 11

  VarID         go to state 34
  Expression    go to state 83

state 51

  22) Expression : Expression "and" _ Expression

  "-"           shift, and go to state 13
  "("           shift, and go to state 16
  "not"         shift, and go to state 14
  "true"        shift, and go to state 9
  "false"       shift, and go to state 10
  "num"         shift, and go to state 8
  "varid"       shift, and go to state 17
  "str"         shift, and go to state 11

  VarID         go to state 34
  Expression    go to state 84

state 52

   8) Expression : Expression _ "*" Expression
   9) Expression : Expression _ "/" Expression
  10) Expression : Expression _ "div" Expression
  11) Expression : Expression _ "mod" Expression
  12) Expression : Expression _ "%" Expression
  13) Expression : Expression _ "+" Expression
  14) Expression : Expression _ "-" Expression
  15) Expression : Expression _ "==" Expression
  16) Expression : Expression _ "/=" Expression
  17) Expression : Expression _ "<=" Expression
  18) Expression : Expression _ ">=" Expression
  19) Expression : Expression _ "<" Expression
  20) Expression : Expression _ ">" Expression
  21) Expression : Expression _ "or" Expression
  22) Expression : Expression _ "and" Expression
  23) Expression : "(" Expression _ ")"

  "=="          shift, and go to state 44
  "/="          shift, and go to state 45
  ">="          shift, and go to state 47
  "<="          shift, and go to state 46
  ">"           shift, and go to state 49
  "<"           shift, and go to state 48
  "+"           shift, and go to state 42
  "-"           shift, and go to state 43
  "*"           shift, and go to state 37
  "/"           shift, and go to state 38
  "%"           shift, and go to state 41
  "mod"         shift, and go to state 40
  "div"         shift, and go to state 39
  ")"           shift, and go to state 85
  "and"         shift, and go to state 51
  "or"          shift, and go to state 50


state 53

  26) Datatype : "boolean" _

  $default      reduce using rule 26 (Datatype)


state 54

  27) Datatype : "number" _

  $default      reduce using rule 27 (Datatype)


state 55

  28) Statement : Datatype _ VarID
  29) Statement : Datatype _ VarID "=" Expression

  "varid"       shift, and go to state 17

  VarID         go to state 86

state 56

  31) Statements : Statement _ ";"

  ";"           shift, and go to state 87


state 57

  32) Statements : Statements _ Statement ";"
  35) Instruction : "with" Statements _ "do" Instructions "end"

  "do"          shift, and go to state 89
  "boolean"     shift, and go to state 53
  "number"      shift, and go to state 54
  $default      reduce using rule 30 (Statement)

  Datatype      go to state 55
  Statement     go to state 88

state 58

   8) Expression : Expression _ "*" Expression
   9) Expression : Expression _ "/" Expression
  10) Expression : Expression _ "div" Expression
  11) Expression : Expression _ "mod" Expression
  12) Expression : Expression _ "%" Expression
  13) Expression : Expression _ "+" Expression
  14) Expression : Expression _ "-" Expression
  15) Expression : Expression _ "==" Expression
  16) Expression : Expression _ "/=" Expression
  17) Expression : Expression _ "<=" Expression
  18) Expression : Expression _ ">=" Expression
  19) Expression : Expression _ "<" Expression
  20) Expression : Expression _ ">" Expression
  21) Expression : Expression _ "or" Expression
  22) Expression : Expression _ "and" Expression
  36) Instruction : "while" Expression _ "do" Instructions "end"

  "=="          shift, and go to state 44
  "/="          shift, and go to state 45
  ">="          shift, and go to state 47
  "<="          shift, and go to state 46
  ">"           shift, and go to state 49
  "<"           shift, and go to state 48
  "+"           shift, and go to state 42
  "-"           shift, and go to state 43
  "*"           shift, and go to state 37
  "/"           shift, and go to state 38
  "%"           shift, and go to state 41
  "mod"         shift, and go to state 40
  "div"         shift, and go to state 39
  "and"         shift, and go to state 51
  "or"          shift, and go to state 50
  "do"          shift, and go to state 90


state 59

  37) Instruction : "for" VarID _ "from" Expression "to" Expression "by" Expression "do" Instructions "end"
  38) Instruction : "for" VarID _ "from" Expression "to" Expression "do" Instructions "end"

  "from"        shift, and go to state 91


state 60

   8) Expression : Expression _ "*" Expression
   9) Expression : Expression _ "/" Expression
  10) Expression : Expression _ "div" Expression
  11) Expression : Expression _ "mod" Expression
  12) Expression : Expression _ "%" Expression
  13) Expression : Expression _ "+" Expression
  14) Expression : Expression _ "-" Expression
  15) Expression : Expression _ "==" Expression
  16) Expression : Expression _ "/=" Expression
  17) Expression : Expression _ "<=" Expression
  18) Expression : Expression _ ">=" Expression
  19) Expression : Expression _ "<" Expression
  20) Expression : Expression _ ">" Expression
  21) Expression : Expression _ "or" Expression
  22) Expression : Expression _ "and" Expression
  39) Instruction : "if" Expression _ "then" Instructions "end"
  40) Instruction : "if" Expression _ "then" Instructions "else" Instructions "end"

  "=="          shift, and go to state 44
  "/="          shift, and go to state 45
  ">="          shift, and go to state 47
  "<="          shift, and go to state 46
  ">"           shift, and go to state 49
  "<"           shift, and go to state 48
  "+"           shift, and go to state 42
  "-"           shift, and go to state 43
  "*"           shift, and go to state 37
  "/"           shift, and go to state 38
  "%"           shift, and go to state 41
  "mod"         shift, and go to state 40
  "div"         shift, and go to state 39
  "and"         shift, and go to state 51
  "or"          shift, and go to state 50
  "then"        shift, and go to state 92


state 61

   8) Expression : Expression _ "*" Expression
   9) Expression : Expression _ "/" Expression
  10) Expression : Expression _ "div" Expression
  11) Expression : Expression _ "mod" Expression
  12) Expression : Expression _ "%" Expression
  13) Expression : Expression _ "+" Expression
  14) Expression : Expression _ "-" Expression
  15) Expression : Expression _ "==" Expression
  16) Expression : Expression _ "/=" Expression
  17) Expression : Expression _ "<=" Expression
  18) Expression : Expression _ ">=" Expression
  19) Expression : Expression _ "<" Expression
  20) Expression : Expression _ ">" Expression
  21) Expression : Expression _ "or" Expression
  22) Expression : Expression _ "and" Expression
  41) Instruction : "repeat" Expression _ "times" Instructions "end"

  "=="          shift, and go to state 44
  "/="          shift, and go to state 45
  ">="          shift, and go to state 47
  "<="          shift, and go to state 46
  ">"           shift, and go to state 49
  "<"           shift, and go to state 48
  "+"           shift, and go to state 42
  "-"           shift, and go to state 43
  "*"           shift, and go to state 37
  "/"           shift, and go to state 38
  "%"           shift, and go to state 41
  "mod"         shift, and go to state 40
  "div"         shift, and go to state 39
  "and"         shift, and go to state 51
  "or"          shift, and go to state 50
  "times"       shift, and go to state 93


state 62

  42) Instruction : FunID "(" _ Params ")"

  "boolean"     shift, and go to state 53
  "number"      shift, and go to state 54
  $default      reduce using rule 30 (Statement)

  Datatype      go to state 55
  Params        go to state 94
  Statement     go to state 95

state 63

  44) Instructions : Instruction ";" _

  $default      reduce using rule 44 (Instructions)


state 64

  45) Instructions : Instructions Instruction _ ";"

  ";"           shift, and go to state 96


state 65

  51) Program : "program" Instructions "end" _

  $default      reduce using rule 51 (Program)


state 66

  52) Function : "func" FunID "(" _ Params ")" "->" Datatype "begin" InstructionsR "end"
  53) Function : "func" FunID "(" _ Params ")" "begin" Instructions "end"

  "boolean"     shift, and go to state 53
  "number"      shift, and go to state 54
  $default      reduce using rule 30 (Statement)

  Datatype      go to state 55
  Statement     go to state 95
  Params        go to state 97

state 67

  55) Functions : Functions Function ";" _

  $default      reduce using rule 55 (Functions)


state 68

  57) Retina : Functions Program ";" _

  $default      reduce using rule 57 (Retina)


state 69

   8) Expression : Expression _ "*" Expression
   9) Expression : Expression _ "/" Expression
  10) Expression : Expression _ "div" Expression
  11) Expression : Expression _ "mod" Expression
  12) Expression : Expression _ "%" Expression
  13) Expression : Expression _ "+" Expression
  14) Expression : Expression _ "-" Expression
  15) Expression : Expression _ "==" Expression
  16) Expression : Expression _ "/=" Expression
  17) Expression : Expression _ "<=" Expression
  18) Expression : Expression _ ">=" Expression
  19) Expression : Expression _ "<" Expression
  20) Expression : Expression _ ">" Expression
  21) Expression : Expression _ "or" Expression
  22) Expression : Expression _ "and" Expression
  34) Instruction : VarID "=" Expression _

  "=="          shift, and go to state 44
  "/="          shift, and go to state 45
  ">="          shift, and go to state 47
  "<="          shift, and go to state 46
  ">"           shift, and go to state 49
  "<"           shift, and go to state 48
  "+"           shift, and go to state 42
  "-"           shift, and go to state 43
  "*"           shift, and go to state 37
  "/"           shift, and go to state 38
  "%"           shift, and go to state 41
  "mod"         shift, and go to state 40
  "div"         shift, and go to state 39
  "and"         shift, and go to state 51
  "or"          shift, and go to state 50
  $default      reduce using rule 34 (Instruction)


state 70

   8) Expression : Expression _ "*" Expression
   8) Expression : Expression "*" Expression _
   9) Expression : Expression _ "/" Expression
  10) Expression : Expression _ "div" Expression
  11) Expression : Expression _ "mod" Expression
  12) Expression : Expression _ "%" Expression
  13) Expression : Expression _ "+" Expression
  14) Expression : Expression _ "-" Expression
  15) Expression : Expression _ "==" Expression
  16) Expression : Expression _ "/=" Expression
  17) Expression : Expression _ "<=" Expression
  18) Expression : Expression _ ">=" Expression
  19) Expression : Expression _ "<" Expression
  20) Expression : Expression _ ">" Expression
  21) Expression : Expression _ "or" Expression
  22) Expression : Expression _ "and" Expression

  $default      reduce using rule 8 (Expression)


state 71

   8) Expression : Expression _ "*" Expression
   9) Expression : Expression _ "/" Expression
   9) Expression : Expression "/" Expression _
  10) Expression : Expression _ "div" Expression
  11) Expression : Expression _ "mod" Expression
  12) Expression : Expression _ "%" Expression
  13) Expression : Expression _ "+" Expression
  14) Expression : Expression _ "-" Expression
  15) Expression : Expression _ "==" Expression
  16) Expression : Expression _ "/=" Expression
  17) Expression : Expression _ "<=" Expression
  18) Expression : Expression _ ">=" Expression
  19) Expression : Expression _ "<" Expression
  20) Expression : Expression _ ">" Expression
  21) Expression : Expression _ "or" Expression
  22) Expression : Expression _ "and" Expression

  $default      reduce using rule 9 (Expression)


state 72

   8) Expression : Expression _ "*" Expression
   9) Expression : Expression _ "/" Expression
  10) Expression : Expression _ "div" Expression
  10) Expression : Expression "div" Expression _
  11) Expression : Expression _ "mod" Expression
  12) Expression : Expression _ "%" Expression
  13) Expression : Expression _ "+" Expression
  14) Expression : Expression _ "-" Expression
  15) Expression : Expression _ "==" Expression
  16) Expression : Expression _ "/=" Expression
  17) Expression : Expression _ "<=" Expression
  18) Expression : Expression _ ">=" Expression
  19) Expression : Expression _ "<" Expression
  20) Expression : Expression _ ">" Expression
  21) Expression : Expression _ "or" Expression
  22) Expression : Expression _ "and" Expression

  $default      reduce using rule 10 (Expression)


state 73

   8) Expression : Expression _ "*" Expression
   9) Expression : Expression _ "/" Expression
  10) Expression : Expression _ "div" Expression
  11) Expression : Expression _ "mod" Expression
  11) Expression : Expression "mod" Expression _
  12) Expression : Expression _ "%" Expression
  13) Expression : Expression _ "+" Expression
  14) Expression : Expression _ "-" Expression
  15) Expression : Expression _ "==" Expression
  16) Expression : Expression _ "/=" Expression
  17) Expression : Expression _ "<=" Expression
  18) Expression : Expression _ ">=" Expression
  19) Expression : Expression _ "<" Expression
  20) Expression : Expression _ ">" Expression
  21) Expression : Expression _ "or" Expression
  22) Expression : Expression _ "and" Expression

  $default      reduce using rule 11 (Expression)


state 74

   8) Expression : Expression _ "*" Expression
   9) Expression : Expression _ "/" Expression
  10) Expression : Expression _ "div" Expression
  11) Expression : Expression _ "mod" Expression
  12) Expression : Expression _ "%" Expression
  12) Expression : Expression "%" Expression _
  13) Expression : Expression _ "+" Expression
  14) Expression : Expression _ "-" Expression
  15) Expression : Expression _ "==" Expression
  16) Expression : Expression _ "/=" Expression
  17) Expression : Expression _ "<=" Expression
  18) Expression : Expression _ ">=" Expression
  19) Expression : Expression _ "<" Expression
  20) Expression : Expression _ ">" Expression
  21) Expression : Expression _ "or" Expression
  22) Expression : Expression _ "and" Expression

  $default      reduce using rule 12 (Expression)


state 75

   8) Expression : Expression _ "*" Expression
   9) Expression : Expression _ "/" Expression
  10) Expression : Expression _ "div" Expression
  11) Expression : Expression _ "mod" Expression
  12) Expression : Expression _ "%" Expression
  13) Expression : Expression _ "+" Expression
  13) Expression : Expression "+" Expression _
  14) Expression : Expression _ "-" Expression
  15) Expression : Expression _ "==" Expression
  16) Expression : Expression _ "/=" Expression
  17) Expression : Expression _ "<=" Expression
  18) Expression : Expression _ ">=" Expression
  19) Expression : Expression _ "<" Expression
  20) Expression : Expression _ ">" Expression
  21) Expression : Expression _ "or" Expression
  22) Expression : Expression _ "and" Expression

  "*"           shift, and go to state 37
  "/"           shift, and go to state 38
  "%"           shift, and go to state 41
  "mod"         shift, and go to state 40
  "div"         shift, and go to state 39
  $default      reduce using rule 13 (Expression)


state 76

   8) Expression : Expression _ "*" Expression
   9) Expression : Expression _ "/" Expression
  10) Expression : Expression _ "div" Expression
  11) Expression : Expression _ "mod" Expression
  12) Expression : Expression _ "%" Expression
  13) Expression : Expression _ "+" Expression
  14) Expression : Expression _ "-" Expression
  14) Expression : Expression "-" Expression _
  15) Expression : Expression _ "==" Expression
  16) Expression : Expression _ "/=" Expression
  17) Expression : Expression _ "<=" Expression
  18) Expression : Expression _ ">=" Expression
  19) Expression : Expression _ "<" Expression
  20) Expression : Expression _ ">" Expression
  21) Expression : Expression _ "or" Expression
  22) Expression : Expression _ "and" Expression

  "*"           shift, and go to state 37
  "/"           shift, and go to state 38
  "%"           shift, and go to state 41
  "mod"         shift, and go to state 40
  "div"         shift, and go to state 39
  $default      reduce using rule 14 (Expression)


state 77

   8) Expression : Expression _ "*" Expression
   9) Expression : Expression _ "/" Expression
  10) Expression : Expression _ "div" Expression
  11) Expression : Expression _ "mod" Expression
  12) Expression : Expression _ "%" Expression
  13) Expression : Expression _ "+" Expression
  14) Expression : Expression _ "-" Expression
  15) Expression : Expression _ "==" Expression
  15) Expression : Expression "==" Expression _
  16) Expression : Expression _ "/=" Expression
  17) Expression : Expression _ "<=" Expression
  18) Expression : Expression _ ">=" Expression
  19) Expression : Expression _ "<" Expression
  20) Expression : Expression _ ">" Expression
  21) Expression : Expression _ "or" Expression
  22) Expression : Expression _ "and" Expression

  ">="          shift, and go to state 47
  "<="          shift, and go to state 46
  ">"           shift, and go to state 49
  "<"           shift, and go to state 48
  "+"           shift, and go to state 42
  "-"           shift, and go to state 43
  "*"           shift, and go to state 37
  "/"           shift, and go to state 38
  "%"           shift, and go to state 41
  "mod"         shift, and go to state 40
  "div"         shift, and go to state 39
  $default      reduce using rule 15 (Expression)


state 78

   8) Expression : Expression _ "*" Expression
   9) Expression : Expression _ "/" Expression
  10) Expression : Expression _ "div" Expression
  11) Expression : Expression _ "mod" Expression
  12) Expression : Expression _ "%" Expression
  13) Expression : Expression _ "+" Expression
  14) Expression : Expression _ "-" Expression
  15) Expression : Expression _ "==" Expression
  16) Expression : Expression _ "/=" Expression
  16) Expression : Expression "/=" Expression _
  17) Expression : Expression _ "<=" Expression
  18) Expression : Expression _ ">=" Expression
  19) Expression : Expression _ "<" Expression
  20) Expression : Expression _ ">" Expression
  21) Expression : Expression _ "or" Expression
  22) Expression : Expression _ "and" Expression

  ">="          shift, and go to state 47
  "<="          shift, and go to state 46
  ">"           shift, and go to state 49
  "<"           shift, and go to state 48
  "+"           shift, and go to state 42
  "-"           shift, and go to state 43
  "*"           shift, and go to state 37
  "/"           shift, and go to state 38
  "%"           shift, and go to state 41
  "mod"         shift, and go to state 40
  "div"         shift, and go to state 39
  $default      reduce using rule 16 (Expression)


state 79

   8) Expression : Expression _ "*" Expression
   9) Expression : Expression _ "/" Expression
  10) Expression : Expression _ "div" Expression
  11) Expression : Expression _ "mod" Expression
  12) Expression : Expression _ "%" Expression
  13) Expression : Expression _ "+" Expression
  14) Expression : Expression _ "-" Expression
  15) Expression : Expression _ "==" Expression
  16) Expression : Expression _ "/=" Expression
  17) Expression : Expression _ "<=" Expression
  17) Expression : Expression "<=" Expression _
  18) Expression : Expression _ ">=" Expression
  19) Expression : Expression _ "<" Expression
  20) Expression : Expression _ ">" Expression
  21) Expression : Expression _ "or" Expression
  22) Expression : Expression _ "and" Expression

  "*"           shift, and go to state 37
  "/"           shift, and go to state 38
  "%"           shift, and go to state 41
  "mod"         shift, and go to state 40
  "div"         shift, and go to state 39
  $default      reduce using rule 17 (Expression)


state 80

   8) Expression : Expression _ "*" Expression
   9) Expression : Expression _ "/" Expression
  10) Expression : Expression _ "div" Expression
  11) Expression : Expression _ "mod" Expression
  12) Expression : Expression _ "%" Expression
  13) Expression : Expression _ "+" Expression
  14) Expression : Expression _ "-" Expression
  15) Expression : Expression _ "==" Expression
  16) Expression : Expression _ "/=" Expression
  17) Expression : Expression _ "<=" Expression
  18) Expression : Expression _ ">=" Expression
  18) Expression : Expression ">=" Expression _
  19) Expression : Expression _ "<" Expression
  20) Expression : Expression _ ">" Expression
  21) Expression : Expression _ "or" Expression
  22) Expression : Expression _ "and" Expression

  "*"           shift, and go to state 37
  "/"           shift, and go to state 38
  "%"           shift, and go to state 41
  "mod"         shift, and go to state 40
  "div"         shift, and go to state 39
  $default      reduce using rule 18 (Expression)


state 81

   8) Expression : Expression _ "*" Expression
   9) Expression : Expression _ "/" Expression
  10) Expression : Expression _ "div" Expression
  11) Expression : Expression _ "mod" Expression
  12) Expression : Expression _ "%" Expression
  13) Expression : Expression _ "+" Expression
  14) Expression : Expression _ "-" Expression
  15) Expression : Expression _ "==" Expression
  16) Expression : Expression _ "/=" Expression
  17) Expression : Expression _ "<=" Expression
  18) Expression : Expression _ ">=" Expression
  19) Expression : Expression _ "<" Expression
  19) Expression : Expression "<" Expression _
  20) Expression : Expression _ ">" Expression
  21) Expression : Expression _ "or" Expression
  22) Expression : Expression _ "and" Expression

  "*"           shift, and go to state 37
  "/"           shift, and go to state 38
  "%"           shift, and go to state 41
  "mod"         shift, and go to state 40
  "div"         shift, and go to state 39
  $default      reduce using rule 19 (Expression)


state 82

   8) Expression : Expression _ "*" Expression
   9) Expression : Expression _ "/" Expression
  10) Expression : Expression _ "div" Expression
  11) Expression : Expression _ "mod" Expression
  12) Expression : Expression _ "%" Expression
  13) Expression : Expression _ "+" Expression
  14) Expression : Expression _ "-" Expression
  15) Expression : Expression _ "==" Expression
  16) Expression : Expression _ "/=" Expression
  17) Expression : Expression _ "<=" Expression
  18) Expression : Expression _ ">=" Expression
  19) Expression : Expression _ "<" Expression
  20) Expression : Expression _ ">" Expression
  20) Expression : Expression ">" Expression _
  21) Expression : Expression _ "or" Expression
  22) Expression : Expression _ "and" Expression

  "*"           shift, and go to state 37
  "/"           shift, and go to state 38
  "%"           shift, and go to state 41
  "mod"         shift, and go to state 40
  "div"         shift, and go to state 39
  $default      reduce using rule 20 (Expression)


state 83

   8) Expression : Expression _ "*" Expression
   9) Expression : Expression _ "/" Expression
  10) Expression : Expression _ "div" Expression
  11) Expression : Expression _ "mod" Expression
  12) Expression : Expression _ "%" Expression
  13) Expression : Expression _ "+" Expression
  14) Expression : Expression _ "-" Expression
  15) Expression : Expression _ "==" Expression
  16) Expression : Expression _ "/=" Expression
  17) Expression : Expression _ "<=" Expression
  18) Expression : Expression _ ">=" Expression
  19) Expression : Expression _ "<" Expression
  20) Expression : Expression _ ">" Expression
  21) Expression : Expression _ "or" Expression
  21) Expression : Expression "or" Expression _
  22) Expression : Expression _ "and" Expression

  "=="          shift, and go to state 44
  "/="          shift, and go to state 45
  ">="          shift, and go to state 47
  "<="          shift, and go to state 46
  ">"           shift, and go to state 49
  "<"           shift, and go to state 48
  "+"           shift, and go to state 42
  "-"           shift, and go to state 43
  "*"           shift, and go to state 37
  "/"           shift, and go to state 38
  "%"           shift, and go to state 41
  "mod"         shift, and go to state 40
  "div"         shift, and go to state 39
  $default      reduce using rule 21 (Expression)


state 84

   8) Expression : Expression _ "*" Expression
   9) Expression : Expression _ "/" Expression
  10) Expression : Expression _ "div" Expression
  11) Expression : Expression _ "mod" Expression
  12) Expression : Expression _ "%" Expression
  13) Expression : Expression _ "+" Expression
  14) Expression : Expression _ "-" Expression
  15) Expression : Expression _ "==" Expression
  16) Expression : Expression _ "/=" Expression
  17) Expression : Expression _ "<=" Expression
  18) Expression : Expression _ ">=" Expression
  19) Expression : Expression _ "<" Expression
  20) Expression : Expression _ ">" Expression
  21) Expression : Expression _ "or" Expression
  22) Expression : Expression _ "and" Expression
  22) Expression : Expression "and" Expression _

  "=="          shift, and go to state 44
  "/="          shift, and go to state 45
  ">="          shift, and go to state 47
  "<="          shift, and go to state 46
  ">"           shift, and go to state 49
  "<"           shift, and go to state 48
  "+"           shift, and go to state 42
  "-"           shift, and go to state 43
  "*"           shift, and go to state 37
  "/"           shift, and go to state 38
  "%"           shift, and go to state 41
  "mod"         shift, and go to state 40
  "div"         shift, and go to state 39
  "or"          shift, and go to state 50
  $default      reduce using rule 22 (Expression)


state 85

  23) Expression : "(" Expression ")" _

  $default      reduce using rule 23 (Expression)


state 86

  28) Statement : Datatype VarID _
  29) Statement : Datatype VarID _ "=" Expression

  "="           shift, and go to state 98
  $default      reduce using rule 28 (Statement)


state 87

  31) Statements : Statement ";" _

  $default      reduce using rule 31 (Statements)


state 88

  32) Statements : Statements Statement _ ";"

  ";"           shift, and go to state 99


state 89

  35) Instruction : "with" Statements "do" _ Instructions "end"

  "-"           shift, and go to state 13
  "("           shift, and go to state 16
  "not"         shift, and go to state 14
  "true"        shift, and go to state 9
  "false"       shift, and go to state 10
  "with"        shift, and go to state 19
  "while"       shift, and go to state 20
  "if"          shift, and go to state 22
  "for"         shift, and go to state 21
  "repeat"      shift, and go to state 23
  "num"         shift, and go to state 8
  "funid"       shift, and go to state 18
  "varid"       shift, and go to state 17
  "str"         shift, and go to state 11
  $default      reduce using rule 43 (Instruction)

  VarID         go to state 12
  Expression    go to state 15
  Instructions  go to state 100
  FunID         go to state 24
  Instruction   go to state 25

state 90

  36) Instruction : "while" Expression "do" _ Instructions "end"

  "-"           shift, and go to state 13
  "("           shift, and go to state 16
  "not"         shift, and go to state 14
  "true"        shift, and go to state 9
  "false"       shift, and go to state 10
  "with"        shift, and go to state 19
  "while"       shift, and go to state 20
  "if"          shift, and go to state 22
  "for"         shift, and go to state 21
  "repeat"      shift, and go to state 23
  "num"         shift, and go to state 8
  "funid"       shift, and go to state 18
  "varid"       shift, and go to state 17
  "str"         shift, and go to state 11
  $default      reduce using rule 43 (Instruction)

  VarID         go to state 12
  Expression    go to state 15
  Instructions  go to state 101
  FunID         go to state 24
  Instruction   go to state 25

state 91

  37) Instruction : "for" VarID "from" _ Expression "to" Expression "by" Expression "do" Instructions "end"
  38) Instruction : "for" VarID "from" _ Expression "to" Expression "do" Instructions "end"

  "-"           shift, and go to state 13
  "("           shift, and go to state 16
  "not"         shift, and go to state 14
  "true"        shift, and go to state 9
  "false"       shift, and go to state 10
  "num"         shift, and go to state 8
  "varid"       shift, and go to state 17
  "str"         shift, and go to state 11

  VarID         go to state 34
  Expression    go to state 102

state 92

  39) Instruction : "if" Expression "then" _ Instructions "end"
  40) Instruction : "if" Expression "then" _ Instructions "else" Instructions "end"

  "-"           shift, and go to state 13
  "("           shift, and go to state 16
  "not"         shift, and go to state 14
  "true"        shift, and go to state 9
  "false"       shift, and go to state 10
  "with"        shift, and go to state 19
  "while"       shift, and go to state 20
  "if"          shift, and go to state 22
  "for"         shift, and go to state 21
  "repeat"      shift, and go to state 23
  "num"         shift, and go to state 8
  "funid"       shift, and go to state 18
  "varid"       shift, and go to state 17
  "str"         shift, and go to state 11
  $default      reduce using rule 43 (Instruction)

  VarID         go to state 12
  Expression    go to state 15
  Instructions  go to state 103
  FunID         go to state 24
  Instruction   go to state 25

state 93

  41) Instruction : "repeat" Expression "times" _ Instructions "end"

  "-"           shift, and go to state 13
  "("           shift, and go to state 16
  "not"         shift, and go to state 14
  "true"        shift, and go to state 9
  "false"       shift, and go to state 10
  "with"        shift, and go to state 19
  "while"       shift, and go to state 20
  "if"          shift, and go to state 22
  "for"         shift, and go to state 21
  "repeat"      shift, and go to state 23
  "num"         shift, and go to state 8
  "funid"       shift, and go to state 18
  "varid"       shift, and go to state 17
  "str"         shift, and go to state 11
  $default      reduce using rule 43 (Instruction)

  VarID         go to state 12
  Expression    go to state 15
  Instructions  go to state 104
  FunID         go to state 24
  Instruction   go to state 25

state 94

  42) Instruction : FunID "(" Params _ ")"
  50) Params : Params _ "," Statement

  ")"           shift, and go to state 105
  ","           shift, and go to state 106


state 95

  49) Params : Statement _

  $default      reduce using rule 49 (Params)


state 96

  45) Instructions : Instructions Instruction ";" _

  $default      reduce using rule 45 (Instructions)


state 97

  50) Params : Params _ "," Statement
  52) Function : "func" FunID "(" Params _ ")" "->" Datatype "begin" InstructionsR "end"
  53) Function : "func" FunID "(" Params _ ")" "begin" Instructions "end"

  ")"           shift, and go to state 107
  ","           shift, and go to state 106


state 98

  29) Statement : Datatype VarID "=" _ Expression

  "-"           shift, and go to state 13
  "("           shift, and go to state 16
  "not"         shift, and go to state 14
  "true"        shift, and go to state 9
  "false"       shift, and go to state 10
  "num"         shift, and go to state 8
  "varid"       shift, and go to state 17
  "str"         shift, and go to state 11

  VarID         go to state 34
  Expression    go to state 108

state 99

  32) Statements : Statements Statement ";" _

  $default      reduce using rule 32 (Statements)


state 100

  35) Instruction : "with" Statements "do" Instructions _ "end"
  45) Instructions : Instructions _ Instruction ";"

  "-"           shift, and go to state 13
  "("           shift, and go to state 16
  "not"         shift, and go to state 14
  "true"        shift, and go to state 9
  "false"       shift, and go to state 10
  "end"         shift, and go to state 109
  "with"        shift, and go to state 19
  "while"       shift, and go to state 20
  "if"          shift, and go to state 22
  "for"         shift, and go to state 21
  "repeat"      shift, and go to state 23
  "num"         shift, and go to state 8
  "funid"       shift, and go to state 18
  "varid"       shift, and go to state 17
  "str"         shift, and go to state 11
  $default      reduce using rule 43 (Instruction)

  VarID         go to state 12
  Expression    go to state 15
  FunID         go to state 24
  Instruction   go to state 64

state 101

  36) Instruction : "while" Expression "do" Instructions _ "end"
  45) Instructions : Instructions _ Instruction ";"

  "-"           shift, and go to state 13
  "("           shift, and go to state 16
  "not"         shift, and go to state 14
  "true"        shift, and go to state 9
  "false"       shift, and go to state 10
  "end"         shift, and go to state 110
  "with"        shift, and go to state 19
  "while"       shift, and go to state 20
  "if"          shift, and go to state 22
  "for"         shift, and go to state 21
  "repeat"      shift, and go to state 23
  "num"         shift, and go to state 8
  "funid"       shift, and go to state 18
  "varid"       shift, and go to state 17
  "str"         shift, and go to state 11
  $default      reduce using rule 43 (Instruction)

  VarID         go to state 12
  Expression    go to state 15
  FunID         go to state 24
  Instruction   go to state 64

state 102

   8) Expression : Expression _ "*" Expression
   9) Expression : Expression _ "/" Expression
  10) Expression : Expression _ "div" Expression
  11) Expression : Expression _ "mod" Expression
  12) Expression : Expression _ "%" Expression
  13) Expression : Expression _ "+" Expression
  14) Expression : Expression _ "-" Expression
  15) Expression : Expression _ "==" Expression
  16) Expression : Expression _ "/=" Expression
  17) Expression : Expression _ "<=" Expression
  18) Expression : Expression _ ">=" Expression
  19) Expression : Expression _ "<" Expression
  20) Expression : Expression _ ">" Expression
  21) Expression : Expression _ "or" Expression
  22) Expression : Expression _ "and" Expression
  37) Instruction : "for" VarID "from" Expression _ "to" Expression "by" Expression "do" Instructions "end"
  38) Instruction : "for" VarID "from" Expression _ "to" Expression "do" Instructions "end"

  "=="          shift, and go to state 44
  "/="          shift, and go to state 45
  ">="          shift, and go to state 47
  "<="          shift, and go to state 46
  ">"           shift, and go to state 49
  "<"           shift, and go to state 48
  "+"           shift, and go to state 42
  "-"           shift, and go to state 43
  "*"           shift, and go to state 37
  "/"           shift, and go to state 38
  "%"           shift, and go to state 41
  "mod"         shift, and go to state 40
  "div"         shift, and go to state 39
  "and"         shift, and go to state 51
  "or"          shift, and go to state 50
  "to"          shift, and go to state 111


state 103

  39) Instruction : "if" Expression "then" Instructions _ "end"
  40) Instruction : "if" Expression "then" Instructions _ "else" Instructions "end"
  45) Instructions : Instructions _ Instruction ";"

  "-"           shift, and go to state 13
  "("           shift, and go to state 16
  "not"         shift, and go to state 14
  "true"        shift, and go to state 9
  "false"       shift, and go to state 10
  "end"         shift, and go to state 112
  "with"        shift, and go to state 19
  "while"       shift, and go to state 20
  "if"          shift, and go to state 22
  "else"        shift, and go to state 113
  "for"         shift, and go to state 21
  "repeat"      shift, and go to state 23
  "num"         shift, and go to state 8
  "funid"       shift, and go to state 18
  "varid"       shift, and go to state 17
  "str"         shift, and go to state 11
  $default      reduce using rule 43 (Instruction)

  VarID         go to state 12
  Expression    go to state 15
  FunID         go to state 24
  Instruction   go to state 64

state 104

  41) Instruction : "repeat" Expression "times" Instructions _ "end"
  45) Instructions : Instructions _ Instruction ";"

  "-"           shift, and go to state 13
  "("           shift, and go to state 16
  "not"         shift, and go to state 14
  "true"        shift, and go to state 9
  "false"       shift, and go to state 10
  "end"         shift, and go to state 114
  "with"        shift, and go to state 19
  "while"       shift, and go to state 20
  "if"          shift, and go to state 22
  "for"         shift, and go to state 21
  "repeat"      shift, and go to state 23
  "num"         shift, and go to state 8
  "funid"       shift, and go to state 18
  "varid"       shift, and go to state 17
  "str"         shift, and go to state 11
  $default      reduce using rule 43 (Instruction)

  VarID         go to state 12
  Expression    go to state 15
  FunID         go to state 24
  Instruction   go to state 64

state 105

  42) Instruction : FunID "(" Params ")" _

  $default      reduce using rule 42 (Instruction)


state 106

  50) Params : Params "," _ Statement

  "boolean"     shift, and go to state 53
  "number"      shift, and go to state 54
  $default      reduce using rule 30 (Statement)

  Datatype      go to state 55
  Statement     go to state 115

state 107

  52) Function : "func" FunID "(" Params ")" _ "->" Datatype "begin" InstructionsR "end"
  53) Function : "func" FunID "(" Params ")" _ "begin" Instructions "end"

  "->"          shift, and go to state 116
  "begin"       shift, and go to state 117


state 108

   8) Expression : Expression _ "*" Expression
   9) Expression : Expression _ "/" Expression
  10) Expression : Expression _ "div" Expression
  11) Expression : Expression _ "mod" Expression
  12) Expression : Expression _ "%" Expression
  13) Expression : Expression _ "+" Expression
  14) Expression : Expression _ "-" Expression
  15) Expression : Expression _ "==" Expression
  16) Expression : Expression _ "/=" Expression
  17) Expression : Expression _ "<=" Expression
  18) Expression : Expression _ ">=" Expression
  19) Expression : Expression _ "<" Expression
  20) Expression : Expression _ ">" Expression
  21) Expression : Expression _ "or" Expression
  22) Expression : Expression _ "and" Expression
  29) Statement : Datatype VarID "=" Expression _

  "=="          shift, and go to state 44
  "/="          shift, and go to state 45
  ">="          shift, and go to state 47
  "<="          shift, and go to state 46
  ">"           shift, and go to state 49
  "<"           shift, and go to state 48
  "+"           shift, and go to state 42
  "-"           shift, and go to state 43
  "*"           shift, and go to state 37
  "/"           shift, and go to state 38
  "%"           shift, and go to state 41
  "mod"         shift, and go to state 40
  "div"         shift, and go to state 39
  "and"         shift, and go to state 51
  "or"          shift, and go to state 50
  $default      reduce using rule 29 (Statement)


state 109

  35) Instruction : "with" Statements "do" Instructions "end" _

  $default      reduce using rule 35 (Instruction)


state 110

  36) Instruction : "while" Expression "do" Instructions "end" _

  $default      reduce using rule 36 (Instruction)


state 111

  37) Instruction : "for" VarID "from" Expression "to" _ Expression "by" Expression "do" Instructions "end"
  38) Instruction : "for" VarID "from" Expression "to" _ Expression "do" Instructions "end"

  "-"           shift, and go to state 13
  "("           shift, and go to state 16
  "not"         shift, and go to state 14
  "true"        shift, and go to state 9
  "false"       shift, and go to state 10
  "num"         shift, and go to state 8
  "varid"       shift, and go to state 17
  "str"         shift, and go to state 11

  VarID         go to state 34
  Expression    go to state 118

state 112

  39) Instruction : "if" Expression "then" Instructions "end" _

  $default      reduce using rule 39 (Instruction)


state 113

  40) Instruction : "if" Expression "then" Instructions "else" _ Instructions "end"

  "-"           shift, and go to state 13
  "("           shift, and go to state 16
  "not"         shift, and go to state 14
  "true"        shift, and go to state 9
  "false"       shift, and go to state 10
  "with"        shift, and go to state 19
  "while"       shift, and go to state 20
  "if"          shift, and go to state 22
  "for"         shift, and go to state 21
  "repeat"      shift, and go to state 23
  "num"         shift, and go to state 8
  "funid"       shift, and go to state 18
  "varid"       shift, and go to state 17
  "str"         shift, and go to state 11
  $default      reduce using rule 43 (Instruction)

  VarID         go to state 12
  Expression    go to state 15
  Instructions  go to state 119
  FunID         go to state 24
  Instruction   go to state 25

state 114

  41) Instruction : "repeat" Expression "times" Instructions "end" _

  $default      reduce using rule 41 (Instruction)


state 115

  50) Params : Params "," Statement _

  $default      reduce using rule 50 (Params)


state 116

  52) Function : "func" FunID "(" Params ")" "->" _ Datatype "begin" InstructionsR "end"

  "boolean"     shift, and go to state 53
  "number"      shift, and go to state 54

  Datatype      go to state 120

state 117

  53) Function : "func" FunID "(" Params ")" "begin" _ Instructions "end"

  "-"           shift, and go to state 13
  "("           shift, and go to state 16
  "not"         shift, and go to state 14
  "true"        shift, and go to state 9
  "false"       shift, and go to state 10
  "with"        shift, and go to state 19
  "while"       shift, and go to state 20
  "if"          shift, and go to state 22
  "for"         shift, and go to state 21
  "repeat"      shift, and go to state 23
  "num"         shift, and go to state 8
  "funid"       shift, and go to state 18
  "varid"       shift, and go to state 17
  "str"         shift, and go to state 11
  $default      reduce using rule 43 (Instruction)

  VarID         go to state 12
  Expression    go to state 15
  FunID         go to state 24
  Instruction   go to state 25
  Instructions  go to state 121

state 118

   8) Expression : Expression _ "*" Expression
   9) Expression : Expression _ "/" Expression
  10) Expression : Expression _ "div" Expression
  11) Expression : Expression _ "mod" Expression
  12) Expression : Expression _ "%" Expression
  13) Expression : Expression _ "+" Expression
  14) Expression : Expression _ "-" Expression
  15) Expression : Expression _ "==" Expression
  16) Expression : Expression _ "/=" Expression
  17) Expression : Expression _ "<=" Expression
  18) Expression : Expression _ ">=" Expression
  19) Expression : Expression _ "<" Expression
  20) Expression : Expression _ ">" Expression
  21) Expression : Expression _ "or" Expression
  22) Expression : Expression _ "and" Expression
  37) Instruction : "for" VarID "from" Expression "to" Expression _ "by" Expression "do" Instructions "end"
  38) Instruction : "for" VarID "from" Expression "to" Expression _ "do" Instructions "end"

  "=="          shift, and go to state 44
  "/="          shift, and go to state 45
  ">="          shift, and go to state 47
  "<="          shift, and go to state 46
  ">"           shift, and go to state 49
  "<"           shift, and go to state 48
  "+"           shift, and go to state 42
  "-"           shift, and go to state 43
  "*"           shift, and go to state 37
  "/"           shift, and go to state 38
  "%"           shift, and go to state 41
  "mod"         shift, and go to state 40
  "div"         shift, and go to state 39
  "and"         shift, and go to state 51
  "or"          shift, and go to state 50
  "do"          shift, and go to state 123
  "by"          shift, and go to state 122


state 119

  40) Instruction : "if" Expression "then" Instructions "else" Instructions _ "end"
  45) Instructions : Instructions _ Instruction ";"

  "-"           shift, and go to state 13
  "("           shift, and go to state 16
  "not"         shift, and go to state 14
  "true"        shift, and go to state 9
  "false"       shift, and go to state 10
  "end"         shift, and go to state 124
  "with"        shift, and go to state 19
  "while"       shift, and go to state 20
  "if"          shift, and go to state 22
  "for"         shift, and go to state 21
  "repeat"      shift, and go to state 23
  "num"         shift, and go to state 8
  "funid"       shift, and go to state 18
  "varid"       shift, and go to state 17
  "str"         shift, and go to state 11
  $default      reduce using rule 43 (Instruction)

  VarID         go to state 12
  Expression    go to state 15
  FunID         go to state 24
  Instruction   go to state 64

state 120

  52) Function : "func" FunID "(" Params ")" "->" Datatype _ "begin" InstructionsR "end"

  "begin"       shift, and go to state 125


state 121

  45) Instructions : Instructions _ Instruction ";"
  53) Function : "func" FunID "(" Params ")" "begin" Instructions _ "end"

  "-"           shift, and go to state 13
  "("           shift, and go to state 16
  "not"         shift, and go to state 14
  "true"        shift, and go to state 9
  "false"       shift, and go to state 10
  "end"         shift, and go to state 126
  "with"        shift, and go to state 19
  "while"       shift, and go to state 20
  "if"          shift, and go to state 22
  "for"         shift, and go to state 21
  "repeat"      shift, and go to state 23
  "num"         shift, and go to state 8
  "funid"       shift, and go to state 18
  "varid"       shift, and go to state 17
  "str"         shift, and go to state 11
  $default      reduce using rule 43 (Instruction)

  VarID         go to state 12
  Expression    go to state 15
  FunID         go to state 24
  Instruction   go to state 64

state 122

  37) Instruction : "for" VarID "from" Expression "to" Expression "by" _ Expression "do" Instructions "end"

  "-"           shift, and go to state 13
  "("           shift, and go to state 16
  "not"         shift, and go to state 14
  "true"        shift, and go to state 9
  "false"       shift, and go to state 10
  "num"         shift, and go to state 8
  "varid"       shift, and go to state 17
  "str"         shift, and go to state 11

  VarID         go to state 34
  Expression    go to state 127

state 123

  38) Instruction : "for" VarID "from" Expression "to" Expression "do" _ Instructions "end"

  "-"           shift, and go to state 13
  "("           shift, and go to state 16
  "not"         shift, and go to state 14
  "true"        shift, and go to state 9
  "false"       shift, and go to state 10
  "with"        shift, and go to state 19
  "while"       shift, and go to state 20
  "if"          shift, and go to state 22
  "for"         shift, and go to state 21
  "repeat"      shift, and go to state 23
  "num"         shift, and go to state 8
  "funid"       shift, and go to state 18
  "varid"       shift, and go to state 17
  "str"         shift, and go to state 11
  $default      reduce using rule 43 (Instruction)

  VarID         go to state 12
  Expression    go to state 15
  Instructions  go to state 128
  FunID         go to state 24
  Instruction   go to state 25

state 124

  40) Instruction : "if" Expression "then" Instructions "else" Instructions "end" _

  $default      reduce using rule 40 (Instruction)


state 125

  52) Function : "func" FunID "(" Params ")" "->" Datatype "begin" _ InstructionsR "end"

  "-"           shift, and go to state 13
  "("           shift, and go to state 16
  "not"         shift, and go to state 14
  "true"        shift, and go to state 9
  "false"       shift, and go to state 10
  "with"        shift, and go to state 19
  "while"       shift, and go to state 20
  "if"          shift, and go to state 22
  "for"         shift, and go to state 21
  "repeat"      shift, and go to state 23
  "return"      shift, and go to state 130
  "num"         shift, and go to state 8
  "funid"       shift, and go to state 18
  "varid"       shift, and go to state 17
  "str"         shift, and go to state 11
  $default      reduce using rule 43 (Instruction)

  VarID         go to state 12
  Expression    go to state 15
  FunID         go to state 24
  Instruction   go to state 129
  InstructionsR  go to state 131

state 126

  53) Function : "func" FunID "(" Params ")" "begin" Instructions "end" _

  $default      reduce using rule 53 (Function)


state 127

   8) Expression : Expression _ "*" Expression
   9) Expression : Expression _ "/" Expression
  10) Expression : Expression _ "div" Expression
  11) Expression : Expression _ "mod" Expression
  12) Expression : Expression _ "%" Expression
  13) Expression : Expression _ "+" Expression
  14) Expression : Expression _ "-" Expression
  15) Expression : Expression _ "==" Expression
  16) Expression : Expression _ "/=" Expression
  17) Expression : Expression _ "<=" Expression
  18) Expression : Expression _ ">=" Expression
  19) Expression : Expression _ "<" Expression
  20) Expression : Expression _ ">" Expression
  21) Expression : Expression _ "or" Expression
  22) Expression : Expression _ "and" Expression
  37) Instruction : "for" VarID "from" Expression "to" Expression "by" Expression _ "do" Instructions "end"

  "=="          shift, and go to state 44
  "/="          shift, and go to state 45
  ">="          shift, and go to state 47
  "<="          shift, and go to state 46
  ">"           shift, and go to state 49
  "<"           shift, and go to state 48
  "+"           shift, and go to state 42
  "-"           shift, and go to state 43
  "*"           shift, and go to state 37
  "/"           shift, and go to state 38
  "%"           shift, and go to state 41
  "mod"         shift, and go to state 40
  "div"         shift, and go to state 39
  "and"         shift, and go to state 51
  "or"          shift, and go to state 50
  "do"          shift, and go to state 132


state 128

  38) Instruction : "for" VarID "from" Expression "to" Expression "do" Instructions _ "end"
  45) Instructions : Instructions _ Instruction ";"

  "-"           shift, and go to state 13
  "("           shift, and go to state 16
  "not"         shift, and go to state 14
  "true"        shift, and go to state 9
  "false"       shift, and go to state 10
  "end"         shift, and go to state 133
  "with"        shift, and go to state 19
  "while"       shift, and go to state 20
  "if"          shift, and go to state 22
  "for"         shift, and go to state 21
  "repeat"      shift, and go to state 23
  "num"         shift, and go to state 8
  "funid"       shift, and go to state 18
  "varid"       shift, and go to state 17
  "str"         shift, and go to state 11
  $default      reduce using rule 43 (Instruction)

  VarID         go to state 12
  Expression    go to state 15
  FunID         go to state 24
  Instruction   go to state 64

state 129

  46) InstructionsR : Instruction _ ";"

  ";"           shift, and go to state 134


state 130

  47) InstructionsR : "return" _ Expression ";"

  "-"           shift, and go to state 13
  "("           shift, and go to state 16
  "not"         shift, and go to state 14
  "true"        shift, and go to state 9
  "false"       shift, and go to state 10
  "num"         shift, and go to state 8
  "varid"       shift, and go to state 17
  "str"         shift, and go to state 11

  VarID         go to state 34
  Expression    go to state 135

state 131

  48) InstructionsR : InstructionsR _ Instruction ";"
  52) Function : "func" FunID "(" Params ")" "->" Datatype "begin" InstructionsR _ "end"

  "-"           shift, and go to state 13
  "("           shift, and go to state 16
  "not"         shift, and go to state 14
  "true"        shift, and go to state 9
  "false"       shift, and go to state 10
  "end"         shift, and go to state 137
  "with"        shift, and go to state 19
  "while"       shift, and go to state 20
  "if"          shift, and go to state 22
  "for"         shift, and go to state 21
  "repeat"      shift, and go to state 23
  "num"         shift, and go to state 8
  "funid"       shift, and go to state 18
  "varid"       shift, and go to state 17
  "str"         shift, and go to state 11
  $default      reduce using rule 43 (Instruction)

  VarID         go to state 12
  Expression    go to state 15
  FunID         go to state 24
  Instruction   go to state 136

state 132

  37) Instruction : "for" VarID "from" Expression "to" Expression "by" Expression "do" _ Instructions "end"

  "-"           shift, and go to state 13
  "("           shift, and go to state 16
  "not"         shift, and go to state 14
  "true"        shift, and go to state 9
  "false"       shift, and go to state 10
  "with"        shift, and go to state 19
  "while"       shift, and go to state 20
  "if"          shift, and go to state 22
  "for"         shift, and go to state 21
  "repeat"      shift, and go to state 23
  "num"         shift, and go to state 8
  "funid"       shift, and go to state 18
  "varid"       shift, and go to state 17
  "str"         shift, and go to state 11
  $default      reduce using rule 43 (Instruction)

  VarID         go to state 12
  Expression    go to state 15
  Instructions  go to state 138
  FunID         go to state 24
  Instruction   go to state 25

state 133

  38) Instruction : "for" VarID "from" Expression "to" Expression "do" Instructions "end" _

  $default      reduce using rule 38 (Instruction)


state 134

  46) InstructionsR : Instruction ";" _

  $default      reduce using rule 46 (InstructionsR)


state 135

   8) Expression : Expression _ "*" Expression
   9) Expression : Expression _ "/" Expression
  10) Expression : Expression _ "div" Expression
  11) Expression : Expression _ "mod" Expression
  12) Expression : Expression _ "%" Expression
  13) Expression : Expression _ "+" Expression
  14) Expression : Expression _ "-" Expression
  15) Expression : Expression _ "==" Expression
  16) Expression : Expression _ "/=" Expression
  17) Expression : Expression _ "<=" Expression
  18) Expression : Expression _ ">=" Expression
  19) Expression : Expression _ "<" Expression
  20) Expression : Expression _ ">" Expression
  21) Expression : Expression _ "or" Expression
  22) Expression : Expression _ "and" Expression
  47) InstructionsR : "return" Expression _ ";"

  "=="          shift, and go to state 44
  "/="          shift, and go to state 45
  ">="          shift, and go to state 47
  "<="          shift, and go to state 46
  ">"           shift, and go to state 49
  "<"           shift, and go to state 48
  "+"           shift, and go to state 42
  "-"           shift, and go to state 43
  "*"           shift, and go to state 37
  "/"           shift, and go to state 38
  "%"           shift, and go to state 41
  "mod"         shift, and go to state 40
  "div"         shift, and go to state 39
  ";"           shift, and go to state 139
  "and"         shift, and go to state 51
  "or"          shift, and go to state 50


state 136

  48) InstructionsR : InstructionsR Instruction _ ";"

  ";"           shift, and go to state 140


state 137

  52) Function : "func" FunID "(" Params ")" "->" Datatype "begin" InstructionsR "end" _

  $default      reduce using rule 52 (Function)


state 138

  37) Instruction : "for" VarID "from" Expression "to" Expression "by" Expression "do" Instructions _ "end"
  45) Instructions : Instructions _ Instruction ";"

  "-"           shift, and go to state 13
  "("           shift, and go to state 16
  "not"         shift, and go to state 14
  "true"        shift, and go to state 9
  "false"       shift, and go to state 10
  "end"         shift, and go to state 141
  "with"        shift, and go to state 19
  "while"       shift, and go to state 20
  "if"          shift, and go to state 22
  "for"         shift, and go to state 21
  "repeat"      shift, and go to state 23
  "num"         shift, and go to state 8
  "funid"       shift, and go to state 18
  "varid"       shift, and go to state 17
  "str"         shift, and go to state 11
  $default      reduce using rule 43 (Instruction)

  VarID         go to state 12
  Expression    go to state 15
  FunID         go to state 24
  Instruction   go to state 64

state 139

  47) InstructionsR : "return" Expression ";" _

  $default      reduce using rule 47 (InstructionsR)


state 140

  48) InstructionsR : InstructionsR Instruction ";" _

  $default      reduce using rule 48 (InstructionsR)


state 141

  37) Instruction : "for" VarID "from" Expression "to" Expression "by" Expression "do" Instructions "end" _

  $default      reduce using rule 37 (Instruction)

