

-------- Grammar --------

rule 1 Expression: "num"
rule 2 Expression: "true"
rule 3 Expression: "false"
rule 4 Expression: "str"
rule 5 Expression: VarID
rule 6 Expression: FunID
rule 7 Expression: FunID "(" Expressions ")"
rule 8 Expression: FunID "(" ")"
rule 9 Expression: "(" Expression ")"
rule 10 Expression: "-" Expression
rule 11 Expression: "not" Expression
rule 12 Expression: Expression "*" Expression
rule 13 Expression: Expression "/" Expression
rule 14 Expression: Expression "div" Expression
rule 15 Expression: Expression "mod" Expression
rule 16 Expression: Expression "%" Expression
rule 17 Expression: Expression "+" Expression
rule 18 Expression: Expression "-" Expression
rule 19 Expression: Expression "==" Expression
rule 20 Expression: Expression "/=" Expression
rule 21 Expression: Expression "<=" Expression
rule 22 Expression: Expression ">=" Expression
rule 23 Expression: Expression "<" Expression
rule 24 Expression: Expression ">" Expression
rule 25 Expression: Expression "or" Expression
rule 26 Expression: Expression "and" Expression
rule 27 Expressions: Expression
rule 28 Expressions: Expressions "," Expression
rule 29 VarID: "varid"
rule 30 FunID: "funid"
rule 31 Datatype: "boolean"
rule 32 Datatype: "number"
rule 33 VarIDs: VarID
rule 34 VarIDs: VarIDs "," VarID
rule 35 Statement: Datatype VarIDs
rule 36 Statement: Datatype VarID "=" Expression
rule 37 Statement: 
rule 38 Statements: Statement ";"
rule 39 Statements: Statements Statement ";"
rule 40 Instruction: 
rule 41 Instruction: VarID "=" Expression
rule 42 Instruction: "with" Statements "do" Instructions "end"
rule 43 Instruction: "with" Statements "do" "end"
rule 44 Instruction: "with" "do" Instructions "end"
rule 45 Instruction: "with" "do" "end"
rule 46 Instruction: "while" Expression "do" Instructions "end"
rule 47 Instruction: "for" VarID "from" Expression "to" Expression "by" Expression "do" Instructions "end"
rule 48 Instruction: "for" VarID "from" Expression "to" Expression "by" Expression "do" "end"
rule 49 Instruction: "for" VarID "from" Expression "to" Expression "do" Instructions "end"
rule 50 Instruction: "for" VarID "from" Expression "to" Expression "do" "end"
rule 51 Instruction: "if" Expression "then" Instructions "end"
rule 52 Instruction: "if" Expression "then" "end"
rule 53 Instruction: "if" Expression "then" Instructions "else" Instructions "end"
rule 54 Instruction: "if" Expression "then" Instructions "else" "end"
rule 55 Instruction: "if" Expression "then" "else" Instructions "end"
rule 56 Instruction: "if" Expression "then" "else" "end"
rule 57 Instruction: "repeat" Expression "times" Instructions "end"
rule 58 Instruction: "repeat" Expression "times" "end"
rule 59 Instruction: "read" VarID
rule 60 Instruction: "write" Expressions
rule 61 Instruction: "writeln" Expressions
rule 62 Instruction: "return" Expression
rule 63 Instruction: FunID "(" Expressions ")"
rule 64 Instruction: FunID "(" ")"
rule 65 Instructions: Instruction ";"
rule 66 Instructions: Instructions Instruction ";"
rule 67 Params: Datatype VarID
rule 68 Params: Params "," Datatype VarID
rule 69 Program: "program" Instructions "end"
rule 70 Program: "program" "end"
rule 71 BeginEnd: "begin" Instructions "end"
rule 72 BeginEnd: "begin" "end"
rule 73 Function: "func" FunID "(" Params ")" "->" Datatype BeginEnd
rule 74 Function: "func" FunID "(" ")" "->" Datatype BeginEnd
rule 75 Function: "func" FunID "(" Params ")" BeginEnd
rule 76 Function: "func" FunID "(" ")" BeginEnd
rule 77 Functions: Function ";"
rule 78 Functions: Functions Function ";"
rule 79 Retina: Program ";"
rule 80 Retina: Functions Program ";"

------- Symbols -------

**Nonterminals, with rules where they appear

  $start (54)
    on right: 
    on left : 
  Retina (55)
    on right: 
    on left : 79 80
  Expression (56)
    on right: 9 10 11 12 13 14 15 16 17 18 19 20 21 22 23 24 25 26 27 28 36 41 46 47 48 49 50 51 52 53 54 55 56 57 58 62
    on left : 1 2 3 4 5 6 7 8 9 10 11 12 13 14 15 16 17 18 19 20 21 22 23 24 25 26
  VarID (57)
    on right: 5 33 34 36 41 47 48 49 50 59 67 68
    on left : 29
  FunID (58)
    on right: 6 7 8 63 64 73 74 75 76
    on left : 30
  Expressions (59)
    on right: 7 28 60 61 63
    on left : 27 28
  Datatype (60)
    on right: 35 36 67 68 73 74
    on left : 31 32
  VarIDs (61)
    on right: 34 35
    on left : 33 34
  Statement (62)
    on right: 38 39
    on left : 35 36 37
  Statements (63)
    on right: 39 42 43
    on left : 38 39
  Instruction (64)
    on right: 65 66
    on left : 40 41 42 43 44 45 46 47 48 49 50 51 52 53 54 55 56 57 58 59 60 61 62 63 64
  Instructions (65)
    on right: 42 44 46 47 49 51 53 54 55 57 66 69 71
    on left : 65 66
  Params (66)
    on right: 68 73 75
    on left : 67 68
  Program (67)
    on right: 79 80
    on left : 69 70
  BeginEnd (68)
    on right: 73 74 75 76
    on left : 71 72
  Function (69)
    on right: 77 78
    on left : 73 74 75 76
  Functions (70)
    on right: 78 80
    on left : 77 78

**Terminals, with rules where they appear

  $end (0) 
  error (1) 
  "==" (2) 19
  "/=" (3) 20
  ">=" (4) 22
  "<=" (5) 21
  ">" (6) 24
  "<" (7) 23
  "->" (8) 73 74
  "+" (9) 17
  "-" (10) 10 18
  "*" (11) 12
  "/" (12) 13
  "%" (13) 16
  "mod" (14) 15
  "div" (15) 14
  "=" (16) 36 41
  "(" (17) 7 8 9 63 64 73 74 75 76
  ")" (18) 7 8 9 63 64 73 74 75 76
  ";" (19) 38 39 65 66 77 78 79 80
  "," (20) 28 34 68
  "not" (21) 11
  "and" (22) 26
  "or" (23) 25
  "true" (24) 2
  "false" (25) 3
  "program" (26) 69 70
  "end" (27) 42 43 44 45 46 47 48 49 50 51 52 53 54 55 56 57 58 69 70 71 72
  "with" (28) 42 43 44 45
  "do" (29) 42 43 44 45 46 47 48 49 50
  "while" (30) 46
  "if" (31) 51 52 53 54 55 56
  "then" (32) 51 52 53 54 55 56
  "else" (33) 53 54 55 56
  "for" (34) 47 48 49 50
  "from" (35) 47 48 49 50
  "by" (36) 47 48
  "to" (37) 47 48 49 50
  "repeat" (38) 57 58
  "times" (39) 57 58
  "func" (40) 73 74 75 76
  "begin" (41) 71 72
  "return" (42) 62
  "boolean" (43) 31
  "number" (44) 32
  "read" (45) 59
  "write" (46) 60
  "writeln" (47) 61
  "num" (48) 1
  "funid" (49) 30
  "varid" (50) 29
  "str" (51) 4
  UMINUS (52) 
  noassoc (53) 

--------- State ---------

state 0


  "program"     shift, and go to state 2
  "func"        shift, and go to state 3

  Retina        go to state 1
  Function      go to state 4
  Functions     go to state 5
  Program       go to state 6

state 1


  $end          shift, and go to state 7


state 2

  69) Program : "program" _ Instructions "end"
  70) Program : "program" _ "end"

  "end"         shift, and go to state 23
  "with"        shift, and go to state 11
  "while"       shift, and go to state 12
  "if"          shift, and go to state 14
  "for"         shift, and go to state 13
  "repeat"      shift, and go to state 15
  "return"      shift, and go to state 19
  "read"        shift, and go to state 16
  "write"       shift, and go to state 17
  "writeln"     shift, and go to state 18
  "funid"       shift, and go to state 9
  "varid"       shift, and go to state 8
  $default      reduce using rule 40 (Instruction)

  VarID         go to state 10
  FunID         go to state 20
  Instruction   go to state 21
  Instructions  go to state 22

state 3

  73) Function : "func" _ FunID "(" Params ")" "->" Datatype BeginEnd
  74) Function : "func" _ FunID "(" ")" "->" Datatype BeginEnd
  75) Function : "func" _ FunID "(" Params ")" BeginEnd
  76) Function : "func" _ FunID "(" ")" BeginEnd

  "funid"       shift, and go to state 9

  FunID         go to state 24

state 4

  77) Functions : Function _ ";"

  ";"           shift, and go to state 25


state 5

  78) Functions : Functions _ Function ";"
  80) Retina : Functions _ Program ";"

  "program"     shift, and go to state 2
  "func"        shift, and go to state 3

  Function      go to state 26
  Program       go to state 27

state 6

  79) Retina : Program _ ";"

  ";"           shift, and go to state 28


state 7


  $end          shift, and go to state 29


state 8

  29) VarID : "varid" _

  $default      reduce using rule 29 (VarID)


state 9

  30) FunID : "funid" _

  $default      reduce using rule 30 (FunID)


state 10

  41) Instruction : VarID _ "=" Expression

  "="           shift, and go to state 30


state 11

  42) Instruction : "with" _ Statements "do" Instructions "end"
  43) Instruction : "with" _ Statements "do" "end"
  44) Instruction : "with" _ "do" Instructions "end"
  45) Instruction : "with" _ "do" "end"

  "do"          shift, and go to state 36
  "boolean"     shift, and go to state 31
  "number"      shift, and go to state 32
  $default      reduce using rule 37 (Statement)

  Datatype      go to state 33
  Statement     go to state 34
  Statements    go to state 35

state 12

  46) Instruction : "while" _ Expression "do" Instructions "end"

  "-"           shift, and go to state 44
  "("           shift, and go to state 43
  "not"         shift, and go to state 45
  "true"        shift, and go to state 38
  "false"       shift, and go to state 39
  "num"         shift, and go to state 37
  "funid"       shift, and go to state 9
  "varid"       shift, and go to state 8
  "str"         shift, and go to state 40

  VarID         go to state 41
  FunID         go to state 42
  Expression    go to state 46

state 13

  47) Instruction : "for" _ VarID "from" Expression "to" Expression "by" Expression "do" Instructions "end"
  48) Instruction : "for" _ VarID "from" Expression "to" Expression "by" Expression "do" "end"
  49) Instruction : "for" _ VarID "from" Expression "to" Expression "do" Instructions "end"
  50) Instruction : "for" _ VarID "from" Expression "to" Expression "do" "end"

  "varid"       shift, and go to state 8

  VarID         go to state 47

state 14

  51) Instruction : "if" _ Expression "then" Instructions "end"
  52) Instruction : "if" _ Expression "then" "end"
  53) Instruction : "if" _ Expression "then" Instructions "else" Instructions "end"
  54) Instruction : "if" _ Expression "then" Instructions "else" "end"
  55) Instruction : "if" _ Expression "then" "else" Instructions "end"
  56) Instruction : "if" _ Expression "then" "else" "end"

  "-"           shift, and go to state 44
  "("           shift, and go to state 43
  "not"         shift, and go to state 45
  "true"        shift, and go to state 38
  "false"       shift, and go to state 39
  "num"         shift, and go to state 37
  "funid"       shift, and go to state 9
  "varid"       shift, and go to state 8
  "str"         shift, and go to state 40

  VarID         go to state 41
  FunID         go to state 42
  Expression    go to state 48

state 15

  57) Instruction : "repeat" _ Expression "times" Instructions "end"
  58) Instruction : "repeat" _ Expression "times" "end"

  "-"           shift, and go to state 44
  "("           shift, and go to state 43
  "not"         shift, and go to state 45
  "true"        shift, and go to state 38
  "false"       shift, and go to state 39
  "num"         shift, and go to state 37
  "funid"       shift, and go to state 9
  "varid"       shift, and go to state 8
  "str"         shift, and go to state 40

  VarID         go to state 41
  FunID         go to state 42
  Expression    go to state 49

state 16

  59) Instruction : "read" _ VarID

  "varid"       shift, and go to state 8

  VarID         go to state 50

state 17

  60) Instruction : "write" _ Expressions

  "-"           shift, and go to state 44
  "("           shift, and go to state 43
  "not"         shift, and go to state 45
  "true"        shift, and go to state 38
  "false"       shift, and go to state 39
  "num"         shift, and go to state 37
  "funid"       shift, and go to state 9
  "varid"       shift, and go to state 8
  "str"         shift, and go to state 40

  VarID         go to state 41
  FunID         go to state 42
  Expression    go to state 51
  Expressions   go to state 52

state 18

  61) Instruction : "writeln" _ Expressions

  "-"           shift, and go to state 44
  "("           shift, and go to state 43
  "not"         shift, and go to state 45
  "true"        shift, and go to state 38
  "false"       shift, and go to state 39
  "num"         shift, and go to state 37
  "funid"       shift, and go to state 9
  "varid"       shift, and go to state 8
  "str"         shift, and go to state 40

  VarID         go to state 41
  FunID         go to state 42
  Expression    go to state 51
  Expressions   go to state 53

state 19

  62) Instruction : "return" _ Expression

  "-"           shift, and go to state 44
  "("           shift, and go to state 43
  "not"         shift, and go to state 45
  "true"        shift, and go to state 38
  "false"       shift, and go to state 39
  "num"         shift, and go to state 37
  "funid"       shift, and go to state 9
  "varid"       shift, and go to state 8
  "str"         shift, and go to state 40

  VarID         go to state 41
  FunID         go to state 42
  Expression    go to state 54

state 20

  63) Instruction : FunID _ "(" Expressions ")"
  64) Instruction : FunID _ "(" ")"

  "("           shift, and go to state 55


state 21

  65) Instructions : Instruction _ ";"

  ";"           shift, and go to state 56


state 22

  66) Instructions : Instructions _ Instruction ";"
  69) Program : "program" Instructions _ "end"

  "end"         shift, and go to state 58
  "with"        shift, and go to state 11
  "while"       shift, and go to state 12
  "if"          shift, and go to state 14
  "for"         shift, and go to state 13
  "repeat"      shift, and go to state 15
  "return"      shift, and go to state 19
  "read"        shift, and go to state 16
  "write"       shift, and go to state 17
  "writeln"     shift, and go to state 18
  "funid"       shift, and go to state 9
  "varid"       shift, and go to state 8
  $default      reduce using rule 40 (Instruction)

  VarID         go to state 10
  FunID         go to state 20
  Instruction   go to state 57

state 23

  70) Program : "program" "end" _

  $default      reduce using rule 70 (Program)


state 24

  73) Function : "func" FunID _ "(" Params ")" "->" Datatype BeginEnd
  74) Function : "func" FunID _ "(" ")" "->" Datatype BeginEnd
  75) Function : "func" FunID _ "(" Params ")" BeginEnd
  76) Function : "func" FunID _ "(" ")" BeginEnd

  "("           shift, and go to state 59


state 25

  77) Functions : Function ";" _

  $default      reduce using rule 77 (Functions)


state 26

  78) Functions : Functions Function _ ";"

  ";"           shift, and go to state 60


state 27

  80) Retina : Functions Program _ ";"

  ";"           shift, and go to state 61


state 28

  79) Retina : Program ";" _

  $default      reduce using rule 79 (Retina)


state 29


  $default      accept


state 30

  41) Instruction : VarID "=" _ Expression

  "-"           shift, and go to state 44
  "("           shift, and go to state 43
  "not"         shift, and go to state 45
  "true"        shift, and go to state 38
  "false"       shift, and go to state 39
  "num"         shift, and go to state 37
  "funid"       shift, and go to state 9
  "varid"       shift, and go to state 8
  "str"         shift, and go to state 40

  VarID         go to state 41
  FunID         go to state 42
  Expression    go to state 62

state 31

  31) Datatype : "boolean" _

  $default      reduce using rule 31 (Datatype)


state 32

  32) Datatype : "number" _

  $default      reduce using rule 32 (Datatype)


state 33

  35) Statement : Datatype _ VarIDs
  36) Statement : Datatype _ VarID "=" Expression

  "varid"       shift, and go to state 8

  VarID         go to state 63
  VarIDs        go to state 64

state 34

  38) Statements : Statement _ ";"

  ";"           shift, and go to state 65


state 35

  39) Statements : Statements _ Statement ";"
  42) Instruction : "with" Statements _ "do" Instructions "end"
  43) Instruction : "with" Statements _ "do" "end"

  "do"          shift, and go to state 67
  "boolean"     shift, and go to state 31
  "number"      shift, and go to state 32
  $default      reduce using rule 37 (Statement)

  Datatype      go to state 33
  Statement     go to state 66

state 36

  44) Instruction : "with" "do" _ Instructions "end"
  45) Instruction : "with" "do" _ "end"

  "end"         shift, and go to state 69
  "with"        shift, and go to state 11
  "while"       shift, and go to state 12
  "if"          shift, and go to state 14
  "for"         shift, and go to state 13
  "repeat"      shift, and go to state 15
  "return"      shift, and go to state 19
  "read"        shift, and go to state 16
  "write"       shift, and go to state 17
  "writeln"     shift, and go to state 18
  "funid"       shift, and go to state 9
  "varid"       shift, and go to state 8
  $default      reduce using rule 40 (Instruction)

  VarID         go to state 10
  Instructions  go to state 68
  FunID         go to state 20
  Instruction   go to state 21

state 37

   1) Expression : "num" _

  $default      reduce using rule 1 (Expression)


state 38

   2) Expression : "true" _

  $default      reduce using rule 2 (Expression)


state 39

   3) Expression : "false" _

  $default      reduce using rule 3 (Expression)


state 40

   4) Expression : "str" _

  $default      reduce using rule 4 (Expression)


state 41

   5) Expression : VarID _

  $default      reduce using rule 5 (Expression)


state 42

   6) Expression : FunID _
   7) Expression : FunID _ "(" Expressions ")"
   8) Expression : FunID _ "(" ")"

  "("           shift, and go to state 70
  $default      reduce using rule 6 (Expression)


state 43

   9) Expression : "(" _ Expression ")"

  "-"           shift, and go to state 44
  "("           shift, and go to state 43
  "not"         shift, and go to state 45
  "true"        shift, and go to state 38
  "false"       shift, and go to state 39
  "num"         shift, and go to state 37
  "funid"       shift, and go to state 9
  "varid"       shift, and go to state 8
  "str"         shift, and go to state 40

  VarID         go to state 41
  FunID         go to state 42
  Expression    go to state 71

state 44

  10) Expression : "-" _ Expression

  "-"           shift, and go to state 44
  "("           shift, and go to state 43
  "not"         shift, and go to state 45
  "true"        shift, and go to state 38
  "false"       shift, and go to state 39
  "num"         shift, and go to state 37
  "funid"       shift, and go to state 9
  "varid"       shift, and go to state 8
  "str"         shift, and go to state 40

  VarID         go to state 41
  FunID         go to state 42
  Expression    go to state 72

state 45

  11) Expression : "not" _ Expression

  "-"           shift, and go to state 44
  "("           shift, and go to state 43
  "not"         shift, and go to state 45
  "true"        shift, and go to state 38
  "false"       shift, and go to state 39
  "num"         shift, and go to state 37
  "funid"       shift, and go to state 9
  "varid"       shift, and go to state 8
  "str"         shift, and go to state 40

  VarID         go to state 41
  FunID         go to state 42
  Expression    go to state 73

state 46

  12) Expression : Expression _ "*" Expression
  13) Expression : Expression _ "/" Expression
  14) Expression : Expression _ "div" Expression
  15) Expression : Expression _ "mod" Expression
  16) Expression : Expression _ "%" Expression
  17) Expression : Expression _ "+" Expression
  18) Expression : Expression _ "-" Expression
  19) Expression : Expression _ "==" Expression
  20) Expression : Expression _ "/=" Expression
  21) Expression : Expression _ "<=" Expression
  22) Expression : Expression _ ">=" Expression
  23) Expression : Expression _ "<" Expression
  24) Expression : Expression _ ">" Expression
  25) Expression : Expression _ "or" Expression
  26) Expression : Expression _ "and" Expression
  46) Instruction : "while" Expression _ "do" Instructions "end"

  "=="          shift, and go to state 81
  "/="          shift, and go to state 82
  ">="          shift, and go to state 84
  "<="          shift, and go to state 83
  ">"           shift, and go to state 86
  "<"           shift, and go to state 85
  "+"           shift, and go to state 79
  "-"           shift, and go to state 80
  "*"           shift, and go to state 74
  "/"           shift, and go to state 75
  "%"           shift, and go to state 78
  "mod"         shift, and go to state 77
  "div"         shift, and go to state 76
  "and"         shift, and go to state 88
  "or"          shift, and go to state 87
  "do"          shift, and go to state 89


state 47

  47) Instruction : "for" VarID _ "from" Expression "to" Expression "by" Expression "do" Instructions "end"
  48) Instruction : "for" VarID _ "from" Expression "to" Expression "by" Expression "do" "end"
  49) Instruction : "for" VarID _ "from" Expression "to" Expression "do" Instructions "end"
  50) Instruction : "for" VarID _ "from" Expression "to" Expression "do" "end"

  "from"        shift, and go to state 90


state 48

  12) Expression : Expression _ "*" Expression
  13) Expression : Expression _ "/" Expression
  14) Expression : Expression _ "div" Expression
  15) Expression : Expression _ "mod" Expression
  16) Expression : Expression _ "%" Expression
  17) Expression : Expression _ "+" Expression
  18) Expression : Expression _ "-" Expression
  19) Expression : Expression _ "==" Expression
  20) Expression : Expression _ "/=" Expression
  21) Expression : Expression _ "<=" Expression
  22) Expression : Expression _ ">=" Expression
  23) Expression : Expression _ "<" Expression
  24) Expression : Expression _ ">" Expression
  25) Expression : Expression _ "or" Expression
  26) Expression : Expression _ "and" Expression
  51) Instruction : "if" Expression _ "then" Instructions "end"
  52) Instruction : "if" Expression _ "then" "end"
  53) Instruction : "if" Expression _ "then" Instructions "else" Instructions "end"
  54) Instruction : "if" Expression _ "then" Instructions "else" "end"
  55) Instruction : "if" Expression _ "then" "else" Instructions "end"
  56) Instruction : "if" Expression _ "then" "else" "end"

  "=="          shift, and go to state 81
  "/="          shift, and go to state 82
  ">="          shift, and go to state 84
  "<="          shift, and go to state 83
  ">"           shift, and go to state 86
  "<"           shift, and go to state 85
  "+"           shift, and go to state 79
  "-"           shift, and go to state 80
  "*"           shift, and go to state 74
  "/"           shift, and go to state 75
  "%"           shift, and go to state 78
  "mod"         shift, and go to state 77
  "div"         shift, and go to state 76
  "and"         shift, and go to state 88
  "or"          shift, and go to state 87
  "then"        shift, and go to state 91


state 49

  12) Expression : Expression _ "*" Expression
  13) Expression : Expression _ "/" Expression
  14) Expression : Expression _ "div" Expression
  15) Expression : Expression _ "mod" Expression
  16) Expression : Expression _ "%" Expression
  17) Expression : Expression _ "+" Expression
  18) Expression : Expression _ "-" Expression
  19) Expression : Expression _ "==" Expression
  20) Expression : Expression _ "/=" Expression
  21) Expression : Expression _ "<=" Expression
  22) Expression : Expression _ ">=" Expression
  23) Expression : Expression _ "<" Expression
  24) Expression : Expression _ ">" Expression
  25) Expression : Expression _ "or" Expression
  26) Expression : Expression _ "and" Expression
  57) Instruction : "repeat" Expression _ "times" Instructions "end"
  58) Instruction : "repeat" Expression _ "times" "end"

  "=="          shift, and go to state 81
  "/="          shift, and go to state 82
  ">="          shift, and go to state 84
  "<="          shift, and go to state 83
  ">"           shift, and go to state 86
  "<"           shift, and go to state 85
  "+"           shift, and go to state 79
  "-"           shift, and go to state 80
  "*"           shift, and go to state 74
  "/"           shift, and go to state 75
  "%"           shift, and go to state 78
  "mod"         shift, and go to state 77
  "div"         shift, and go to state 76
  "and"         shift, and go to state 88
  "or"          shift, and go to state 87
  "times"       shift, and go to state 92


state 50

  59) Instruction : "read" VarID _

  $default      reduce using rule 59 (Instruction)


state 51

  12) Expression : Expression _ "*" Expression
  13) Expression : Expression _ "/" Expression
  14) Expression : Expression _ "div" Expression
  15) Expression : Expression _ "mod" Expression
  16) Expression : Expression _ "%" Expression
  17) Expression : Expression _ "+" Expression
  18) Expression : Expression _ "-" Expression
  19) Expression : Expression _ "==" Expression
  20) Expression : Expression _ "/=" Expression
  21) Expression : Expression _ "<=" Expression
  22) Expression : Expression _ ">=" Expression
  23) Expression : Expression _ "<" Expression
  24) Expression : Expression _ ">" Expression
  25) Expression : Expression _ "or" Expression
  26) Expression : Expression _ "and" Expression
  27) Expressions : Expression _

  "=="          shift, and go to state 81
  "/="          shift, and go to state 82
  ">="          shift, and go to state 84
  "<="          shift, and go to state 83
  ">"           shift, and go to state 86
  "<"           shift, and go to state 85
  "+"           shift, and go to state 79
  "-"           shift, and go to state 80
  "*"           shift, and go to state 74
  "/"           shift, and go to state 75
  "%"           shift, and go to state 78
  "mod"         shift, and go to state 77
  "div"         shift, and go to state 76
  "and"         shift, and go to state 88
  "or"          shift, and go to state 87
  $default      reduce using rule 27 (Expressions)


state 52

  28) Expressions : Expressions _ "," Expression
  60) Instruction : "write" Expressions _

  ","           shift, and go to state 93
  $default      reduce using rule 60 (Instruction)


state 53

  28) Expressions : Expressions _ "," Expression
  61) Instruction : "writeln" Expressions _

  ","           shift, and go to state 93
  $default      reduce using rule 61 (Instruction)


state 54

  12) Expression : Expression _ "*" Expression
  13) Expression : Expression _ "/" Expression
  14) Expression : Expression _ "div" Expression
  15) Expression : Expression _ "mod" Expression
  16) Expression : Expression _ "%" Expression
  17) Expression : Expression _ "+" Expression
  18) Expression : Expression _ "-" Expression
  19) Expression : Expression _ "==" Expression
  20) Expression : Expression _ "/=" Expression
  21) Expression : Expression _ "<=" Expression
  22) Expression : Expression _ ">=" Expression
  23) Expression : Expression _ "<" Expression
  24) Expression : Expression _ ">" Expression
  25) Expression : Expression _ "or" Expression
  26) Expression : Expression _ "and" Expression
  62) Instruction : "return" Expression _

  "=="          shift, and go to state 81
  "/="          shift, and go to state 82
  ">="          shift, and go to state 84
  "<="          shift, and go to state 83
  ">"           shift, and go to state 86
  "<"           shift, and go to state 85
  "+"           shift, and go to state 79
  "-"           shift, and go to state 80
  "*"           shift, and go to state 74
  "/"           shift, and go to state 75
  "%"           shift, and go to state 78
  "mod"         shift, and go to state 77
  "div"         shift, and go to state 76
  "and"         shift, and go to state 88
  "or"          shift, and go to state 87
  $default      reduce using rule 62 (Instruction)


state 55

  63) Instruction : FunID "(" _ Expressions ")"
  64) Instruction : FunID "(" _ ")"

  "-"           shift, and go to state 44
  "("           shift, and go to state 43
  ")"           shift, and go to state 95
  "not"         shift, and go to state 45
  "true"        shift, and go to state 38
  "false"       shift, and go to state 39
  "num"         shift, and go to state 37
  "funid"       shift, and go to state 9
  "varid"       shift, and go to state 8
  "str"         shift, and go to state 40

  VarID         go to state 41
  FunID         go to state 42
  Expression    go to state 51
  Expressions   go to state 94

state 56

  65) Instructions : Instruction ";" _

  $default      reduce using rule 65 (Instructions)


state 57

  66) Instructions : Instructions Instruction _ ";"

  ";"           shift, and go to state 96


state 58

  69) Program : "program" Instructions "end" _

  $default      reduce using rule 69 (Program)


state 59

  73) Function : "func" FunID "(" _ Params ")" "->" Datatype BeginEnd
  74) Function : "func" FunID "(" _ ")" "->" Datatype BeginEnd
  75) Function : "func" FunID "(" _ Params ")" BeginEnd
  76) Function : "func" FunID "(" _ ")" BeginEnd

  ")"           shift, and go to state 99
  "boolean"     shift, and go to state 31
  "number"      shift, and go to state 32

  Datatype      go to state 97
  Params        go to state 98

state 60

  78) Functions : Functions Function ";" _

  $default      reduce using rule 78 (Functions)


state 61

  80) Retina : Functions Program ";" _

  $default      reduce using rule 80 (Retina)


state 62

  12) Expression : Expression _ "*" Expression
  13) Expression : Expression _ "/" Expression
  14) Expression : Expression _ "div" Expression
  15) Expression : Expression _ "mod" Expression
  16) Expression : Expression _ "%" Expression
  17) Expression : Expression _ "+" Expression
  18) Expression : Expression _ "-" Expression
  19) Expression : Expression _ "==" Expression
  20) Expression : Expression _ "/=" Expression
  21) Expression : Expression _ "<=" Expression
  22) Expression : Expression _ ">=" Expression
  23) Expression : Expression _ "<" Expression
  24) Expression : Expression _ ">" Expression
  25) Expression : Expression _ "or" Expression
  26) Expression : Expression _ "and" Expression
  41) Instruction : VarID "=" Expression _

  "=="          shift, and go to state 81
  "/="          shift, and go to state 82
  ">="          shift, and go to state 84
  "<="          shift, and go to state 83
  ">"           shift, and go to state 86
  "<"           shift, and go to state 85
  "+"           shift, and go to state 79
  "-"           shift, and go to state 80
  "*"           shift, and go to state 74
  "/"           shift, and go to state 75
  "%"           shift, and go to state 78
  "mod"         shift, and go to state 77
  "div"         shift, and go to state 76
  "and"         shift, and go to state 88
  "or"          shift, and go to state 87
  $default      reduce using rule 41 (Instruction)


state 63

  33) VarIDs : VarID _
  36) Statement : Datatype VarID _ "=" Expression

  "="           shift, and go to state 100
  $default      reduce using rule 33 (VarIDs)


state 64

  34) VarIDs : VarIDs _ "," VarID
  35) Statement : Datatype VarIDs _

  ","           shift, and go to state 101
  $default      reduce using rule 35 (Statement)


state 65

  38) Statements : Statement ";" _

  $default      reduce using rule 38 (Statements)


state 66

  39) Statements : Statements Statement _ ";"

  ";"           shift, and go to state 102


state 67

  42) Instruction : "with" Statements "do" _ Instructions "end"
  43) Instruction : "with" Statements "do" _ "end"

  "end"         shift, and go to state 104
  "with"        shift, and go to state 11
  "while"       shift, and go to state 12
  "if"          shift, and go to state 14
  "for"         shift, and go to state 13
  "repeat"      shift, and go to state 15
  "return"      shift, and go to state 19
  "read"        shift, and go to state 16
  "write"       shift, and go to state 17
  "writeln"     shift, and go to state 18
  "funid"       shift, and go to state 9
  "varid"       shift, and go to state 8
  $default      reduce using rule 40 (Instruction)

  VarID         go to state 10
  Instructions  go to state 103
  FunID         go to state 20
  Instruction   go to state 21

state 68

  44) Instruction : "with" "do" Instructions _ "end"
  66) Instructions : Instructions _ Instruction ";"

  "end"         shift, and go to state 105
  "with"        shift, and go to state 11
  "while"       shift, and go to state 12
  "if"          shift, and go to state 14
  "for"         shift, and go to state 13
  "repeat"      shift, and go to state 15
  "return"      shift, and go to state 19
  "read"        shift, and go to state 16
  "write"       shift, and go to state 17
  "writeln"     shift, and go to state 18
  "funid"       shift, and go to state 9
  "varid"       shift, and go to state 8
  $default      reduce using rule 40 (Instruction)

  VarID         go to state 10
  FunID         go to state 20
  Instruction   go to state 57

state 69

  45) Instruction : "with" "do" "end" _

  $default      reduce using rule 45 (Instruction)


state 70

   7) Expression : FunID "(" _ Expressions ")"
   8) Expression : FunID "(" _ ")"

  "-"           shift, and go to state 44
  "("           shift, and go to state 43
  ")"           shift, and go to state 107
  "not"         shift, and go to state 45
  "true"        shift, and go to state 38
  "false"       shift, and go to state 39
  "num"         shift, and go to state 37
  "funid"       shift, and go to state 9
  "varid"       shift, and go to state 8
  "str"         shift, and go to state 40

  VarID         go to state 41
  FunID         go to state 42
  Expressions   go to state 106
  Expression    go to state 51

state 71

   9) Expression : "(" Expression _ ")"
  12) Expression : Expression _ "*" Expression
  13) Expression : Expression _ "/" Expression
  14) Expression : Expression _ "div" Expression
  15) Expression : Expression _ "mod" Expression
  16) Expression : Expression _ "%" Expression
  17) Expression : Expression _ "+" Expression
  18) Expression : Expression _ "-" Expression
  19) Expression : Expression _ "==" Expression
  20) Expression : Expression _ "/=" Expression
  21) Expression : Expression _ "<=" Expression
  22) Expression : Expression _ ">=" Expression
  23) Expression : Expression _ "<" Expression
  24) Expression : Expression _ ">" Expression
  25) Expression : Expression _ "or" Expression
  26) Expression : Expression _ "and" Expression

  "=="          shift, and go to state 81
  "/="          shift, and go to state 82
  ">="          shift, and go to state 84
  "<="          shift, and go to state 83
  ">"           shift, and go to state 86
  "<"           shift, and go to state 85
  "+"           shift, and go to state 79
  "-"           shift, and go to state 80
  "*"           shift, and go to state 74
  "/"           shift, and go to state 75
  "%"           shift, and go to state 78
  "mod"         shift, and go to state 77
  "div"         shift, and go to state 76
  ")"           shift, and go to state 108
  "and"         shift, and go to state 88
  "or"          shift, and go to state 87


state 72

  10) Expression : "-" Expression _
  12) Expression : Expression _ "*" Expression
  13) Expression : Expression _ "/" Expression
  14) Expression : Expression _ "div" Expression
  15) Expression : Expression _ "mod" Expression
  16) Expression : Expression _ "%" Expression
  17) Expression : Expression _ "+" Expression
  18) Expression : Expression _ "-" Expression
  19) Expression : Expression _ "==" Expression
  20) Expression : Expression _ "/=" Expression
  21) Expression : Expression _ "<=" Expression
  22) Expression : Expression _ ">=" Expression
  23) Expression : Expression _ "<" Expression
  24) Expression : Expression _ ">" Expression
  25) Expression : Expression _ "or" Expression
  26) Expression : Expression _ "and" Expression

  $default      reduce using rule 10 (Expression)


state 73

  11) Expression : "not" Expression _
  12) Expression : Expression _ "*" Expression
  13) Expression : Expression _ "/" Expression
  14) Expression : Expression _ "div" Expression
  15) Expression : Expression _ "mod" Expression
  16) Expression : Expression _ "%" Expression
  17) Expression : Expression _ "+" Expression
  18) Expression : Expression _ "-" Expression
  19) Expression : Expression _ "==" Expression
  20) Expression : Expression _ "/=" Expression
  21) Expression : Expression _ "<=" Expression
  22) Expression : Expression _ ">=" Expression
  23) Expression : Expression _ "<" Expression
  24) Expression : Expression _ ">" Expression
  25) Expression : Expression _ "or" Expression
  26) Expression : Expression _ "and" Expression

  $default      reduce using rule 11 (Expression)


state 74

  12) Expression : Expression "*" _ Expression

  "-"           shift, and go to state 44
  "("           shift, and go to state 43
  "not"         shift, and go to state 45
  "true"        shift, and go to state 38
  "false"       shift, and go to state 39
  "num"         shift, and go to state 37
  "funid"       shift, and go to state 9
  "varid"       shift, and go to state 8
  "str"         shift, and go to state 40

  VarID         go to state 41
  FunID         go to state 42
  Expression    go to state 109

state 75

  13) Expression : Expression "/" _ Expression

  "-"           shift, and go to state 44
  "("           shift, and go to state 43
  "not"         shift, and go to state 45
  "true"        shift, and go to state 38
  "false"       shift, and go to state 39
  "num"         shift, and go to state 37
  "funid"       shift, and go to state 9
  "varid"       shift, and go to state 8
  "str"         shift, and go to state 40

  VarID         go to state 41
  FunID         go to state 42
  Expression    go to state 110

state 76

  14) Expression : Expression "div" _ Expression

  "-"           shift, and go to state 44
  "("           shift, and go to state 43
  "not"         shift, and go to state 45
  "true"        shift, and go to state 38
  "false"       shift, and go to state 39
  "num"         shift, and go to state 37
  "funid"       shift, and go to state 9
  "varid"       shift, and go to state 8
  "str"         shift, and go to state 40

  VarID         go to state 41
  FunID         go to state 42
  Expression    go to state 111

state 77

  15) Expression : Expression "mod" _ Expression

  "-"           shift, and go to state 44
  "("           shift, and go to state 43
  "not"         shift, and go to state 45
  "true"        shift, and go to state 38
  "false"       shift, and go to state 39
  "num"         shift, and go to state 37
  "funid"       shift, and go to state 9
  "varid"       shift, and go to state 8
  "str"         shift, and go to state 40

  VarID         go to state 41
  FunID         go to state 42
  Expression    go to state 112

state 78

  16) Expression : Expression "%" _ Expression

  "-"           shift, and go to state 44
  "("           shift, and go to state 43
  "not"         shift, and go to state 45
  "true"        shift, and go to state 38
  "false"       shift, and go to state 39
  "num"         shift, and go to state 37
  "funid"       shift, and go to state 9
  "varid"       shift, and go to state 8
  "str"         shift, and go to state 40

  VarID         go to state 41
  FunID         go to state 42
  Expression    go to state 113

state 79

  17) Expression : Expression "+" _ Expression

  "-"           shift, and go to state 44
  "("           shift, and go to state 43
  "not"         shift, and go to state 45
  "true"        shift, and go to state 38
  "false"       shift, and go to state 39
  "num"         shift, and go to state 37
  "funid"       shift, and go to state 9
  "varid"       shift, and go to state 8
  "str"         shift, and go to state 40

  VarID         go to state 41
  FunID         go to state 42
  Expression    go to state 114

state 80

  18) Expression : Expression "-" _ Expression

  "-"           shift, and go to state 44
  "("           shift, and go to state 43
  "not"         shift, and go to state 45
  "true"        shift, and go to state 38
  "false"       shift, and go to state 39
  "num"         shift, and go to state 37
  "funid"       shift, and go to state 9
  "varid"       shift, and go to state 8
  "str"         shift, and go to state 40

  VarID         go to state 41
  FunID         go to state 42
  Expression    go to state 115

state 81

  19) Expression : Expression "==" _ Expression

  "-"           shift, and go to state 44
  "("           shift, and go to state 43
  "not"         shift, and go to state 45
  "true"        shift, and go to state 38
  "false"       shift, and go to state 39
  "num"         shift, and go to state 37
  "funid"       shift, and go to state 9
  "varid"       shift, and go to state 8
  "str"         shift, and go to state 40

  VarID         go to state 41
  FunID         go to state 42
  Expression    go to state 116

state 82

  20) Expression : Expression "/=" _ Expression

  "-"           shift, and go to state 44
  "("           shift, and go to state 43
  "not"         shift, and go to state 45
  "true"        shift, and go to state 38
  "false"       shift, and go to state 39
  "num"         shift, and go to state 37
  "funid"       shift, and go to state 9
  "varid"       shift, and go to state 8
  "str"         shift, and go to state 40

  VarID         go to state 41
  FunID         go to state 42
  Expression    go to state 117

state 83

  21) Expression : Expression "<=" _ Expression

  "-"           shift, and go to state 44
  "("           shift, and go to state 43
  "not"         shift, and go to state 45
  "true"        shift, and go to state 38
  "false"       shift, and go to state 39
  "num"         shift, and go to state 37
  "funid"       shift, and go to state 9
  "varid"       shift, and go to state 8
  "str"         shift, and go to state 40

  VarID         go to state 41
  FunID         go to state 42
  Expression    go to state 118

state 84

  22) Expression : Expression ">=" _ Expression

  "-"           shift, and go to state 44
  "("           shift, and go to state 43
  "not"         shift, and go to state 45
  "true"        shift, and go to state 38
  "false"       shift, and go to state 39
  "num"         shift, and go to state 37
  "funid"       shift, and go to state 9
  "varid"       shift, and go to state 8
  "str"         shift, and go to state 40

  VarID         go to state 41
  FunID         go to state 42
  Expression    go to state 119

state 85

  23) Expression : Expression "<" _ Expression

  "-"           shift, and go to state 44
  "("           shift, and go to state 43
  "not"         shift, and go to state 45
  "true"        shift, and go to state 38
  "false"       shift, and go to state 39
  "num"         shift, and go to state 37
  "funid"       shift, and go to state 9
  "varid"       shift, and go to state 8
  "str"         shift, and go to state 40

  VarID         go to state 41
  FunID         go to state 42
  Expression    go to state 120

state 86

  24) Expression : Expression ">" _ Expression

  "-"           shift, and go to state 44
  "("           shift, and go to state 43
  "not"         shift, and go to state 45
  "true"        shift, and go to state 38
  "false"       shift, and go to state 39
  "num"         shift, and go to state 37
  "funid"       shift, and go to state 9
  "varid"       shift, and go to state 8
  "str"         shift, and go to state 40

  VarID         go to state 41
  FunID         go to state 42
  Expression    go to state 121

state 87

  25) Expression : Expression "or" _ Expression

  "-"           shift, and go to state 44
  "("           shift, and go to state 43
  "not"         shift, and go to state 45
  "true"        shift, and go to state 38
  "false"       shift, and go to state 39
  "num"         shift, and go to state 37
  "funid"       shift, and go to state 9
  "varid"       shift, and go to state 8
  "str"         shift, and go to state 40

  VarID         go to state 41
  FunID         go to state 42
  Expression    go to state 122

state 88

  26) Expression : Expression "and" _ Expression

  "-"           shift, and go to state 44
  "("           shift, and go to state 43
  "not"         shift, and go to state 45
  "true"        shift, and go to state 38
  "false"       shift, and go to state 39
  "num"         shift, and go to state 37
  "funid"       shift, and go to state 9
  "varid"       shift, and go to state 8
  "str"         shift, and go to state 40

  VarID         go to state 41
  FunID         go to state 42
  Expression    go to state 123

state 89

  46) Instruction : "while" Expression "do" _ Instructions "end"

  "with"        shift, and go to state 11
  "while"       shift, and go to state 12
  "if"          shift, and go to state 14
  "for"         shift, and go to state 13
  "repeat"      shift, and go to state 15
  "return"      shift, and go to state 19
  "read"        shift, and go to state 16
  "write"       shift, and go to state 17
  "writeln"     shift, and go to state 18
  "funid"       shift, and go to state 9
  "varid"       shift, and go to state 8
  $default      reduce using rule 40 (Instruction)

  VarID         go to state 10
  Instructions  go to state 124
  FunID         go to state 20
  Instruction   go to state 21

state 90

  47) Instruction : "for" VarID "from" _ Expression "to" Expression "by" Expression "do" Instructions "end"
  48) Instruction : "for" VarID "from" _ Expression "to" Expression "by" Expression "do" "end"
  49) Instruction : "for" VarID "from" _ Expression "to" Expression "do" Instructions "end"
  50) Instruction : "for" VarID "from" _ Expression "to" Expression "do" "end"

  "-"           shift, and go to state 44
  "("           shift, and go to state 43
  "not"         shift, and go to state 45
  "true"        shift, and go to state 38
  "false"       shift, and go to state 39
  "num"         shift, and go to state 37
  "funid"       shift, and go to state 9
  "varid"       shift, and go to state 8
  "str"         shift, and go to state 40

  VarID         go to state 41
  FunID         go to state 42
  Expression    go to state 125

state 91

  51) Instruction : "if" Expression "then" _ Instructions "end"
  52) Instruction : "if" Expression "then" _ "end"
  53) Instruction : "if" Expression "then" _ Instructions "else" Instructions "end"
  54) Instruction : "if" Expression "then" _ Instructions "else" "end"
  55) Instruction : "if" Expression "then" _ "else" Instructions "end"
  56) Instruction : "if" Expression "then" _ "else" "end"

  "end"         shift, and go to state 127
  "with"        shift, and go to state 11
  "while"       shift, and go to state 12
  "if"          shift, and go to state 14
  "else"        shift, and go to state 128
  "for"         shift, and go to state 13
  "repeat"      shift, and go to state 15
  "return"      shift, and go to state 19
  "read"        shift, and go to state 16
  "write"       shift, and go to state 17
  "writeln"     shift, and go to state 18
  "funid"       shift, and go to state 9
  "varid"       shift, and go to state 8
  $default      reduce using rule 40 (Instruction)

  VarID         go to state 10
  Instructions  go to state 126
  FunID         go to state 20
  Instruction   go to state 21

state 92

  57) Instruction : "repeat" Expression "times" _ Instructions "end"
  58) Instruction : "repeat" Expression "times" _ "end"

  "end"         shift, and go to state 130
  "with"        shift, and go to state 11
  "while"       shift, and go to state 12
  "if"          shift, and go to state 14
  "for"         shift, and go to state 13
  "repeat"      shift, and go to state 15
  "return"      shift, and go to state 19
  "read"        shift, and go to state 16
  "write"       shift, and go to state 17
  "writeln"     shift, and go to state 18
  "funid"       shift, and go to state 9
  "varid"       shift, and go to state 8
  $default      reduce using rule 40 (Instruction)

  VarID         go to state 10
  Instructions  go to state 129
  FunID         go to state 20
  Instruction   go to state 21

state 93

  28) Expressions : Expressions "," _ Expression

  "-"           shift, and go to state 44
  "("           shift, and go to state 43
  "not"         shift, and go to state 45
  "true"        shift, and go to state 38
  "false"       shift, and go to state 39
  "num"         shift, and go to state 37
  "funid"       shift, and go to state 9
  "varid"       shift, and go to state 8
  "str"         shift, and go to state 40

  VarID         go to state 41
  FunID         go to state 42
  Expression    go to state 131

state 94

  28) Expressions : Expressions _ "," Expression
  63) Instruction : FunID "(" Expressions _ ")"

  ")"           shift, and go to state 132
  ","           shift, and go to state 93


state 95

  64) Instruction : FunID "(" ")" _

  $default      reduce using rule 64 (Instruction)


state 96

  66) Instructions : Instructions Instruction ";" _

  $default      reduce using rule 66 (Instructions)


state 97

  67) Params : Datatype _ VarID

  "varid"       shift, and go to state 8

  VarID         go to state 133

state 98

  68) Params : Params _ "," Datatype VarID
  73) Function : "func" FunID "(" Params _ ")" "->" Datatype BeginEnd
  75) Function : "func" FunID "(" Params _ ")" BeginEnd

  ")"           shift, and go to state 135
  ","           shift, and go to state 134


state 99

  74) Function : "func" FunID "(" ")" _ "->" Datatype BeginEnd
  76) Function : "func" FunID "(" ")" _ BeginEnd

  "->"          shift, and go to state 137
  "begin"       shift, and go to state 136

  BeginEnd      go to state 138

state 100

  36) Statement : Datatype VarID "=" _ Expression

  "-"           shift, and go to state 44
  "("           shift, and go to state 43
  "not"         shift, and go to state 45
  "true"        shift, and go to state 38
  "false"       shift, and go to state 39
  "num"         shift, and go to state 37
  "funid"       shift, and go to state 9
  "varid"       shift, and go to state 8
  "str"         shift, and go to state 40

  VarID         go to state 41
  FunID         go to state 42
  Expression    go to state 139

state 101

  34) VarIDs : VarIDs "," _ VarID

  "varid"       shift, and go to state 8

  VarID         go to state 140

state 102

  39) Statements : Statements Statement ";" _

  $default      reduce using rule 39 (Statements)


state 103

  42) Instruction : "with" Statements "do" Instructions _ "end"
  66) Instructions : Instructions _ Instruction ";"

  "end"         shift, and go to state 141
  "with"        shift, and go to state 11
  "while"       shift, and go to state 12
  "if"          shift, and go to state 14
  "for"         shift, and go to state 13
  "repeat"      shift, and go to state 15
  "return"      shift, and go to state 19
  "read"        shift, and go to state 16
  "write"       shift, and go to state 17
  "writeln"     shift, and go to state 18
  "funid"       shift, and go to state 9
  "varid"       shift, and go to state 8
  $default      reduce using rule 40 (Instruction)

  VarID         go to state 10
  FunID         go to state 20
  Instruction   go to state 57

state 104

  43) Instruction : "with" Statements "do" "end" _

  $default      reduce using rule 43 (Instruction)


state 105

  44) Instruction : "with" "do" Instructions "end" _

  $default      reduce using rule 44 (Instruction)


state 106

   7) Expression : FunID "(" Expressions _ ")"
  28) Expressions : Expressions _ "," Expression

  ")"           shift, and go to state 142
  ","           shift, and go to state 93


state 107

   8) Expression : FunID "(" ")" _

  $default      reduce using rule 8 (Expression)


state 108

   9) Expression : "(" Expression ")" _

  $default      reduce using rule 9 (Expression)


state 109

  12) Expression : Expression _ "*" Expression
  12) Expression : Expression "*" Expression _
  13) Expression : Expression _ "/" Expression
  14) Expression : Expression _ "div" Expression
  15) Expression : Expression _ "mod" Expression
  16) Expression : Expression _ "%" Expression
  17) Expression : Expression _ "+" Expression
  18) Expression : Expression _ "-" Expression
  19) Expression : Expression _ "==" Expression
  20) Expression : Expression _ "/=" Expression
  21) Expression : Expression _ "<=" Expression
  22) Expression : Expression _ ">=" Expression
  23) Expression : Expression _ "<" Expression
  24) Expression : Expression _ ">" Expression
  25) Expression : Expression _ "or" Expression
  26) Expression : Expression _ "and" Expression

  $default      reduce using rule 12 (Expression)


state 110

  12) Expression : Expression _ "*" Expression
  13) Expression : Expression _ "/" Expression
  13) Expression : Expression "/" Expression _
  14) Expression : Expression _ "div" Expression
  15) Expression : Expression _ "mod" Expression
  16) Expression : Expression _ "%" Expression
  17) Expression : Expression _ "+" Expression
  18) Expression : Expression _ "-" Expression
  19) Expression : Expression _ "==" Expression
  20) Expression : Expression _ "/=" Expression
  21) Expression : Expression _ "<=" Expression
  22) Expression : Expression _ ">=" Expression
  23) Expression : Expression _ "<" Expression
  24) Expression : Expression _ ">" Expression
  25) Expression : Expression _ "or" Expression
  26) Expression : Expression _ "and" Expression

  $default      reduce using rule 13 (Expression)


state 111

  12) Expression : Expression _ "*" Expression
  13) Expression : Expression _ "/" Expression
  14) Expression : Expression _ "div" Expression
  14) Expression : Expression "div" Expression _
  15) Expression : Expression _ "mod" Expression
  16) Expression : Expression _ "%" Expression
  17) Expression : Expression _ "+" Expression
  18) Expression : Expression _ "-" Expression
  19) Expression : Expression _ "==" Expression
  20) Expression : Expression _ "/=" Expression
  21) Expression : Expression _ "<=" Expression
  22) Expression : Expression _ ">=" Expression
  23) Expression : Expression _ "<" Expression
  24) Expression : Expression _ ">" Expression
  25) Expression : Expression _ "or" Expression
  26) Expression : Expression _ "and" Expression

  $default      reduce using rule 14 (Expression)


state 112

  12) Expression : Expression _ "*" Expression
  13) Expression : Expression _ "/" Expression
  14) Expression : Expression _ "div" Expression
  15) Expression : Expression _ "mod" Expression
  15) Expression : Expression "mod" Expression _
  16) Expression : Expression _ "%" Expression
  17) Expression : Expression _ "+" Expression
  18) Expression : Expression _ "-" Expression
  19) Expression : Expression _ "==" Expression
  20) Expression : Expression _ "/=" Expression
  21) Expression : Expression _ "<=" Expression
  22) Expression : Expression _ ">=" Expression
  23) Expression : Expression _ "<" Expression
  24) Expression : Expression _ ">" Expression
  25) Expression : Expression _ "or" Expression
  26) Expression : Expression _ "and" Expression

  $default      reduce using rule 15 (Expression)


state 113

  12) Expression : Expression _ "*" Expression
  13) Expression : Expression _ "/" Expression
  14) Expression : Expression _ "div" Expression
  15) Expression : Expression _ "mod" Expression
  16) Expression : Expression _ "%" Expression
  16) Expression : Expression "%" Expression _
  17) Expression : Expression _ "+" Expression
  18) Expression : Expression _ "-" Expression
  19) Expression : Expression _ "==" Expression
  20) Expression : Expression _ "/=" Expression
  21) Expression : Expression _ "<=" Expression
  22) Expression : Expression _ ">=" Expression
  23) Expression : Expression _ "<" Expression
  24) Expression : Expression _ ">" Expression
  25) Expression : Expression _ "or" Expression
  26) Expression : Expression _ "and" Expression

  $default      reduce using rule 16 (Expression)


state 114

  12) Expression : Expression _ "*" Expression
  13) Expression : Expression _ "/" Expression
  14) Expression : Expression _ "div" Expression
  15) Expression : Expression _ "mod" Expression
  16) Expression : Expression _ "%" Expression
  17) Expression : Expression _ "+" Expression
  17) Expression : Expression "+" Expression _
  18) Expression : Expression _ "-" Expression
  19) Expression : Expression _ "==" Expression
  20) Expression : Expression _ "/=" Expression
  21) Expression : Expression _ "<=" Expression
  22) Expression : Expression _ ">=" Expression
  23) Expression : Expression _ "<" Expression
  24) Expression : Expression _ ">" Expression
  25) Expression : Expression _ "or" Expression
  26) Expression : Expression _ "and" Expression

  "*"           shift, and go to state 74
  "/"           shift, and go to state 75
  "%"           shift, and go to state 78
  "mod"         shift, and go to state 77
  "div"         shift, and go to state 76
  $default      reduce using rule 17 (Expression)


state 115

  12) Expression : Expression _ "*" Expression
  13) Expression : Expression _ "/" Expression
  14) Expression : Expression _ "div" Expression
  15) Expression : Expression _ "mod" Expression
  16) Expression : Expression _ "%" Expression
  17) Expression : Expression _ "+" Expression
  18) Expression : Expression _ "-" Expression
  18) Expression : Expression "-" Expression _
  19) Expression : Expression _ "==" Expression
  20) Expression : Expression _ "/=" Expression
  21) Expression : Expression _ "<=" Expression
  22) Expression : Expression _ ">=" Expression
  23) Expression : Expression _ "<" Expression
  24) Expression : Expression _ ">" Expression
  25) Expression : Expression _ "or" Expression
  26) Expression : Expression _ "and" Expression

  "*"           shift, and go to state 74
  "/"           shift, and go to state 75
  "%"           shift, and go to state 78
  "mod"         shift, and go to state 77
  "div"         shift, and go to state 76
  $default      reduce using rule 18 (Expression)


state 116

  12) Expression : Expression _ "*" Expression
  13) Expression : Expression _ "/" Expression
  14) Expression : Expression _ "div" Expression
  15) Expression : Expression _ "mod" Expression
  16) Expression : Expression _ "%" Expression
  17) Expression : Expression _ "+" Expression
  18) Expression : Expression _ "-" Expression
  19) Expression : Expression _ "==" Expression
  19) Expression : Expression "==" Expression _
  20) Expression : Expression _ "/=" Expression
  21) Expression : Expression _ "<=" Expression
  22) Expression : Expression _ ">=" Expression
  23) Expression : Expression _ "<" Expression
  24) Expression : Expression _ ">" Expression
  25) Expression : Expression _ "or" Expression
  26) Expression : Expression _ "and" Expression

  ">="          shift, and go to state 84
  "<="          shift, and go to state 83
  ">"           shift, and go to state 86
  "<"           shift, and go to state 85
  "+"           shift, and go to state 79
  "-"           shift, and go to state 80
  "*"           shift, and go to state 74
  "/"           shift, and go to state 75
  "%"           shift, and go to state 78
  "mod"         shift, and go to state 77
  "div"         shift, and go to state 76
  $default      reduce using rule 19 (Expression)


state 117

  12) Expression : Expression _ "*" Expression
  13) Expression : Expression _ "/" Expression
  14) Expression : Expression _ "div" Expression
  15) Expression : Expression _ "mod" Expression
  16) Expression : Expression _ "%" Expression
  17) Expression : Expression _ "+" Expression
  18) Expression : Expression _ "-" Expression
  19) Expression : Expression _ "==" Expression
  20) Expression : Expression _ "/=" Expression
  20) Expression : Expression "/=" Expression _
  21) Expression : Expression _ "<=" Expression
  22) Expression : Expression _ ">=" Expression
  23) Expression : Expression _ "<" Expression
  24) Expression : Expression _ ">" Expression
  25) Expression : Expression _ "or" Expression
  26) Expression : Expression _ "and" Expression

  ">="          shift, and go to state 84
  "<="          shift, and go to state 83
  ">"           shift, and go to state 86
  "<"           shift, and go to state 85
  "+"           shift, and go to state 79
  "-"           shift, and go to state 80
  "*"           shift, and go to state 74
  "/"           shift, and go to state 75
  "%"           shift, and go to state 78
  "mod"         shift, and go to state 77
  "div"         shift, and go to state 76
  $default      reduce using rule 20 (Expression)


state 118

  12) Expression : Expression _ "*" Expression
  13) Expression : Expression _ "/" Expression
  14) Expression : Expression _ "div" Expression
  15) Expression : Expression _ "mod" Expression
  16) Expression : Expression _ "%" Expression
  17) Expression : Expression _ "+" Expression
  18) Expression : Expression _ "-" Expression
  19) Expression : Expression _ "==" Expression
  20) Expression : Expression _ "/=" Expression
  21) Expression : Expression _ "<=" Expression
  21) Expression : Expression "<=" Expression _
  22) Expression : Expression _ ">=" Expression
  23) Expression : Expression _ "<" Expression
  24) Expression : Expression _ ">" Expression
  25) Expression : Expression _ "or" Expression
  26) Expression : Expression _ "and" Expression

  "*"           shift, and go to state 74
  "/"           shift, and go to state 75
  "%"           shift, and go to state 78
  "mod"         shift, and go to state 77
  "div"         shift, and go to state 76
  $default      reduce using rule 21 (Expression)


state 119

  12) Expression : Expression _ "*" Expression
  13) Expression : Expression _ "/" Expression
  14) Expression : Expression _ "div" Expression
  15) Expression : Expression _ "mod" Expression
  16) Expression : Expression _ "%" Expression
  17) Expression : Expression _ "+" Expression
  18) Expression : Expression _ "-" Expression
  19) Expression : Expression _ "==" Expression
  20) Expression : Expression _ "/=" Expression
  21) Expression : Expression _ "<=" Expression
  22) Expression : Expression _ ">=" Expression
  22) Expression : Expression ">=" Expression _
  23) Expression : Expression _ "<" Expression
  24) Expression : Expression _ ">" Expression
  25) Expression : Expression _ "or" Expression
  26) Expression : Expression _ "and" Expression

  "*"           shift, and go to state 74
  "/"           shift, and go to state 75
  "%"           shift, and go to state 78
  "mod"         shift, and go to state 77
  "div"         shift, and go to state 76
  $default      reduce using rule 22 (Expression)


state 120

  12) Expression : Expression _ "*" Expression
  13) Expression : Expression _ "/" Expression
  14) Expression : Expression _ "div" Expression
  15) Expression : Expression _ "mod" Expression
  16) Expression : Expression _ "%" Expression
  17) Expression : Expression _ "+" Expression
  18) Expression : Expression _ "-" Expression
  19) Expression : Expression _ "==" Expression
  20) Expression : Expression _ "/=" Expression
  21) Expression : Expression _ "<=" Expression
  22) Expression : Expression _ ">=" Expression
  23) Expression : Expression _ "<" Expression
  23) Expression : Expression "<" Expression _
  24) Expression : Expression _ ">" Expression
  25) Expression : Expression _ "or" Expression
  26) Expression : Expression _ "and" Expression

  "*"           shift, and go to state 74
  "/"           shift, and go to state 75
  "%"           shift, and go to state 78
  "mod"         shift, and go to state 77
  "div"         shift, and go to state 76
  $default      reduce using rule 23 (Expression)


state 121

  12) Expression : Expression _ "*" Expression
  13) Expression : Expression _ "/" Expression
  14) Expression : Expression _ "div" Expression
  15) Expression : Expression _ "mod" Expression
  16) Expression : Expression _ "%" Expression
  17) Expression : Expression _ "+" Expression
  18) Expression : Expression _ "-" Expression
  19) Expression : Expression _ "==" Expression
  20) Expression : Expression _ "/=" Expression
  21) Expression : Expression _ "<=" Expression
  22) Expression : Expression _ ">=" Expression
  23) Expression : Expression _ "<" Expression
  24) Expression : Expression _ ">" Expression
  24) Expression : Expression ">" Expression _
  25) Expression : Expression _ "or" Expression
  26) Expression : Expression _ "and" Expression

  "*"           shift, and go to state 74
  "/"           shift, and go to state 75
  "%"           shift, and go to state 78
  "mod"         shift, and go to state 77
  "div"         shift, and go to state 76
  $default      reduce using rule 24 (Expression)


state 122

  12) Expression : Expression _ "*" Expression
  13) Expression : Expression _ "/" Expression
  14) Expression : Expression _ "div" Expression
  15) Expression : Expression _ "mod" Expression
  16) Expression : Expression _ "%" Expression
  17) Expression : Expression _ "+" Expression
  18) Expression : Expression _ "-" Expression
  19) Expression : Expression _ "==" Expression
  20) Expression : Expression _ "/=" Expression
  21) Expression : Expression _ "<=" Expression
  22) Expression : Expression _ ">=" Expression
  23) Expression : Expression _ "<" Expression
  24) Expression : Expression _ ">" Expression
  25) Expression : Expression _ "or" Expression
  25) Expression : Expression "or" Expression _
  26) Expression : Expression _ "and" Expression

  "=="          shift, and go to state 81
  "/="          shift, and go to state 82
  ">="          shift, and go to state 84
  "<="          shift, and go to state 83
  ">"           shift, and go to state 86
  "<"           shift, and go to state 85
  "+"           shift, and go to state 79
  "-"           shift, and go to state 80
  "*"           shift, and go to state 74
  "/"           shift, and go to state 75
  "%"           shift, and go to state 78
  "mod"         shift, and go to state 77
  "div"         shift, and go to state 76
  $default      reduce using rule 25 (Expression)


state 123

  12) Expression : Expression _ "*" Expression
  13) Expression : Expression _ "/" Expression
  14) Expression : Expression _ "div" Expression
  15) Expression : Expression _ "mod" Expression
  16) Expression : Expression _ "%" Expression
  17) Expression : Expression _ "+" Expression
  18) Expression : Expression _ "-" Expression
  19) Expression : Expression _ "==" Expression
  20) Expression : Expression _ "/=" Expression
  21) Expression : Expression _ "<=" Expression
  22) Expression : Expression _ ">=" Expression
  23) Expression : Expression _ "<" Expression
  24) Expression : Expression _ ">" Expression
  25) Expression : Expression _ "or" Expression
  26) Expression : Expression _ "and" Expression
  26) Expression : Expression "and" Expression _

  "=="          shift, and go to state 81
  "/="          shift, and go to state 82
  ">="          shift, and go to state 84
  "<="          shift, and go to state 83
  ">"           shift, and go to state 86
  "<"           shift, and go to state 85
  "+"           shift, and go to state 79
  "-"           shift, and go to state 80
  "*"           shift, and go to state 74
  "/"           shift, and go to state 75
  "%"           shift, and go to state 78
  "mod"         shift, and go to state 77
  "div"         shift, and go to state 76
  "or"          shift, and go to state 87
  $default      reduce using rule 26 (Expression)


state 124

  46) Instruction : "while" Expression "do" Instructions _ "end"
  66) Instructions : Instructions _ Instruction ";"

  "end"         shift, and go to state 143
  "with"        shift, and go to state 11
  "while"       shift, and go to state 12
  "if"          shift, and go to state 14
  "for"         shift, and go to state 13
  "repeat"      shift, and go to state 15
  "return"      shift, and go to state 19
  "read"        shift, and go to state 16
  "write"       shift, and go to state 17
  "writeln"     shift, and go to state 18
  "funid"       shift, and go to state 9
  "varid"       shift, and go to state 8
  $default      reduce using rule 40 (Instruction)

  VarID         go to state 10
  FunID         go to state 20
  Instruction   go to state 57

state 125

  12) Expression : Expression _ "*" Expression
  13) Expression : Expression _ "/" Expression
  14) Expression : Expression _ "div" Expression
  15) Expression : Expression _ "mod" Expression
  16) Expression : Expression _ "%" Expression
  17) Expression : Expression _ "+" Expression
  18) Expression : Expression _ "-" Expression
  19) Expression : Expression _ "==" Expression
  20) Expression : Expression _ "/=" Expression
  21) Expression : Expression _ "<=" Expression
  22) Expression : Expression _ ">=" Expression
  23) Expression : Expression _ "<" Expression
  24) Expression : Expression _ ">" Expression
  25) Expression : Expression _ "or" Expression
  26) Expression : Expression _ "and" Expression
  47) Instruction : "for" VarID "from" Expression _ "to" Expression "by" Expression "do" Instructions "end"
  48) Instruction : "for" VarID "from" Expression _ "to" Expression "by" Expression "do" "end"
  49) Instruction : "for" VarID "from" Expression _ "to" Expression "do" Instructions "end"
  50) Instruction : "for" VarID "from" Expression _ "to" Expression "do" "end"

  "=="          shift, and go to state 81
  "/="          shift, and go to state 82
  ">="          shift, and go to state 84
  "<="          shift, and go to state 83
  ">"           shift, and go to state 86
  "<"           shift, and go to state 85
  "+"           shift, and go to state 79
  "-"           shift, and go to state 80
  "*"           shift, and go to state 74
  "/"           shift, and go to state 75
  "%"           shift, and go to state 78
  "mod"         shift, and go to state 77
  "div"         shift, and go to state 76
  "and"         shift, and go to state 88
  "or"          shift, and go to state 87
  "to"          shift, and go to state 144


state 126

  51) Instruction : "if" Expression "then" Instructions _ "end"
  53) Instruction : "if" Expression "then" Instructions _ "else" Instructions "end"
  54) Instruction : "if" Expression "then" Instructions _ "else" "end"
  66) Instructions : Instructions _ Instruction ";"

  "end"         shift, and go to state 145
  "with"        shift, and go to state 11
  "while"       shift, and go to state 12
  "if"          shift, and go to state 14
  "else"        shift, and go to state 146
  "for"         shift, and go to state 13
  "repeat"      shift, and go to state 15
  "return"      shift, and go to state 19
  "read"        shift, and go to state 16
  "write"       shift, and go to state 17
  "writeln"     shift, and go to state 18
  "funid"       shift, and go to state 9
  "varid"       shift, and go to state 8
  $default      reduce using rule 40 (Instruction)

  VarID         go to state 10
  FunID         go to state 20
  Instruction   go to state 57

state 127

  52) Instruction : "if" Expression "then" "end" _

  $default      reduce using rule 52 (Instruction)


state 128

  55) Instruction : "if" Expression "then" "else" _ Instructions "end"
  56) Instruction : "if" Expression "then" "else" _ "end"

  "end"         shift, and go to state 148
  "with"        shift, and go to state 11
  "while"       shift, and go to state 12
  "if"          shift, and go to state 14
  "for"         shift, and go to state 13
  "repeat"      shift, and go to state 15
  "return"      shift, and go to state 19
  "read"        shift, and go to state 16
  "write"       shift, and go to state 17
  "writeln"     shift, and go to state 18
  "funid"       shift, and go to state 9
  "varid"       shift, and go to state 8
  $default      reduce using rule 40 (Instruction)

  VarID         go to state 10
  Instructions  go to state 147
  FunID         go to state 20
  Instruction   go to state 21

state 129

  57) Instruction : "repeat" Expression "times" Instructions _ "end"
  66) Instructions : Instructions _ Instruction ";"

  "end"         shift, and go to state 149
  "with"        shift, and go to state 11
  "while"       shift, and go to state 12
  "if"          shift, and go to state 14
  "for"         shift, and go to state 13
  "repeat"      shift, and go to state 15
  "return"      shift, and go to state 19
  "read"        shift, and go to state 16
  "write"       shift, and go to state 17
  "writeln"     shift, and go to state 18
  "funid"       shift, and go to state 9
  "varid"       shift, and go to state 8
  $default      reduce using rule 40 (Instruction)

  VarID         go to state 10
  FunID         go to state 20
  Instruction   go to state 57

state 130

  58) Instruction : "repeat" Expression "times" "end" _

  $default      reduce using rule 58 (Instruction)


state 131

  12) Expression : Expression _ "*" Expression
  13) Expression : Expression _ "/" Expression
  14) Expression : Expression _ "div" Expression
  15) Expression : Expression _ "mod" Expression
  16) Expression : Expression _ "%" Expression
  17) Expression : Expression _ "+" Expression
  18) Expression : Expression _ "-" Expression
  19) Expression : Expression _ "==" Expression
  20) Expression : Expression _ "/=" Expression
  21) Expression : Expression _ "<=" Expression
  22) Expression : Expression _ ">=" Expression
  23) Expression : Expression _ "<" Expression
  24) Expression : Expression _ ">" Expression
  25) Expression : Expression _ "or" Expression
  26) Expression : Expression _ "and" Expression
  28) Expressions : Expressions "," Expression _

  "=="          shift, and go to state 81
  "/="          shift, and go to state 82
  ">="          shift, and go to state 84
  "<="          shift, and go to state 83
  ">"           shift, and go to state 86
  "<"           shift, and go to state 85
  "+"           shift, and go to state 79
  "-"           shift, and go to state 80
  "*"           shift, and go to state 74
  "/"           shift, and go to state 75
  "%"           shift, and go to state 78
  "mod"         shift, and go to state 77
  "div"         shift, and go to state 76
  "and"         shift, and go to state 88
  "or"          shift, and go to state 87
  $default      reduce using rule 28 (Expressions)


state 132

  63) Instruction : FunID "(" Expressions ")" _

  $default      reduce using rule 63 (Instruction)


state 133

  67) Params : Datatype VarID _

  $default      reduce using rule 67 (Params)


state 134

  68) Params : Params "," _ Datatype VarID

  "boolean"     shift, and go to state 31
  "number"      shift, and go to state 32

  Datatype      go to state 150

state 135

  73) Function : "func" FunID "(" Params ")" _ "->" Datatype BeginEnd
  75) Function : "func" FunID "(" Params ")" _ BeginEnd

  "->"          shift, and go to state 151
  "begin"       shift, and go to state 136

  BeginEnd      go to state 152

state 136

  71) BeginEnd : "begin" _ Instructions "end"
  72) BeginEnd : "begin" _ "end"

  "end"         shift, and go to state 154
  "with"        shift, and go to state 11
  "while"       shift, and go to state 12
  "if"          shift, and go to state 14
  "for"         shift, and go to state 13
  "repeat"      shift, and go to state 15
  "return"      shift, and go to state 19
  "read"        shift, and go to state 16
  "write"       shift, and go to state 17
  "writeln"     shift, and go to state 18
  "funid"       shift, and go to state 9
  "varid"       shift, and go to state 8
  $default      reduce using rule 40 (Instruction)

  VarID         go to state 10
  FunID         go to state 20
  Instruction   go to state 21
  Instructions  go to state 153

state 137

  74) Function : "func" FunID "(" ")" "->" _ Datatype BeginEnd

  "boolean"     shift, and go to state 31
  "number"      shift, and go to state 32

  Datatype      go to state 155

state 138

  76) Function : "func" FunID "(" ")" BeginEnd _

  $default      reduce using rule 76 (Function)


state 139

  12) Expression : Expression _ "*" Expression
  13) Expression : Expression _ "/" Expression
  14) Expression : Expression _ "div" Expression
  15) Expression : Expression _ "mod" Expression
  16) Expression : Expression _ "%" Expression
  17) Expression : Expression _ "+" Expression
  18) Expression : Expression _ "-" Expression
  19) Expression : Expression _ "==" Expression
  20) Expression : Expression _ "/=" Expression
  21) Expression : Expression _ "<=" Expression
  22) Expression : Expression _ ">=" Expression
  23) Expression : Expression _ "<" Expression
  24) Expression : Expression _ ">" Expression
  25) Expression : Expression _ "or" Expression
  26) Expression : Expression _ "and" Expression
  36) Statement : Datatype VarID "=" Expression _

  "=="          shift, and go to state 81
  "/="          shift, and go to state 82
  ">="          shift, and go to state 84
  "<="          shift, and go to state 83
  ">"           shift, and go to state 86
  "<"           shift, and go to state 85
  "+"           shift, and go to state 79
  "-"           shift, and go to state 80
  "*"           shift, and go to state 74
  "/"           shift, and go to state 75
  "%"           shift, and go to state 78
  "mod"         shift, and go to state 77
  "div"         shift, and go to state 76
  "and"         shift, and go to state 88
  "or"          shift, and go to state 87
  $default      reduce using rule 36 (Statement)


state 140

  34) VarIDs : VarIDs "," VarID _

  $default      reduce using rule 34 (VarIDs)


state 141

  42) Instruction : "with" Statements "do" Instructions "end" _

  $default      reduce using rule 42 (Instruction)


state 142

   7) Expression : FunID "(" Expressions ")" _

  $default      reduce using rule 7 (Expression)


state 143

  46) Instruction : "while" Expression "do" Instructions "end" _

  $default      reduce using rule 46 (Instruction)


state 144

  47) Instruction : "for" VarID "from" Expression "to" _ Expression "by" Expression "do" Instructions "end"
  48) Instruction : "for" VarID "from" Expression "to" _ Expression "by" Expression "do" "end"
  49) Instruction : "for" VarID "from" Expression "to" _ Expression "do" Instructions "end"
  50) Instruction : "for" VarID "from" Expression "to" _ Expression "do" "end"

  "-"           shift, and go to state 44
  "("           shift, and go to state 43
  "not"         shift, and go to state 45
  "true"        shift, and go to state 38
  "false"       shift, and go to state 39
  "num"         shift, and go to state 37
  "funid"       shift, and go to state 9
  "varid"       shift, and go to state 8
  "str"         shift, and go to state 40

  VarID         go to state 41
  FunID         go to state 42
  Expression    go to state 156

state 145

  51) Instruction : "if" Expression "then" Instructions "end" _

  $default      reduce using rule 51 (Instruction)


state 146

  53) Instruction : "if" Expression "then" Instructions "else" _ Instructions "end"
  54) Instruction : "if" Expression "then" Instructions "else" _ "end"

  "end"         shift, and go to state 158
  "with"        shift, and go to state 11
  "while"       shift, and go to state 12
  "if"          shift, and go to state 14
  "for"         shift, and go to state 13
  "repeat"      shift, and go to state 15
  "return"      shift, and go to state 19
  "read"        shift, and go to state 16
  "write"       shift, and go to state 17
  "writeln"     shift, and go to state 18
  "funid"       shift, and go to state 9
  "varid"       shift, and go to state 8
  $default      reduce using rule 40 (Instruction)

  VarID         go to state 10
  Instructions  go to state 157
  FunID         go to state 20
  Instruction   go to state 21

state 147

  55) Instruction : "if" Expression "then" "else" Instructions _ "end"
  66) Instructions : Instructions _ Instruction ";"

  "end"         shift, and go to state 159
  "with"        shift, and go to state 11
  "while"       shift, and go to state 12
  "if"          shift, and go to state 14
  "for"         shift, and go to state 13
  "repeat"      shift, and go to state 15
  "return"      shift, and go to state 19
  "read"        shift, and go to state 16
  "write"       shift, and go to state 17
  "writeln"     shift, and go to state 18
  "funid"       shift, and go to state 9
  "varid"       shift, and go to state 8
  $default      reduce using rule 40 (Instruction)

  VarID         go to state 10
  FunID         go to state 20
  Instruction   go to state 57

state 148

  56) Instruction : "if" Expression "then" "else" "end" _

  $default      reduce using rule 56 (Instruction)


state 149

  57) Instruction : "repeat" Expression "times" Instructions "end" _

  $default      reduce using rule 57 (Instruction)


state 150

  68) Params : Params "," Datatype _ VarID

  "varid"       shift, and go to state 8

  VarID         go to state 160

state 151

  73) Function : "func" FunID "(" Params ")" "->" _ Datatype BeginEnd

  "boolean"     shift, and go to state 31
  "number"      shift, and go to state 32

  Datatype      go to state 161

state 152

  75) Function : "func" FunID "(" Params ")" BeginEnd _

  $default      reduce using rule 75 (Function)


state 153

  66) Instructions : Instructions _ Instruction ";"
  71) BeginEnd : "begin" Instructions _ "end"

  "end"         shift, and go to state 162
  "with"        shift, and go to state 11
  "while"       shift, and go to state 12
  "if"          shift, and go to state 14
  "for"         shift, and go to state 13
  "repeat"      shift, and go to state 15
  "return"      shift, and go to state 19
  "read"        shift, and go to state 16
  "write"       shift, and go to state 17
  "writeln"     shift, and go to state 18
  "funid"       shift, and go to state 9
  "varid"       shift, and go to state 8
  $default      reduce using rule 40 (Instruction)

  VarID         go to state 10
  FunID         go to state 20
  Instruction   go to state 57

state 154

  72) BeginEnd : "begin" "end" _

  $default      reduce using rule 72 (BeginEnd)


state 155

  74) Function : "func" FunID "(" ")" "->" Datatype _ BeginEnd

  "begin"       shift, and go to state 136

  BeginEnd      go to state 163

state 156

  12) Expression : Expression _ "*" Expression
  13) Expression : Expression _ "/" Expression
  14) Expression : Expression _ "div" Expression
  15) Expression : Expression _ "mod" Expression
  16) Expression : Expression _ "%" Expression
  17) Expression : Expression _ "+" Expression
  18) Expression : Expression _ "-" Expression
  19) Expression : Expression _ "==" Expression
  20) Expression : Expression _ "/=" Expression
  21) Expression : Expression _ "<=" Expression
  22) Expression : Expression _ ">=" Expression
  23) Expression : Expression _ "<" Expression
  24) Expression : Expression _ ">" Expression
  25) Expression : Expression _ "or" Expression
  26) Expression : Expression _ "and" Expression
  47) Instruction : "for" VarID "from" Expression "to" Expression _ "by" Expression "do" Instructions "end"
  48) Instruction : "for" VarID "from" Expression "to" Expression _ "by" Expression "do" "end"
  49) Instruction : "for" VarID "from" Expression "to" Expression _ "do" Instructions "end"
  50) Instruction : "for" VarID "from" Expression "to" Expression _ "do" "end"

  "=="          shift, and go to state 81
  "/="          shift, and go to state 82
  ">="          shift, and go to state 84
  "<="          shift, and go to state 83
  ">"           shift, and go to state 86
  "<"           shift, and go to state 85
  "+"           shift, and go to state 79
  "-"           shift, and go to state 80
  "*"           shift, and go to state 74
  "/"           shift, and go to state 75
  "%"           shift, and go to state 78
  "mod"         shift, and go to state 77
  "div"         shift, and go to state 76
  "and"         shift, and go to state 88
  "or"          shift, and go to state 87
  "do"          shift, and go to state 165
  "by"          shift, and go to state 164


state 157

  53) Instruction : "if" Expression "then" Instructions "else" Instructions _ "end"
  66) Instructions : Instructions _ Instruction ";"

  "end"         shift, and go to state 166
  "with"        shift, and go to state 11
  "while"       shift, and go to state 12
  "if"          shift, and go to state 14
  "for"         shift, and go to state 13
  "repeat"      shift, and go to state 15
  "return"      shift, and go to state 19
  "read"        shift, and go to state 16
  "write"       shift, and go to state 17
  "writeln"     shift, and go to state 18
  "funid"       shift, and go to state 9
  "varid"       shift, and go to state 8
  $default      reduce using rule 40 (Instruction)

  VarID         go to state 10
  FunID         go to state 20
  Instruction   go to state 57

state 158

  54) Instruction : "if" Expression "then" Instructions "else" "end" _

  $default      reduce using rule 54 (Instruction)


state 159

  55) Instruction : "if" Expression "then" "else" Instructions "end" _

  $default      reduce using rule 55 (Instruction)


state 160

  68) Params : Params "," Datatype VarID _

  $default      reduce using rule 68 (Params)


state 161

  73) Function : "func" FunID "(" Params ")" "->" Datatype _ BeginEnd

  "begin"       shift, and go to state 136

  BeginEnd      go to state 167

state 162

  71) BeginEnd : "begin" Instructions "end" _

  $default      reduce using rule 71 (BeginEnd)


state 163

  74) Function : "func" FunID "(" ")" "->" Datatype BeginEnd _

  $default      reduce using rule 74 (Function)


state 164

  47) Instruction : "for" VarID "from" Expression "to" Expression "by" _ Expression "do" Instructions "end"
  48) Instruction : "for" VarID "from" Expression "to" Expression "by" _ Expression "do" "end"

  "-"           shift, and go to state 44
  "("           shift, and go to state 43
  "not"         shift, and go to state 45
  "true"        shift, and go to state 38
  "false"       shift, and go to state 39
  "num"         shift, and go to state 37
  "funid"       shift, and go to state 9
  "varid"       shift, and go to state 8
  "str"         shift, and go to state 40

  VarID         go to state 41
  FunID         go to state 42
  Expression    go to state 168

state 165

  49) Instruction : "for" VarID "from" Expression "to" Expression "do" _ Instructions "end"
  50) Instruction : "for" VarID "from" Expression "to" Expression "do" _ "end"

  "end"         shift, and go to state 170
  "with"        shift, and go to state 11
  "while"       shift, and go to state 12
  "if"          shift, and go to state 14
  "for"         shift, and go to state 13
  "repeat"      shift, and go to state 15
  "return"      shift, and go to state 19
  "read"        shift, and go to state 16
  "write"       shift, and go to state 17
  "writeln"     shift, and go to state 18
  "funid"       shift, and go to state 9
  "varid"       shift, and go to state 8
  $default      reduce using rule 40 (Instruction)

  VarID         go to state 10
  Instructions  go to state 169
  FunID         go to state 20
  Instruction   go to state 21

state 166

  53) Instruction : "if" Expression "then" Instructions "else" Instructions "end" _

  $default      reduce using rule 53 (Instruction)


state 167

  73) Function : "func" FunID "(" Params ")" "->" Datatype BeginEnd _

  $default      reduce using rule 73 (Function)


state 168

  12) Expression : Expression _ "*" Expression
  13) Expression : Expression _ "/" Expression
  14) Expression : Expression _ "div" Expression
  15) Expression : Expression _ "mod" Expression
  16) Expression : Expression _ "%" Expression
  17) Expression : Expression _ "+" Expression
  18) Expression : Expression _ "-" Expression
  19) Expression : Expression _ "==" Expression
  20) Expression : Expression _ "/=" Expression
  21) Expression : Expression _ "<=" Expression
  22) Expression : Expression _ ">=" Expression
  23) Expression : Expression _ "<" Expression
  24) Expression : Expression _ ">" Expression
  25) Expression : Expression _ "or" Expression
  26) Expression : Expression _ "and" Expression
  47) Instruction : "for" VarID "from" Expression "to" Expression "by" Expression _ "do" Instructions "end"
  48) Instruction : "for" VarID "from" Expression "to" Expression "by" Expression _ "do" "end"

  "=="          shift, and go to state 81
  "/="          shift, and go to state 82
  ">="          shift, and go to state 84
  "<="          shift, and go to state 83
  ">"           shift, and go to state 86
  "<"           shift, and go to state 85
  "+"           shift, and go to state 79
  "-"           shift, and go to state 80
  "*"           shift, and go to state 74
  "/"           shift, and go to state 75
  "%"           shift, and go to state 78
  "mod"         shift, and go to state 77
  "div"         shift, and go to state 76
  "and"         shift, and go to state 88
  "or"          shift, and go to state 87
  "do"          shift, and go to state 171


state 169

  49) Instruction : "for" VarID "from" Expression "to" Expression "do" Instructions _ "end"
  66) Instructions : Instructions _ Instruction ";"

  "end"         shift, and go to state 172
  "with"        shift, and go to state 11
  "while"       shift, and go to state 12
  "if"          shift, and go to state 14
  "for"         shift, and go to state 13
  "repeat"      shift, and go to state 15
  "return"      shift, and go to state 19
  "read"        shift, and go to state 16
  "write"       shift, and go to state 17
  "writeln"     shift, and go to state 18
  "funid"       shift, and go to state 9
  "varid"       shift, and go to state 8
  $default      reduce using rule 40 (Instruction)

  VarID         go to state 10
  FunID         go to state 20
  Instruction   go to state 57

state 170

  50) Instruction : "for" VarID "from" Expression "to" Expression "do" "end" _

  $default      reduce using rule 50 (Instruction)


state 171

  47) Instruction : "for" VarID "from" Expression "to" Expression "by" Expression "do" _ Instructions "end"
  48) Instruction : "for" VarID "from" Expression "to" Expression "by" Expression "do" _ "end"

  "end"         shift, and go to state 174
  "with"        shift, and go to state 11
  "while"       shift, and go to state 12
  "if"          shift, and go to state 14
  "for"         shift, and go to state 13
  "repeat"      shift, and go to state 15
  "return"      shift, and go to state 19
  "read"        shift, and go to state 16
  "write"       shift, and go to state 17
  "writeln"     shift, and go to state 18
  "funid"       shift, and go to state 9
  "varid"       shift, and go to state 8
  $default      reduce using rule 40 (Instruction)

  VarID         go to state 10
  Instructions  go to state 173
  FunID         go to state 20
  Instruction   go to state 21

state 172

  49) Instruction : "for" VarID "from" Expression "to" Expression "do" Instructions "end" _

  $default      reduce using rule 49 (Instruction)


state 173

  47) Instruction : "for" VarID "from" Expression "to" Expression "by" Expression "do" Instructions _ "end"
  66) Instructions : Instructions _ Instruction ";"

  "end"         shift, and go to state 175
  "with"        shift, and go to state 11
  "while"       shift, and go to state 12
  "if"          shift, and go to state 14
  "for"         shift, and go to state 13
  "repeat"      shift, and go to state 15
  "return"      shift, and go to state 19
  "read"        shift, and go to state 16
  "write"       shift, and go to state 17
  "writeln"     shift, and go to state 18
  "funid"       shift, and go to state 9
  "varid"       shift, and go to state 8
  $default      reduce using rule 40 (Instruction)

  VarID         go to state 10
  FunID         go to state 20
  Instruction   go to state 57

state 174

  48) Instruction : "for" VarID "from" Expression "to" Expression "by" Expression "do" "end" _

  $default      reduce using rule 48 (Instruction)


state 175

  47) Instruction : "for" VarID "from" Expression "to" Expression "by" Expression "do" Instructions "end" _

  $default      reduce using rule 47 (Instruction)

