

-------- Grammar --------

rule 1 EXPRESSION: NumberLiteral
rule 2 EXPRESSION: true
rule 3 EXPRESSION: false
rule 4 EXPRESSION: StringLiteral
rule 5 EXPRESSION: VariableID
rule 6 EXPRESSION: FunctionID "(" EXPRESSIONs ")"
rule 7 EXPRESSION: FunctionID "(" ")"
rule 8 EXPRESSION: "(" EXPRESSION ")"
rule 9 EXPRESSION: "-" EXPRESSION
rule 10 EXPRESSION: not EXPRESSION
rule 11 EXPRESSION: EXPRESSION "*" EXPRESSION
rule 12 EXPRESSION: EXPRESSION "/" EXPRESSION
rule 13 EXPRESSION: EXPRESSION div EXPRESSION
rule 14 EXPRESSION: EXPRESSION mod EXPRESSION
rule 15 EXPRESSION: EXPRESSION "%" EXPRESSION
rule 16 EXPRESSION: EXPRESSION "+" EXPRESSION
rule 17 EXPRESSION: EXPRESSION "-" EXPRESSION
rule 18 EXPRESSION: EXPRESSION "==" EXPRESSION
rule 19 EXPRESSION: EXPRESSION "/=" EXPRESSION
rule 20 EXPRESSION: EXPRESSION "<=" EXPRESSION
rule 21 EXPRESSION: EXPRESSION ">=" EXPRESSION
rule 22 EXPRESSION: EXPRESSION "<" EXPRESSION
rule 23 EXPRESSION: EXPRESSION ">" EXPRESSION
rule 24 EXPRESSION: EXPRESSION or EXPRESSION
rule 25 EXPRESSION: EXPRESSION and EXPRESSION
rule 26 EXPRESSIONs: EXPRESSION
rule 27 EXPRESSIONs: EXPRESSIONs "," EXPRESSION
rule 28 VARID: VariableID
rule 29 VARIDs: VARID
rule 30 VARIDs: VARIDs "," VARID
rule 31 DATATYPE: boolean
rule 32 DATATYPE: number
rule 33 STATEMENT: DATATYPE VARIDs
rule 34 STATEMENT: DATATYPE VARID "=" EXPRESSION
rule 35 STATEMENTs: STATEMENT ";"
rule 36 STATEMENTs: STATEMENTs STATEMENT ";"
rule 37 INSTRUCTION: 
rule 38 INSTRUCTION: VariableID "=" EXPRESSION
rule 39 INSTRUCTION: with STATEMENTs do INSTRUCTIONs "end"
rule 40 INSTRUCTION: with STATEMENTs do "end"
rule 41 INSTRUCTION: with do INSTRUCTIONs "end"
rule 42 INSTRUCTION: with do "end"
rule 43 INSTRUCTION: while EXPRESSION do INSTRUCTIONs "end"
rule 44 INSTRUCTION: for VariableID from EXPRESSION to EXPRESSION by EXPRESSION do INSTRUCTIONs "end"
rule 45 INSTRUCTION: for VariableID from EXPRESSION to EXPRESSION by EXPRESSION do "end"
rule 46 INSTRUCTION: for VariableID from EXPRESSION to EXPRESSION do INSTRUCTIONs "end"
rule 47 INSTRUCTION: for VariableID from EXPRESSION to EXPRESSION do "end"
rule 48 INSTRUCTION: if EXPRESSION then INSTRUCTIONs "end"
rule 49 INSTRUCTION: if EXPRESSION then "end"
rule 50 INSTRUCTION: if EXPRESSION then INSTRUCTIONs else INSTRUCTIONs "end"
rule 51 INSTRUCTION: if EXPRESSION then INSTRUCTIONs else "end"
rule 52 INSTRUCTION: if EXPRESSION then else INSTRUCTIONs "end"
rule 53 INSTRUCTION: if EXPRESSION then else "end"
rule 54 INSTRUCTION: repeat EXPRESSION times INSTRUCTIONs "end"
rule 55 INSTRUCTION: repeat EXPRESSION times "end"
rule 56 INSTRUCTION: read VariableID
rule 57 INSTRUCTION: write EXPRESSIONs
rule 58 INSTRUCTION: writeln EXPRESSIONs
rule 59 INSTRUCTION: return EXPRESSION
rule 60 INSTRUCTION: FunctionID "(" EXPRESSIONs ")"
rule 61 INSTRUCTION: FunctionID "(" ")"
rule 62 INSTRUCTIONs: INSTRUCTION ";"
rule 63 INSTRUCTIONs: INSTRUCTIONs INSTRUCTION ";"
rule 64 PARAMS: DATATYPE VARID
rule 65 PARAMS: PARAMS "," DATATYPE VARID
rule 66 PROGRAM: program INSTRUCTIONs "end"
rule 67 PROGRAM: program "end"
rule 68 BEGINEND: begin INSTRUCTIONs "end"
rule 69 BEGINEND: begin "end"
rule 70 FUNID: FunctionID
rule 71 FUNCTION: func FUNID "(" PARAMS ")" "->" DATATYPE BEGINEND
rule 72 FUNCTION: func FUNID "(" ")" "->" DATATYPE BEGINEND
rule 73 FUNCTION: func FUNID "(" PARAMS ")" BEGINEND
rule 74 FUNCTION: func FUNID "(" ")" BEGINEND
rule 75 FUNCTIONs: FUNCTION ";"
rule 76 FUNCTIONs: FUNCTIONs FUNCTION ";"
rule 77 RETINA: PROGRAM ";"
rule 78 RETINA: FUNCTIONs PROGRAM ";"

------- Symbols -------

**Nonterminals, with rules where they appear

  $start (54)
    on right: 
    on left : 
  RETINA (55)
    on right: 
    on left : 77 78
  EXPRESSION (56)
    on right: 8 9 10 11 12 13 14 15 16 17 18 19 20 21 22 23 24 25 26 27 34 38 43 44 45 46 47 48 49 50 51 52 53 54 55 59
    on left : 1 2 3 4 5 6 7 8 9 10 11 12 13 14 15 16 17 18 19 20 21 22 23 24 25
  EXPRESSIONs (57)
    on right: 6 27 57 58 60
    on left : 26 27
  VARID (58)
    on right: 29 30 34 64 65
    on left : 28
  VARIDs (59)
    on right: 30 33
    on left : 29 30
  DATATYPE (60)
    on right: 33 34 64 65 71 72
    on left : 31 32
  STATEMENT (61)
    on right: 35 36
    on left : 33 34
  STATEMENTs (62)
    on right: 36 39 40
    on left : 35 36
  INSTRUCTION (63)
    on right: 62 63
    on left : 37 38 39 40 41 42 43 44 45 46 47 48 49 50 51 52 53 54 55 56 57 58 59 60 61
  INSTRUCTIONs (64)
    on right: 39 41 43 44 46 48 50 51 52 54 63 66 68
    on left : 62 63
  PARAMS (65)
    on right: 65 71 73
    on left : 64 65
  PROGRAM (66)
    on right: 77 78
    on left : 66 67
  BEGINEND (67)
    on right: 71 72 73 74
    on left : 68 69
  FUNID (68)
    on right: 71 72 73 74
    on left : 70
  FUNCTION (69)
    on right: 75 76
    on left : 71 72 73 74
  FUNCTIONs (70)
    on right: 76 78
    on left : 75 76

**Terminals, with rules where they appear

  $end (0) 
  error (1) 
  "==" (2) 18
  "/=" (3) 19
  ">=" (4) 21
  "<=" (5) 20
  ">" (6) 23
  "<" (7) 22
  "->" (8) 71 72
  "+" (9) 16
  "-" (10) 9 17
  "*" (11) 11
  "/" (12) 12
  "%" (13) 15
  mod (14) 14
  div (15) 13
  "=" (16) 34 38
  "(" (17) 6 7 8 60 61 71 72 73 74
  ")" (18) 6 7 8 60 61 71 72 73 74
  ";" (19) 35 36 62 63 75 76 77 78
  "," (20) 27 30 65
  not (21) 10
  and (22) 25
  or (23) 24
  true (24) 2
  false (25) 3
  program (26) 66 67
  "end" (27) 39 40 41 42 43 44 45 46 47 48 49 50 51 52 53 54 55 66 67 68 69
  with (28) 39 40 41 42
  do (29) 39 40 41 42 43 44 45 46 47
  while (30) 43
  if (31) 48 49 50 51 52 53
  then (32) 48 49 50 51 52 53
  else (33) 50 51 52 53
  for (34) 44 45 46 47
  from (35) 44 45 46 47
  by (36) 44 45
  to (37) 44 45 46 47
  repeat (38) 54 55
  times (39) 54 55
  func (40) 71 72 73 74
  begin (41) 68 69
  return (42) 59
  boolean (43) 31
  number (44) 32
  read (45) 56
  write (46) 57
  writeln (47) 58
  NumberLiteral (48) 1
  FunctionID (49) 6 7 60 61 70
  VariableID (50) 5 28 38 44 45 46 47 56
  StringLiteral (51) 4
  UMINUS (52) 
  noassoc (53) 

--------- State ---------

state 0


  program       shift, and go to state 2
  func          shift, and go to state 3

  RETINA        go to state 1
  FUNCTION      go to state 4
  FUNCTIONs     go to state 5
  PROGRAM       go to state 6

state 1


  $end          shift, and go to state 7


state 2

  66) PROGRAM : program _ INSTRUCTIONs "end"
  67) PROGRAM : program _ "end"

  "end"         shift, and go to state 21
  with          shift, and go to state 9
  while         shift, and go to state 10
  if            shift, and go to state 12
  for           shift, and go to state 11
  repeat        shift, and go to state 13
  return        shift, and go to state 17
  read          shift, and go to state 14
  write         shift, and go to state 15
  writeln       shift, and go to state 16
  FunctionID    shift, and go to state 18
  VariableID    shift, and go to state 8
  $default      reduce using rule 37 (INSTRUCTION)

  INSTRUCTION   go to state 19
  INSTRUCTIONs  go to state 20

state 3

  71) FUNCTION : func _ FUNID "(" PARAMS ")" "->" DATATYPE BEGINEND
  72) FUNCTION : func _ FUNID "(" ")" "->" DATATYPE BEGINEND
  73) FUNCTION : func _ FUNID "(" PARAMS ")" BEGINEND
  74) FUNCTION : func _ FUNID "(" ")" BEGINEND

  FunctionID    shift, and go to state 22

  FUNID         go to state 23

state 4

  75) FUNCTIONs : FUNCTION _ ";"

  ";"           shift, and go to state 24


state 5

  76) FUNCTIONs : FUNCTIONs _ FUNCTION ";"
  78) RETINA : FUNCTIONs _ PROGRAM ";"

  program       shift, and go to state 2
  func          shift, and go to state 3

  FUNCTION      go to state 25
  PROGRAM       go to state 26

state 6

  77) RETINA : PROGRAM _ ";"

  ";"           shift, and go to state 27


state 7


  $end          shift, and go to state 28


state 8

  38) INSTRUCTION : VariableID _ "=" EXPRESSION

  "="           shift, and go to state 29


state 9

  39) INSTRUCTION : with _ STATEMENTs do INSTRUCTIONs "end"
  40) INSTRUCTION : with _ STATEMENTs do "end"
  41) INSTRUCTION : with _ do INSTRUCTIONs "end"
  42) INSTRUCTION : with _ do "end"

  do            shift, and go to state 35
  boolean       shift, and go to state 30
  number        shift, and go to state 31

  DATATYPE      go to state 32
  STATEMENT     go to state 33
  STATEMENTs    go to state 34

state 10

  43) INSTRUCTION : while _ EXPRESSION do INSTRUCTIONs "end"

  "-"           shift, and go to state 43
  "("           shift, and go to state 42
  not           shift, and go to state 44
  true          shift, and go to state 37
  false         shift, and go to state 38
  NumberLiteral  shift, and go to state 36
  FunctionID    shift, and go to state 41
  VariableID    shift, and go to state 40
  StringLiteral  shift, and go to state 39

  EXPRESSION    go to state 45

state 11

  44) INSTRUCTION : for _ VariableID from EXPRESSION to EXPRESSION by EXPRESSION do INSTRUCTIONs "end"
  45) INSTRUCTION : for _ VariableID from EXPRESSION to EXPRESSION by EXPRESSION do "end"
  46) INSTRUCTION : for _ VariableID from EXPRESSION to EXPRESSION do INSTRUCTIONs "end"
  47) INSTRUCTION : for _ VariableID from EXPRESSION to EXPRESSION do "end"

  VariableID    shift, and go to state 46


state 12

  48) INSTRUCTION : if _ EXPRESSION then INSTRUCTIONs "end"
  49) INSTRUCTION : if _ EXPRESSION then "end"
  50) INSTRUCTION : if _ EXPRESSION then INSTRUCTIONs else INSTRUCTIONs "end"
  51) INSTRUCTION : if _ EXPRESSION then INSTRUCTIONs else "end"
  52) INSTRUCTION : if _ EXPRESSION then else INSTRUCTIONs "end"
  53) INSTRUCTION : if _ EXPRESSION then else "end"

  "-"           shift, and go to state 43
  "("           shift, and go to state 42
  not           shift, and go to state 44
  true          shift, and go to state 37
  false         shift, and go to state 38
  NumberLiteral  shift, and go to state 36
  FunctionID    shift, and go to state 41
  VariableID    shift, and go to state 40
  StringLiteral  shift, and go to state 39

  EXPRESSION    go to state 47

state 13

  54) INSTRUCTION : repeat _ EXPRESSION times INSTRUCTIONs "end"
  55) INSTRUCTION : repeat _ EXPRESSION times "end"

  "-"           shift, and go to state 43
  "("           shift, and go to state 42
  not           shift, and go to state 44
  true          shift, and go to state 37
  false         shift, and go to state 38
  NumberLiteral  shift, and go to state 36
  FunctionID    shift, and go to state 41
  VariableID    shift, and go to state 40
  StringLiteral  shift, and go to state 39

  EXPRESSION    go to state 48

state 14

  56) INSTRUCTION : read _ VariableID

  VariableID    shift, and go to state 49


state 15

  57) INSTRUCTION : write _ EXPRESSIONs

  "-"           shift, and go to state 43
  "("           shift, and go to state 42
  not           shift, and go to state 44
  true          shift, and go to state 37
  false         shift, and go to state 38
  NumberLiteral  shift, and go to state 36
  FunctionID    shift, and go to state 41
  VariableID    shift, and go to state 40
  StringLiteral  shift, and go to state 39

  EXPRESSION    go to state 50
  EXPRESSIONs   go to state 51

state 16

  58) INSTRUCTION : writeln _ EXPRESSIONs

  "-"           shift, and go to state 43
  "("           shift, and go to state 42
  not           shift, and go to state 44
  true          shift, and go to state 37
  false         shift, and go to state 38
  NumberLiteral  shift, and go to state 36
  FunctionID    shift, and go to state 41
  VariableID    shift, and go to state 40
  StringLiteral  shift, and go to state 39

  EXPRESSION    go to state 50
  EXPRESSIONs   go to state 52

state 17

  59) INSTRUCTION : return _ EXPRESSION

  "-"           shift, and go to state 43
  "("           shift, and go to state 42
  not           shift, and go to state 44
  true          shift, and go to state 37
  false         shift, and go to state 38
  NumberLiteral  shift, and go to state 36
  FunctionID    shift, and go to state 41
  VariableID    shift, and go to state 40
  StringLiteral  shift, and go to state 39

  EXPRESSION    go to state 53

state 18

  60) INSTRUCTION : FunctionID _ "(" EXPRESSIONs ")"
  61) INSTRUCTION : FunctionID _ "(" ")"

  "("           shift, and go to state 54


state 19

  62) INSTRUCTIONs : INSTRUCTION _ ";"

  ";"           shift, and go to state 55


state 20

  63) INSTRUCTIONs : INSTRUCTIONs _ INSTRUCTION ";"
  66) PROGRAM : program INSTRUCTIONs _ "end"

  "end"         shift, and go to state 57
  with          shift, and go to state 9
  while         shift, and go to state 10
  if            shift, and go to state 12
  for           shift, and go to state 11
  repeat        shift, and go to state 13
  return        shift, and go to state 17
  read          shift, and go to state 14
  write         shift, and go to state 15
  writeln       shift, and go to state 16
  FunctionID    shift, and go to state 18
  VariableID    shift, and go to state 8
  $default      reduce using rule 37 (INSTRUCTION)

  INSTRUCTION   go to state 56

state 21

  67) PROGRAM : program "end" _

  $default      reduce using rule 67 (PROGRAM)


state 22

  70) FUNID : FunctionID _

  $default      reduce using rule 70 (FUNID)


state 23

  71) FUNCTION : func FUNID _ "(" PARAMS ")" "->" DATATYPE BEGINEND
  72) FUNCTION : func FUNID _ "(" ")" "->" DATATYPE BEGINEND
  73) FUNCTION : func FUNID _ "(" PARAMS ")" BEGINEND
  74) FUNCTION : func FUNID _ "(" ")" BEGINEND

  "("           shift, and go to state 58


state 24

  75) FUNCTIONs : FUNCTION ";" _

  $default      reduce using rule 75 (FUNCTIONs)


state 25

  76) FUNCTIONs : FUNCTIONs FUNCTION _ ";"

  ";"           shift, and go to state 59


state 26

  78) RETINA : FUNCTIONs PROGRAM _ ";"

  ";"           shift, and go to state 60


state 27

  77) RETINA : PROGRAM ";" _

  $default      reduce using rule 77 (RETINA)


state 28


  $default      accept


state 29

  38) INSTRUCTION : VariableID "=" _ EXPRESSION

  "-"           shift, and go to state 43
  "("           shift, and go to state 42
  not           shift, and go to state 44
  true          shift, and go to state 37
  false         shift, and go to state 38
  NumberLiteral  shift, and go to state 36
  FunctionID    shift, and go to state 41
  VariableID    shift, and go to state 40
  StringLiteral  shift, and go to state 39

  EXPRESSION    go to state 61

state 30

  31) DATATYPE : boolean _

  $default      reduce using rule 31 (DATATYPE)


state 31

  32) DATATYPE : number _

  $default      reduce using rule 32 (DATATYPE)


state 32

  33) STATEMENT : DATATYPE _ VARIDs
  34) STATEMENT : DATATYPE _ VARID "=" EXPRESSION

  VariableID    shift, and go to state 62

  VARID         go to state 63
  VARIDs        go to state 64

state 33

  35) STATEMENTs : STATEMENT _ ";"

  ";"           shift, and go to state 65


state 34

  36) STATEMENTs : STATEMENTs _ STATEMENT ";"
  39) INSTRUCTION : with STATEMENTs _ do INSTRUCTIONs "end"
  40) INSTRUCTION : with STATEMENTs _ do "end"

  do            shift, and go to state 67
  boolean       shift, and go to state 30
  number        shift, and go to state 31

  DATATYPE      go to state 32
  STATEMENT     go to state 66

state 35

  41) INSTRUCTION : with do _ INSTRUCTIONs "end"
  42) INSTRUCTION : with do _ "end"

  "end"         shift, and go to state 69
  with          shift, and go to state 9
  while         shift, and go to state 10
  if            shift, and go to state 12
  for           shift, and go to state 11
  repeat        shift, and go to state 13
  return        shift, and go to state 17
  read          shift, and go to state 14
  write         shift, and go to state 15
  writeln       shift, and go to state 16
  FunctionID    shift, and go to state 18
  VariableID    shift, and go to state 8
  $default      reduce using rule 37 (INSTRUCTION)

  INSTRUCTIONs  go to state 68
  INSTRUCTION   go to state 19

state 36

   1) EXPRESSION : NumberLiteral _

  $default      reduce using rule 1 (EXPRESSION)


state 37

   2) EXPRESSION : true _

  $default      reduce using rule 2 (EXPRESSION)


state 38

   3) EXPRESSION : false _

  $default      reduce using rule 3 (EXPRESSION)


state 39

   4) EXPRESSION : StringLiteral _

  $default      reduce using rule 4 (EXPRESSION)


state 40

   5) EXPRESSION : VariableID _

  $default      reduce using rule 5 (EXPRESSION)


state 41

   6) EXPRESSION : FunctionID _ "(" EXPRESSIONs ")"
   7) EXPRESSION : FunctionID _ "(" ")"

  "("           shift, and go to state 70


state 42

   8) EXPRESSION : "(" _ EXPRESSION ")"

  "-"           shift, and go to state 43
  "("           shift, and go to state 42
  not           shift, and go to state 44
  true          shift, and go to state 37
  false         shift, and go to state 38
  NumberLiteral  shift, and go to state 36
  FunctionID    shift, and go to state 41
  VariableID    shift, and go to state 40
  StringLiteral  shift, and go to state 39

  EXPRESSION    go to state 71

state 43

   9) EXPRESSION : "-" _ EXPRESSION

  "-"           shift, and go to state 43
  "("           shift, and go to state 42
  not           shift, and go to state 44
  true          shift, and go to state 37
  false         shift, and go to state 38
  NumberLiteral  shift, and go to state 36
  FunctionID    shift, and go to state 41
  VariableID    shift, and go to state 40
  StringLiteral  shift, and go to state 39

  EXPRESSION    go to state 72

state 44

  10) EXPRESSION : not _ EXPRESSION

  "-"           shift, and go to state 43
  "("           shift, and go to state 42
  not           shift, and go to state 44
  true          shift, and go to state 37
  false         shift, and go to state 38
  NumberLiteral  shift, and go to state 36
  FunctionID    shift, and go to state 41
  VariableID    shift, and go to state 40
  StringLiteral  shift, and go to state 39

  EXPRESSION    go to state 73

state 45

  11) EXPRESSION : EXPRESSION _ "*" EXPRESSION
  12) EXPRESSION : EXPRESSION _ "/" EXPRESSION
  13) EXPRESSION : EXPRESSION _ div EXPRESSION
  14) EXPRESSION : EXPRESSION _ mod EXPRESSION
  15) EXPRESSION : EXPRESSION _ "%" EXPRESSION
  16) EXPRESSION : EXPRESSION _ "+" EXPRESSION
  17) EXPRESSION : EXPRESSION _ "-" EXPRESSION
  18) EXPRESSION : EXPRESSION _ "==" EXPRESSION
  19) EXPRESSION : EXPRESSION _ "/=" EXPRESSION
  20) EXPRESSION : EXPRESSION _ "<=" EXPRESSION
  21) EXPRESSION : EXPRESSION _ ">=" EXPRESSION
  22) EXPRESSION : EXPRESSION _ "<" EXPRESSION
  23) EXPRESSION : EXPRESSION _ ">" EXPRESSION
  24) EXPRESSION : EXPRESSION _ or EXPRESSION
  25) EXPRESSION : EXPRESSION _ and EXPRESSION
  43) INSTRUCTION : while EXPRESSION _ do INSTRUCTIONs "end"

  "=="          shift, and go to state 81
  "/="          shift, and go to state 82
  ">="          shift, and go to state 84
  "<="          shift, and go to state 83
  ">"           shift, and go to state 86
  "<"           shift, and go to state 85
  "+"           shift, and go to state 79
  "-"           shift, and go to state 80
  "*"           shift, and go to state 74
  "/"           shift, and go to state 75
  "%"           shift, and go to state 78
  mod           shift, and go to state 77
  div           shift, and go to state 76
  and           shift, and go to state 88
  or            shift, and go to state 87
  do            shift, and go to state 89


state 46

  44) INSTRUCTION : for VariableID _ from EXPRESSION to EXPRESSION by EXPRESSION do INSTRUCTIONs "end"
  45) INSTRUCTION : for VariableID _ from EXPRESSION to EXPRESSION by EXPRESSION do "end"
  46) INSTRUCTION : for VariableID _ from EXPRESSION to EXPRESSION do INSTRUCTIONs "end"
  47) INSTRUCTION : for VariableID _ from EXPRESSION to EXPRESSION do "end"

  from          shift, and go to state 90


state 47

  11) EXPRESSION : EXPRESSION _ "*" EXPRESSION
  12) EXPRESSION : EXPRESSION _ "/" EXPRESSION
  13) EXPRESSION : EXPRESSION _ div EXPRESSION
  14) EXPRESSION : EXPRESSION _ mod EXPRESSION
  15) EXPRESSION : EXPRESSION _ "%" EXPRESSION
  16) EXPRESSION : EXPRESSION _ "+" EXPRESSION
  17) EXPRESSION : EXPRESSION _ "-" EXPRESSION
  18) EXPRESSION : EXPRESSION _ "==" EXPRESSION
  19) EXPRESSION : EXPRESSION _ "/=" EXPRESSION
  20) EXPRESSION : EXPRESSION _ "<=" EXPRESSION
  21) EXPRESSION : EXPRESSION _ ">=" EXPRESSION
  22) EXPRESSION : EXPRESSION _ "<" EXPRESSION
  23) EXPRESSION : EXPRESSION _ ">" EXPRESSION
  24) EXPRESSION : EXPRESSION _ or EXPRESSION
  25) EXPRESSION : EXPRESSION _ and EXPRESSION
  48) INSTRUCTION : if EXPRESSION _ then INSTRUCTIONs "end"
  49) INSTRUCTION : if EXPRESSION _ then "end"
  50) INSTRUCTION : if EXPRESSION _ then INSTRUCTIONs else INSTRUCTIONs "end"
  51) INSTRUCTION : if EXPRESSION _ then INSTRUCTIONs else "end"
  52) INSTRUCTION : if EXPRESSION _ then else INSTRUCTIONs "end"
  53) INSTRUCTION : if EXPRESSION _ then else "end"

  "=="          shift, and go to state 81
  "/="          shift, and go to state 82
  ">="          shift, and go to state 84
  "<="          shift, and go to state 83
  ">"           shift, and go to state 86
  "<"           shift, and go to state 85
  "+"           shift, and go to state 79
  "-"           shift, and go to state 80
  "*"           shift, and go to state 74
  "/"           shift, and go to state 75
  "%"           shift, and go to state 78
  mod           shift, and go to state 77
  div           shift, and go to state 76
  and           shift, and go to state 88
  or            shift, and go to state 87
  then          shift, and go to state 91


state 48

  11) EXPRESSION : EXPRESSION _ "*" EXPRESSION
  12) EXPRESSION : EXPRESSION _ "/" EXPRESSION
  13) EXPRESSION : EXPRESSION _ div EXPRESSION
  14) EXPRESSION : EXPRESSION _ mod EXPRESSION
  15) EXPRESSION : EXPRESSION _ "%" EXPRESSION
  16) EXPRESSION : EXPRESSION _ "+" EXPRESSION
  17) EXPRESSION : EXPRESSION _ "-" EXPRESSION
  18) EXPRESSION : EXPRESSION _ "==" EXPRESSION
  19) EXPRESSION : EXPRESSION _ "/=" EXPRESSION
  20) EXPRESSION : EXPRESSION _ "<=" EXPRESSION
  21) EXPRESSION : EXPRESSION _ ">=" EXPRESSION
  22) EXPRESSION : EXPRESSION _ "<" EXPRESSION
  23) EXPRESSION : EXPRESSION _ ">" EXPRESSION
  24) EXPRESSION : EXPRESSION _ or EXPRESSION
  25) EXPRESSION : EXPRESSION _ and EXPRESSION
  54) INSTRUCTION : repeat EXPRESSION _ times INSTRUCTIONs "end"
  55) INSTRUCTION : repeat EXPRESSION _ times "end"

  "=="          shift, and go to state 81
  "/="          shift, and go to state 82
  ">="          shift, and go to state 84
  "<="          shift, and go to state 83
  ">"           shift, and go to state 86
  "<"           shift, and go to state 85
  "+"           shift, and go to state 79
  "-"           shift, and go to state 80
  "*"           shift, and go to state 74
  "/"           shift, and go to state 75
  "%"           shift, and go to state 78
  mod           shift, and go to state 77
  div           shift, and go to state 76
  and           shift, and go to state 88
  or            shift, and go to state 87
  times         shift, and go to state 92


state 49

  56) INSTRUCTION : read VariableID _

  $default      reduce using rule 56 (INSTRUCTION)


state 50

  11) EXPRESSION : EXPRESSION _ "*" EXPRESSION
  12) EXPRESSION : EXPRESSION _ "/" EXPRESSION
  13) EXPRESSION : EXPRESSION _ div EXPRESSION
  14) EXPRESSION : EXPRESSION _ mod EXPRESSION
  15) EXPRESSION : EXPRESSION _ "%" EXPRESSION
  16) EXPRESSION : EXPRESSION _ "+" EXPRESSION
  17) EXPRESSION : EXPRESSION _ "-" EXPRESSION
  18) EXPRESSION : EXPRESSION _ "==" EXPRESSION
  19) EXPRESSION : EXPRESSION _ "/=" EXPRESSION
  20) EXPRESSION : EXPRESSION _ "<=" EXPRESSION
  21) EXPRESSION : EXPRESSION _ ">=" EXPRESSION
  22) EXPRESSION : EXPRESSION _ "<" EXPRESSION
  23) EXPRESSION : EXPRESSION _ ">" EXPRESSION
  24) EXPRESSION : EXPRESSION _ or EXPRESSION
  25) EXPRESSION : EXPRESSION _ and EXPRESSION
  26) EXPRESSIONs : EXPRESSION _

  "=="          shift, and go to state 81
  "/="          shift, and go to state 82
  ">="          shift, and go to state 84
  "<="          shift, and go to state 83
  ">"           shift, and go to state 86
  "<"           shift, and go to state 85
  "+"           shift, and go to state 79
  "-"           shift, and go to state 80
  "*"           shift, and go to state 74
  "/"           shift, and go to state 75
  "%"           shift, and go to state 78
  mod           shift, and go to state 77
  div           shift, and go to state 76
  and           shift, and go to state 88
  or            shift, and go to state 87
  $default      reduce using rule 26 (EXPRESSIONs)


state 51

  27) EXPRESSIONs : EXPRESSIONs _ "," EXPRESSION
  57) INSTRUCTION : write EXPRESSIONs _

  ","           shift, and go to state 93
  $default      reduce using rule 57 (INSTRUCTION)


state 52

  27) EXPRESSIONs : EXPRESSIONs _ "," EXPRESSION
  58) INSTRUCTION : writeln EXPRESSIONs _

  ","           shift, and go to state 93
  $default      reduce using rule 58 (INSTRUCTION)


state 53

  11) EXPRESSION : EXPRESSION _ "*" EXPRESSION
  12) EXPRESSION : EXPRESSION _ "/" EXPRESSION
  13) EXPRESSION : EXPRESSION _ div EXPRESSION
  14) EXPRESSION : EXPRESSION _ mod EXPRESSION
  15) EXPRESSION : EXPRESSION _ "%" EXPRESSION
  16) EXPRESSION : EXPRESSION _ "+" EXPRESSION
  17) EXPRESSION : EXPRESSION _ "-" EXPRESSION
  18) EXPRESSION : EXPRESSION _ "==" EXPRESSION
  19) EXPRESSION : EXPRESSION _ "/=" EXPRESSION
  20) EXPRESSION : EXPRESSION _ "<=" EXPRESSION
  21) EXPRESSION : EXPRESSION _ ">=" EXPRESSION
  22) EXPRESSION : EXPRESSION _ "<" EXPRESSION
  23) EXPRESSION : EXPRESSION _ ">" EXPRESSION
  24) EXPRESSION : EXPRESSION _ or EXPRESSION
  25) EXPRESSION : EXPRESSION _ and EXPRESSION
  59) INSTRUCTION : return EXPRESSION _

  "=="          shift, and go to state 81
  "/="          shift, and go to state 82
  ">="          shift, and go to state 84
  "<="          shift, and go to state 83
  ">"           shift, and go to state 86
  "<"           shift, and go to state 85
  "+"           shift, and go to state 79
  "-"           shift, and go to state 80
  "*"           shift, and go to state 74
  "/"           shift, and go to state 75
  "%"           shift, and go to state 78
  mod           shift, and go to state 77
  div           shift, and go to state 76
  and           shift, and go to state 88
  or            shift, and go to state 87
  $default      reduce using rule 59 (INSTRUCTION)


state 54

  60) INSTRUCTION : FunctionID "(" _ EXPRESSIONs ")"
  61) INSTRUCTION : FunctionID "(" _ ")"

  "-"           shift, and go to state 43
  "("           shift, and go to state 42
  ")"           shift, and go to state 95
  not           shift, and go to state 44
  true          shift, and go to state 37
  false         shift, and go to state 38
  NumberLiteral  shift, and go to state 36
  FunctionID    shift, and go to state 41
  VariableID    shift, and go to state 40
  StringLiteral  shift, and go to state 39

  EXPRESSION    go to state 50
  EXPRESSIONs   go to state 94

state 55

  62) INSTRUCTIONs : INSTRUCTION ";" _

  $default      reduce using rule 62 (INSTRUCTIONs)


state 56

  63) INSTRUCTIONs : INSTRUCTIONs INSTRUCTION _ ";"

  ";"           shift, and go to state 96


state 57

  66) PROGRAM : program INSTRUCTIONs "end" _

  $default      reduce using rule 66 (PROGRAM)


state 58

  71) FUNCTION : func FUNID "(" _ PARAMS ")" "->" DATATYPE BEGINEND
  72) FUNCTION : func FUNID "(" _ ")" "->" DATATYPE BEGINEND
  73) FUNCTION : func FUNID "(" _ PARAMS ")" BEGINEND
  74) FUNCTION : func FUNID "(" _ ")" BEGINEND

  ")"           shift, and go to state 99
  boolean       shift, and go to state 30
  number        shift, and go to state 31

  DATATYPE      go to state 97
  PARAMS        go to state 98

state 59

  76) FUNCTIONs : FUNCTIONs FUNCTION ";" _

  $default      reduce using rule 76 (FUNCTIONs)


state 60

  78) RETINA : FUNCTIONs PROGRAM ";" _

  $default      reduce using rule 78 (RETINA)


state 61

  11) EXPRESSION : EXPRESSION _ "*" EXPRESSION
  12) EXPRESSION : EXPRESSION _ "/" EXPRESSION
  13) EXPRESSION : EXPRESSION _ div EXPRESSION
  14) EXPRESSION : EXPRESSION _ mod EXPRESSION
  15) EXPRESSION : EXPRESSION _ "%" EXPRESSION
  16) EXPRESSION : EXPRESSION _ "+" EXPRESSION
  17) EXPRESSION : EXPRESSION _ "-" EXPRESSION
  18) EXPRESSION : EXPRESSION _ "==" EXPRESSION
  19) EXPRESSION : EXPRESSION _ "/=" EXPRESSION
  20) EXPRESSION : EXPRESSION _ "<=" EXPRESSION
  21) EXPRESSION : EXPRESSION _ ">=" EXPRESSION
  22) EXPRESSION : EXPRESSION _ "<" EXPRESSION
  23) EXPRESSION : EXPRESSION _ ">" EXPRESSION
  24) EXPRESSION : EXPRESSION _ or EXPRESSION
  25) EXPRESSION : EXPRESSION _ and EXPRESSION
  38) INSTRUCTION : VariableID "=" EXPRESSION _

  "=="          shift, and go to state 81
  "/="          shift, and go to state 82
  ">="          shift, and go to state 84
  "<="          shift, and go to state 83
  ">"           shift, and go to state 86
  "<"           shift, and go to state 85
  "+"           shift, and go to state 79
  "-"           shift, and go to state 80
  "*"           shift, and go to state 74
  "/"           shift, and go to state 75
  "%"           shift, and go to state 78
  mod           shift, and go to state 77
  div           shift, and go to state 76
  and           shift, and go to state 88
  or            shift, and go to state 87
  $default      reduce using rule 38 (INSTRUCTION)


state 62

  28) VARID : VariableID _

  $default      reduce using rule 28 (VARID)


state 63

  29) VARIDs : VARID _
  34) STATEMENT : DATATYPE VARID _ "=" EXPRESSION

  "="           shift, and go to state 100
  $default      reduce using rule 29 (VARIDs)


state 64

  30) VARIDs : VARIDs _ "," VARID
  33) STATEMENT : DATATYPE VARIDs _

  ","           shift, and go to state 101
  $default      reduce using rule 33 (STATEMENT)


state 65

  35) STATEMENTs : STATEMENT ";" _

  $default      reduce using rule 35 (STATEMENTs)


state 66

  36) STATEMENTs : STATEMENTs STATEMENT _ ";"

  ";"           shift, and go to state 102


state 67

  39) INSTRUCTION : with STATEMENTs do _ INSTRUCTIONs "end"
  40) INSTRUCTION : with STATEMENTs do _ "end"

  "end"         shift, and go to state 104
  with          shift, and go to state 9
  while         shift, and go to state 10
  if            shift, and go to state 12
  for           shift, and go to state 11
  repeat        shift, and go to state 13
  return        shift, and go to state 17
  read          shift, and go to state 14
  write         shift, and go to state 15
  writeln       shift, and go to state 16
  FunctionID    shift, and go to state 18
  VariableID    shift, and go to state 8
  $default      reduce using rule 37 (INSTRUCTION)

  INSTRUCTIONs  go to state 103
  INSTRUCTION   go to state 19

state 68

  41) INSTRUCTION : with do INSTRUCTIONs _ "end"
  63) INSTRUCTIONs : INSTRUCTIONs _ INSTRUCTION ";"

  "end"         shift, and go to state 105
  with          shift, and go to state 9
  while         shift, and go to state 10
  if            shift, and go to state 12
  for           shift, and go to state 11
  repeat        shift, and go to state 13
  return        shift, and go to state 17
  read          shift, and go to state 14
  write         shift, and go to state 15
  writeln       shift, and go to state 16
  FunctionID    shift, and go to state 18
  VariableID    shift, and go to state 8
  $default      reduce using rule 37 (INSTRUCTION)

  INSTRUCTION   go to state 56

state 69

  42) INSTRUCTION : with do "end" _

  $default      reduce using rule 42 (INSTRUCTION)


state 70

   6) EXPRESSION : FunctionID "(" _ EXPRESSIONs ")"
   7) EXPRESSION : FunctionID "(" _ ")"

  "-"           shift, and go to state 43
  "("           shift, and go to state 42
  ")"           shift, and go to state 107
  not           shift, and go to state 44
  true          shift, and go to state 37
  false         shift, and go to state 38
  NumberLiteral  shift, and go to state 36
  FunctionID    shift, and go to state 41
  VariableID    shift, and go to state 40
  StringLiteral  shift, and go to state 39

  EXPRESSIONs   go to state 106
  EXPRESSION    go to state 50

state 71

   8) EXPRESSION : "(" EXPRESSION _ ")"
  11) EXPRESSION : EXPRESSION _ "*" EXPRESSION
  12) EXPRESSION : EXPRESSION _ "/" EXPRESSION
  13) EXPRESSION : EXPRESSION _ div EXPRESSION
  14) EXPRESSION : EXPRESSION _ mod EXPRESSION
  15) EXPRESSION : EXPRESSION _ "%" EXPRESSION
  16) EXPRESSION : EXPRESSION _ "+" EXPRESSION
  17) EXPRESSION : EXPRESSION _ "-" EXPRESSION
  18) EXPRESSION : EXPRESSION _ "==" EXPRESSION
  19) EXPRESSION : EXPRESSION _ "/=" EXPRESSION
  20) EXPRESSION : EXPRESSION _ "<=" EXPRESSION
  21) EXPRESSION : EXPRESSION _ ">=" EXPRESSION
  22) EXPRESSION : EXPRESSION _ "<" EXPRESSION
  23) EXPRESSION : EXPRESSION _ ">" EXPRESSION
  24) EXPRESSION : EXPRESSION _ or EXPRESSION
  25) EXPRESSION : EXPRESSION _ and EXPRESSION

  "=="          shift, and go to state 81
  "/="          shift, and go to state 82
  ">="          shift, and go to state 84
  "<="          shift, and go to state 83
  ">"           shift, and go to state 86
  "<"           shift, and go to state 85
  "+"           shift, and go to state 79
  "-"           shift, and go to state 80
  "*"           shift, and go to state 74
  "/"           shift, and go to state 75
  "%"           shift, and go to state 78
  mod           shift, and go to state 77
  div           shift, and go to state 76
  ")"           shift, and go to state 108
  and           shift, and go to state 88
  or            shift, and go to state 87


state 72

   9) EXPRESSION : "-" EXPRESSION _
  11) EXPRESSION : EXPRESSION _ "*" EXPRESSION
  12) EXPRESSION : EXPRESSION _ "/" EXPRESSION
  13) EXPRESSION : EXPRESSION _ div EXPRESSION
  14) EXPRESSION : EXPRESSION _ mod EXPRESSION
  15) EXPRESSION : EXPRESSION _ "%" EXPRESSION
  16) EXPRESSION : EXPRESSION _ "+" EXPRESSION
  17) EXPRESSION : EXPRESSION _ "-" EXPRESSION
  18) EXPRESSION : EXPRESSION _ "==" EXPRESSION
  19) EXPRESSION : EXPRESSION _ "/=" EXPRESSION
  20) EXPRESSION : EXPRESSION _ "<=" EXPRESSION
  21) EXPRESSION : EXPRESSION _ ">=" EXPRESSION
  22) EXPRESSION : EXPRESSION _ "<" EXPRESSION
  23) EXPRESSION : EXPRESSION _ ">" EXPRESSION
  24) EXPRESSION : EXPRESSION _ or EXPRESSION
  25) EXPRESSION : EXPRESSION _ and EXPRESSION

  $default      reduce using rule 9 (EXPRESSION)


state 73

  10) EXPRESSION : not EXPRESSION _
  11) EXPRESSION : EXPRESSION _ "*" EXPRESSION
  12) EXPRESSION : EXPRESSION _ "/" EXPRESSION
  13) EXPRESSION : EXPRESSION _ div EXPRESSION
  14) EXPRESSION : EXPRESSION _ mod EXPRESSION
  15) EXPRESSION : EXPRESSION _ "%" EXPRESSION
  16) EXPRESSION : EXPRESSION _ "+" EXPRESSION
  17) EXPRESSION : EXPRESSION _ "-" EXPRESSION
  18) EXPRESSION : EXPRESSION _ "==" EXPRESSION
  19) EXPRESSION : EXPRESSION _ "/=" EXPRESSION
  20) EXPRESSION : EXPRESSION _ "<=" EXPRESSION
  21) EXPRESSION : EXPRESSION _ ">=" EXPRESSION
  22) EXPRESSION : EXPRESSION _ "<" EXPRESSION
  23) EXPRESSION : EXPRESSION _ ">" EXPRESSION
  24) EXPRESSION : EXPRESSION _ or EXPRESSION
  25) EXPRESSION : EXPRESSION _ and EXPRESSION

  $default      reduce using rule 10 (EXPRESSION)


state 74

  11) EXPRESSION : EXPRESSION "*" _ EXPRESSION

  "-"           shift, and go to state 43
  "("           shift, and go to state 42
  not           shift, and go to state 44
  true          shift, and go to state 37
  false         shift, and go to state 38
  NumberLiteral  shift, and go to state 36
  FunctionID    shift, and go to state 41
  VariableID    shift, and go to state 40
  StringLiteral  shift, and go to state 39

  EXPRESSION    go to state 109

state 75

  12) EXPRESSION : EXPRESSION "/" _ EXPRESSION

  "-"           shift, and go to state 43
  "("           shift, and go to state 42
  not           shift, and go to state 44
  true          shift, and go to state 37
  false         shift, and go to state 38
  NumberLiteral  shift, and go to state 36
  FunctionID    shift, and go to state 41
  VariableID    shift, and go to state 40
  StringLiteral  shift, and go to state 39

  EXPRESSION    go to state 110

state 76

  13) EXPRESSION : EXPRESSION div _ EXPRESSION

  "-"           shift, and go to state 43
  "("           shift, and go to state 42
  not           shift, and go to state 44
  true          shift, and go to state 37
  false         shift, and go to state 38
  NumberLiteral  shift, and go to state 36
  FunctionID    shift, and go to state 41
  VariableID    shift, and go to state 40
  StringLiteral  shift, and go to state 39

  EXPRESSION    go to state 111

state 77

  14) EXPRESSION : EXPRESSION mod _ EXPRESSION

  "-"           shift, and go to state 43
  "("           shift, and go to state 42
  not           shift, and go to state 44
  true          shift, and go to state 37
  false         shift, and go to state 38
  NumberLiteral  shift, and go to state 36
  FunctionID    shift, and go to state 41
  VariableID    shift, and go to state 40
  StringLiteral  shift, and go to state 39

  EXPRESSION    go to state 112

state 78

  15) EXPRESSION : EXPRESSION "%" _ EXPRESSION

  "-"           shift, and go to state 43
  "("           shift, and go to state 42
  not           shift, and go to state 44
  true          shift, and go to state 37
  false         shift, and go to state 38
  NumberLiteral  shift, and go to state 36
  FunctionID    shift, and go to state 41
  VariableID    shift, and go to state 40
  StringLiteral  shift, and go to state 39

  EXPRESSION    go to state 113

state 79

  16) EXPRESSION : EXPRESSION "+" _ EXPRESSION

  "-"           shift, and go to state 43
  "("           shift, and go to state 42
  not           shift, and go to state 44
  true          shift, and go to state 37
  false         shift, and go to state 38
  NumberLiteral  shift, and go to state 36
  FunctionID    shift, and go to state 41
  VariableID    shift, and go to state 40
  StringLiteral  shift, and go to state 39

  EXPRESSION    go to state 114

state 80

  17) EXPRESSION : EXPRESSION "-" _ EXPRESSION

  "-"           shift, and go to state 43
  "("           shift, and go to state 42
  not           shift, and go to state 44
  true          shift, and go to state 37
  false         shift, and go to state 38
  NumberLiteral  shift, and go to state 36
  FunctionID    shift, and go to state 41
  VariableID    shift, and go to state 40
  StringLiteral  shift, and go to state 39

  EXPRESSION    go to state 115

state 81

  18) EXPRESSION : EXPRESSION "==" _ EXPRESSION

  "-"           shift, and go to state 43
  "("           shift, and go to state 42
  not           shift, and go to state 44
  true          shift, and go to state 37
  false         shift, and go to state 38
  NumberLiteral  shift, and go to state 36
  FunctionID    shift, and go to state 41
  VariableID    shift, and go to state 40
  StringLiteral  shift, and go to state 39

  EXPRESSION    go to state 116

state 82

  19) EXPRESSION : EXPRESSION "/=" _ EXPRESSION

  "-"           shift, and go to state 43
  "("           shift, and go to state 42
  not           shift, and go to state 44
  true          shift, and go to state 37
  false         shift, and go to state 38
  NumberLiteral  shift, and go to state 36
  FunctionID    shift, and go to state 41
  VariableID    shift, and go to state 40
  StringLiteral  shift, and go to state 39

  EXPRESSION    go to state 117

state 83

  20) EXPRESSION : EXPRESSION "<=" _ EXPRESSION

  "-"           shift, and go to state 43
  "("           shift, and go to state 42
  not           shift, and go to state 44
  true          shift, and go to state 37
  false         shift, and go to state 38
  NumberLiteral  shift, and go to state 36
  FunctionID    shift, and go to state 41
  VariableID    shift, and go to state 40
  StringLiteral  shift, and go to state 39

  EXPRESSION    go to state 118

state 84

  21) EXPRESSION : EXPRESSION ">=" _ EXPRESSION

  "-"           shift, and go to state 43
  "("           shift, and go to state 42
  not           shift, and go to state 44
  true          shift, and go to state 37
  false         shift, and go to state 38
  NumberLiteral  shift, and go to state 36
  FunctionID    shift, and go to state 41
  VariableID    shift, and go to state 40
  StringLiteral  shift, and go to state 39

  EXPRESSION    go to state 119

state 85

  22) EXPRESSION : EXPRESSION "<" _ EXPRESSION

  "-"           shift, and go to state 43
  "("           shift, and go to state 42
  not           shift, and go to state 44
  true          shift, and go to state 37
  false         shift, and go to state 38
  NumberLiteral  shift, and go to state 36
  FunctionID    shift, and go to state 41
  VariableID    shift, and go to state 40
  StringLiteral  shift, and go to state 39

  EXPRESSION    go to state 120

state 86

  23) EXPRESSION : EXPRESSION ">" _ EXPRESSION

  "-"           shift, and go to state 43
  "("           shift, and go to state 42
  not           shift, and go to state 44
  true          shift, and go to state 37
  false         shift, and go to state 38
  NumberLiteral  shift, and go to state 36
  FunctionID    shift, and go to state 41
  VariableID    shift, and go to state 40
  StringLiteral  shift, and go to state 39

  EXPRESSION    go to state 121

state 87

  24) EXPRESSION : EXPRESSION or _ EXPRESSION

  "-"           shift, and go to state 43
  "("           shift, and go to state 42
  not           shift, and go to state 44
  true          shift, and go to state 37
  false         shift, and go to state 38
  NumberLiteral  shift, and go to state 36
  FunctionID    shift, and go to state 41
  VariableID    shift, and go to state 40
  StringLiteral  shift, and go to state 39

  EXPRESSION    go to state 122

state 88

  25) EXPRESSION : EXPRESSION and _ EXPRESSION

  "-"           shift, and go to state 43
  "("           shift, and go to state 42
  not           shift, and go to state 44
  true          shift, and go to state 37
  false         shift, and go to state 38
  NumberLiteral  shift, and go to state 36
  FunctionID    shift, and go to state 41
  VariableID    shift, and go to state 40
  StringLiteral  shift, and go to state 39

  EXPRESSION    go to state 123

state 89

  43) INSTRUCTION : while EXPRESSION do _ INSTRUCTIONs "end"

  with          shift, and go to state 9
  while         shift, and go to state 10
  if            shift, and go to state 12
  for           shift, and go to state 11
  repeat        shift, and go to state 13
  return        shift, and go to state 17
  read          shift, and go to state 14
  write         shift, and go to state 15
  writeln       shift, and go to state 16
  FunctionID    shift, and go to state 18
  VariableID    shift, and go to state 8
  $default      reduce using rule 37 (INSTRUCTION)

  INSTRUCTIONs  go to state 124
  INSTRUCTION   go to state 19

state 90

  44) INSTRUCTION : for VariableID from _ EXPRESSION to EXPRESSION by EXPRESSION do INSTRUCTIONs "end"
  45) INSTRUCTION : for VariableID from _ EXPRESSION to EXPRESSION by EXPRESSION do "end"
  46) INSTRUCTION : for VariableID from _ EXPRESSION to EXPRESSION do INSTRUCTIONs "end"
  47) INSTRUCTION : for VariableID from _ EXPRESSION to EXPRESSION do "end"

  "-"           shift, and go to state 43
  "("           shift, and go to state 42
  not           shift, and go to state 44
  true          shift, and go to state 37
  false         shift, and go to state 38
  NumberLiteral  shift, and go to state 36
  FunctionID    shift, and go to state 41
  VariableID    shift, and go to state 40
  StringLiteral  shift, and go to state 39

  EXPRESSION    go to state 125

state 91

  48) INSTRUCTION : if EXPRESSION then _ INSTRUCTIONs "end"
  49) INSTRUCTION : if EXPRESSION then _ "end"
  50) INSTRUCTION : if EXPRESSION then _ INSTRUCTIONs else INSTRUCTIONs "end"
  51) INSTRUCTION : if EXPRESSION then _ INSTRUCTIONs else "end"
  52) INSTRUCTION : if EXPRESSION then _ else INSTRUCTIONs "end"
  53) INSTRUCTION : if EXPRESSION then _ else "end"

  "end"         shift, and go to state 127
  with          shift, and go to state 9
  while         shift, and go to state 10
  if            shift, and go to state 12
  else          shift, and go to state 128
  for           shift, and go to state 11
  repeat        shift, and go to state 13
  return        shift, and go to state 17
  read          shift, and go to state 14
  write         shift, and go to state 15
  writeln       shift, and go to state 16
  FunctionID    shift, and go to state 18
  VariableID    shift, and go to state 8
  $default      reduce using rule 37 (INSTRUCTION)

  INSTRUCTIONs  go to state 126
  INSTRUCTION   go to state 19

state 92

  54) INSTRUCTION : repeat EXPRESSION times _ INSTRUCTIONs "end"
  55) INSTRUCTION : repeat EXPRESSION times _ "end"

  "end"         shift, and go to state 130
  with          shift, and go to state 9
  while         shift, and go to state 10
  if            shift, and go to state 12
  for           shift, and go to state 11
  repeat        shift, and go to state 13
  return        shift, and go to state 17
  read          shift, and go to state 14
  write         shift, and go to state 15
  writeln       shift, and go to state 16
  FunctionID    shift, and go to state 18
  VariableID    shift, and go to state 8
  $default      reduce using rule 37 (INSTRUCTION)

  INSTRUCTIONs  go to state 129
  INSTRUCTION   go to state 19

state 93

  27) EXPRESSIONs : EXPRESSIONs "," _ EXPRESSION

  "-"           shift, and go to state 43
  "("           shift, and go to state 42
  not           shift, and go to state 44
  true          shift, and go to state 37
  false         shift, and go to state 38
  NumberLiteral  shift, and go to state 36
  FunctionID    shift, and go to state 41
  VariableID    shift, and go to state 40
  StringLiteral  shift, and go to state 39

  EXPRESSION    go to state 131

state 94

  27) EXPRESSIONs : EXPRESSIONs _ "," EXPRESSION
  60) INSTRUCTION : FunctionID "(" EXPRESSIONs _ ")"

  ")"           shift, and go to state 132
  ","           shift, and go to state 93


state 95

  61) INSTRUCTION : FunctionID "(" ")" _

  $default      reduce using rule 61 (INSTRUCTION)


state 96

  63) INSTRUCTIONs : INSTRUCTIONs INSTRUCTION ";" _

  $default      reduce using rule 63 (INSTRUCTIONs)


state 97

  64) PARAMS : DATATYPE _ VARID

  VariableID    shift, and go to state 62

  VARID         go to state 133

state 98

  65) PARAMS : PARAMS _ "," DATATYPE VARID
  71) FUNCTION : func FUNID "(" PARAMS _ ")" "->" DATATYPE BEGINEND
  73) FUNCTION : func FUNID "(" PARAMS _ ")" BEGINEND

  ")"           shift, and go to state 135
  ","           shift, and go to state 134


state 99

  72) FUNCTION : func FUNID "(" ")" _ "->" DATATYPE BEGINEND
  74) FUNCTION : func FUNID "(" ")" _ BEGINEND

  "->"          shift, and go to state 137
  begin         shift, and go to state 136

  BEGINEND      go to state 138

state 100

  34) STATEMENT : DATATYPE VARID "=" _ EXPRESSION

  "-"           shift, and go to state 43
  "("           shift, and go to state 42
  not           shift, and go to state 44
  true          shift, and go to state 37
  false         shift, and go to state 38
  NumberLiteral  shift, and go to state 36
  FunctionID    shift, and go to state 41
  VariableID    shift, and go to state 40
  StringLiteral  shift, and go to state 39

  EXPRESSION    go to state 139

state 101

  30) VARIDs : VARIDs "," _ VARID

  VariableID    shift, and go to state 62

  VARID         go to state 140

state 102

  36) STATEMENTs : STATEMENTs STATEMENT ";" _

  $default      reduce using rule 36 (STATEMENTs)


state 103

  39) INSTRUCTION : with STATEMENTs do INSTRUCTIONs _ "end"
  63) INSTRUCTIONs : INSTRUCTIONs _ INSTRUCTION ";"

  "end"         shift, and go to state 141
  with          shift, and go to state 9
  while         shift, and go to state 10
  if            shift, and go to state 12
  for           shift, and go to state 11
  repeat        shift, and go to state 13
  return        shift, and go to state 17
  read          shift, and go to state 14
  write         shift, and go to state 15
  writeln       shift, and go to state 16
  FunctionID    shift, and go to state 18
  VariableID    shift, and go to state 8
  $default      reduce using rule 37 (INSTRUCTION)

  INSTRUCTION   go to state 56

state 104

  40) INSTRUCTION : with STATEMENTs do "end" _

  $default      reduce using rule 40 (INSTRUCTION)


state 105

  41) INSTRUCTION : with do INSTRUCTIONs "end" _

  $default      reduce using rule 41 (INSTRUCTION)


state 106

   6) EXPRESSION : FunctionID "(" EXPRESSIONs _ ")"
  27) EXPRESSIONs : EXPRESSIONs _ "," EXPRESSION

  ")"           shift, and go to state 142
  ","           shift, and go to state 93


state 107

   7) EXPRESSION : FunctionID "(" ")" _

  $default      reduce using rule 7 (EXPRESSION)


state 108

   8) EXPRESSION : "(" EXPRESSION ")" _

  $default      reduce using rule 8 (EXPRESSION)


state 109

  11) EXPRESSION : EXPRESSION _ "*" EXPRESSION
  11) EXPRESSION : EXPRESSION "*" EXPRESSION _
  12) EXPRESSION : EXPRESSION _ "/" EXPRESSION
  13) EXPRESSION : EXPRESSION _ div EXPRESSION
  14) EXPRESSION : EXPRESSION _ mod EXPRESSION
  15) EXPRESSION : EXPRESSION _ "%" EXPRESSION
  16) EXPRESSION : EXPRESSION _ "+" EXPRESSION
  17) EXPRESSION : EXPRESSION _ "-" EXPRESSION
  18) EXPRESSION : EXPRESSION _ "==" EXPRESSION
  19) EXPRESSION : EXPRESSION _ "/=" EXPRESSION
  20) EXPRESSION : EXPRESSION _ "<=" EXPRESSION
  21) EXPRESSION : EXPRESSION _ ">=" EXPRESSION
  22) EXPRESSION : EXPRESSION _ "<" EXPRESSION
  23) EXPRESSION : EXPRESSION _ ">" EXPRESSION
  24) EXPRESSION : EXPRESSION _ or EXPRESSION
  25) EXPRESSION : EXPRESSION _ and EXPRESSION

  "-"           shift, and go to state 80
  $default      reduce using rule 11 (EXPRESSION)


state 110

  11) EXPRESSION : EXPRESSION _ "*" EXPRESSION
  12) EXPRESSION : EXPRESSION _ "/" EXPRESSION
  12) EXPRESSION : EXPRESSION "/" EXPRESSION _
  13) EXPRESSION : EXPRESSION _ div EXPRESSION
  14) EXPRESSION : EXPRESSION _ mod EXPRESSION
  15) EXPRESSION : EXPRESSION _ "%" EXPRESSION
  16) EXPRESSION : EXPRESSION _ "+" EXPRESSION
  17) EXPRESSION : EXPRESSION _ "-" EXPRESSION
  18) EXPRESSION : EXPRESSION _ "==" EXPRESSION
  19) EXPRESSION : EXPRESSION _ "/=" EXPRESSION
  20) EXPRESSION : EXPRESSION _ "<=" EXPRESSION
  21) EXPRESSION : EXPRESSION _ ">=" EXPRESSION
  22) EXPRESSION : EXPRESSION _ "<" EXPRESSION
  23) EXPRESSION : EXPRESSION _ ">" EXPRESSION
  24) EXPRESSION : EXPRESSION _ or EXPRESSION
  25) EXPRESSION : EXPRESSION _ and EXPRESSION

  "-"           shift, and go to state 80
  $default      reduce using rule 12 (EXPRESSION)


state 111

  11) EXPRESSION : EXPRESSION _ "*" EXPRESSION
  12) EXPRESSION : EXPRESSION _ "/" EXPRESSION
  13) EXPRESSION : EXPRESSION _ div EXPRESSION
  13) EXPRESSION : EXPRESSION div EXPRESSION _
  14) EXPRESSION : EXPRESSION _ mod EXPRESSION
  15) EXPRESSION : EXPRESSION _ "%" EXPRESSION
  16) EXPRESSION : EXPRESSION _ "+" EXPRESSION
  17) EXPRESSION : EXPRESSION _ "-" EXPRESSION
  18) EXPRESSION : EXPRESSION _ "==" EXPRESSION
  19) EXPRESSION : EXPRESSION _ "/=" EXPRESSION
  20) EXPRESSION : EXPRESSION _ "<=" EXPRESSION
  21) EXPRESSION : EXPRESSION _ ">=" EXPRESSION
  22) EXPRESSION : EXPRESSION _ "<" EXPRESSION
  23) EXPRESSION : EXPRESSION _ ">" EXPRESSION
  24) EXPRESSION : EXPRESSION _ or EXPRESSION
  25) EXPRESSION : EXPRESSION _ and EXPRESSION

  "-"           shift, and go to state 80
  $default      reduce using rule 13 (EXPRESSION)


state 112

  11) EXPRESSION : EXPRESSION _ "*" EXPRESSION
  12) EXPRESSION : EXPRESSION _ "/" EXPRESSION
  13) EXPRESSION : EXPRESSION _ div EXPRESSION
  14) EXPRESSION : EXPRESSION _ mod EXPRESSION
  14) EXPRESSION : EXPRESSION mod EXPRESSION _
  15) EXPRESSION : EXPRESSION _ "%" EXPRESSION
  16) EXPRESSION : EXPRESSION _ "+" EXPRESSION
  17) EXPRESSION : EXPRESSION _ "-" EXPRESSION
  18) EXPRESSION : EXPRESSION _ "==" EXPRESSION
  19) EXPRESSION : EXPRESSION _ "/=" EXPRESSION
  20) EXPRESSION : EXPRESSION _ "<=" EXPRESSION
  21) EXPRESSION : EXPRESSION _ ">=" EXPRESSION
  22) EXPRESSION : EXPRESSION _ "<" EXPRESSION
  23) EXPRESSION : EXPRESSION _ ">" EXPRESSION
  24) EXPRESSION : EXPRESSION _ or EXPRESSION
  25) EXPRESSION : EXPRESSION _ and EXPRESSION

  "-"           shift, and go to state 80
  $default      reduce using rule 14 (EXPRESSION)


state 113

  11) EXPRESSION : EXPRESSION _ "*" EXPRESSION
  12) EXPRESSION : EXPRESSION _ "/" EXPRESSION
  13) EXPRESSION : EXPRESSION _ div EXPRESSION
  14) EXPRESSION : EXPRESSION _ mod EXPRESSION
  15) EXPRESSION : EXPRESSION _ "%" EXPRESSION
  15) EXPRESSION : EXPRESSION "%" EXPRESSION _
  16) EXPRESSION : EXPRESSION _ "+" EXPRESSION
  17) EXPRESSION : EXPRESSION _ "-" EXPRESSION
  18) EXPRESSION : EXPRESSION _ "==" EXPRESSION
  19) EXPRESSION : EXPRESSION _ "/=" EXPRESSION
  20) EXPRESSION : EXPRESSION _ "<=" EXPRESSION
  21) EXPRESSION : EXPRESSION _ ">=" EXPRESSION
  22) EXPRESSION : EXPRESSION _ "<" EXPRESSION
  23) EXPRESSION : EXPRESSION _ ">" EXPRESSION
  24) EXPRESSION : EXPRESSION _ or EXPRESSION
  25) EXPRESSION : EXPRESSION _ and EXPRESSION

  "-"           shift, and go to state 80
  $default      reduce using rule 15 (EXPRESSION)


state 114

  11) EXPRESSION : EXPRESSION _ "*" EXPRESSION
  12) EXPRESSION : EXPRESSION _ "/" EXPRESSION
  13) EXPRESSION : EXPRESSION _ div EXPRESSION
  14) EXPRESSION : EXPRESSION _ mod EXPRESSION
  15) EXPRESSION : EXPRESSION _ "%" EXPRESSION
  16) EXPRESSION : EXPRESSION _ "+" EXPRESSION
  16) EXPRESSION : EXPRESSION "+" EXPRESSION _
  17) EXPRESSION : EXPRESSION _ "-" EXPRESSION
  18) EXPRESSION : EXPRESSION _ "==" EXPRESSION
  19) EXPRESSION : EXPRESSION _ "/=" EXPRESSION
  20) EXPRESSION : EXPRESSION _ "<=" EXPRESSION
  21) EXPRESSION : EXPRESSION _ ">=" EXPRESSION
  22) EXPRESSION : EXPRESSION _ "<" EXPRESSION
  23) EXPRESSION : EXPRESSION _ ">" EXPRESSION
  24) EXPRESSION : EXPRESSION _ or EXPRESSION
  25) EXPRESSION : EXPRESSION _ and EXPRESSION

  "-"           shift, and go to state 80
  "*"           shift, and go to state 74
  "/"           shift, and go to state 75
  "%"           shift, and go to state 78
  mod           shift, and go to state 77
  div           shift, and go to state 76
  $default      reduce using rule 16 (EXPRESSION)


state 115

  11) EXPRESSION : EXPRESSION _ "*" EXPRESSION
  12) EXPRESSION : EXPRESSION _ "/" EXPRESSION
  13) EXPRESSION : EXPRESSION _ div EXPRESSION
  14) EXPRESSION : EXPRESSION _ mod EXPRESSION
  15) EXPRESSION : EXPRESSION _ "%" EXPRESSION
  16) EXPRESSION : EXPRESSION _ "+" EXPRESSION
  17) EXPRESSION : EXPRESSION _ "-" EXPRESSION
  17) EXPRESSION : EXPRESSION "-" EXPRESSION _
  18) EXPRESSION : EXPRESSION _ "==" EXPRESSION
  19) EXPRESSION : EXPRESSION _ "/=" EXPRESSION
  20) EXPRESSION : EXPRESSION _ "<=" EXPRESSION
  21) EXPRESSION : EXPRESSION _ ">=" EXPRESSION
  22) EXPRESSION : EXPRESSION _ "<" EXPRESSION
  23) EXPRESSION : EXPRESSION _ ">" EXPRESSION
  24) EXPRESSION : EXPRESSION _ or EXPRESSION
  25) EXPRESSION : EXPRESSION _ and EXPRESSION

  "-"           shift, and go to state 80
  $default      reduce using rule 17 (EXPRESSION)


state 116

  11) EXPRESSION : EXPRESSION _ "*" EXPRESSION
  12) EXPRESSION : EXPRESSION _ "/" EXPRESSION
  13) EXPRESSION : EXPRESSION _ div EXPRESSION
  14) EXPRESSION : EXPRESSION _ mod EXPRESSION
  15) EXPRESSION : EXPRESSION _ "%" EXPRESSION
  16) EXPRESSION : EXPRESSION _ "+" EXPRESSION
  17) EXPRESSION : EXPRESSION _ "-" EXPRESSION
  18) EXPRESSION : EXPRESSION _ "==" EXPRESSION
  18) EXPRESSION : EXPRESSION "==" EXPRESSION _
  19) EXPRESSION : EXPRESSION _ "/=" EXPRESSION
  20) EXPRESSION : EXPRESSION _ "<=" EXPRESSION
  21) EXPRESSION : EXPRESSION _ ">=" EXPRESSION
  22) EXPRESSION : EXPRESSION _ "<" EXPRESSION
  23) EXPRESSION : EXPRESSION _ ">" EXPRESSION
  24) EXPRESSION : EXPRESSION _ or EXPRESSION
  25) EXPRESSION : EXPRESSION _ and EXPRESSION

  ">="          shift, and go to state 84
  "<="          shift, and go to state 83
  ">"           shift, and go to state 86
  "<"           shift, and go to state 85
  "+"           shift, and go to state 79
  "-"           shift, and go to state 80
  "*"           shift, and go to state 74
  "/"           shift, and go to state 75
  "%"           shift, and go to state 78
  mod           shift, and go to state 77
  div           shift, and go to state 76
  $default      reduce using rule 18 (EXPRESSION)


state 117

  11) EXPRESSION : EXPRESSION _ "*" EXPRESSION
  12) EXPRESSION : EXPRESSION _ "/" EXPRESSION
  13) EXPRESSION : EXPRESSION _ div EXPRESSION
  14) EXPRESSION : EXPRESSION _ mod EXPRESSION
  15) EXPRESSION : EXPRESSION _ "%" EXPRESSION
  16) EXPRESSION : EXPRESSION _ "+" EXPRESSION
  17) EXPRESSION : EXPRESSION _ "-" EXPRESSION
  18) EXPRESSION : EXPRESSION _ "==" EXPRESSION
  19) EXPRESSION : EXPRESSION _ "/=" EXPRESSION
  19) EXPRESSION : EXPRESSION "/=" EXPRESSION _
  20) EXPRESSION : EXPRESSION _ "<=" EXPRESSION
  21) EXPRESSION : EXPRESSION _ ">=" EXPRESSION
  22) EXPRESSION : EXPRESSION _ "<" EXPRESSION
  23) EXPRESSION : EXPRESSION _ ">" EXPRESSION
  24) EXPRESSION : EXPRESSION _ or EXPRESSION
  25) EXPRESSION : EXPRESSION _ and EXPRESSION

  ">="          shift, and go to state 84
  "<="          shift, and go to state 83
  ">"           shift, and go to state 86
  "<"           shift, and go to state 85
  "+"           shift, and go to state 79
  "-"           shift, and go to state 80
  "*"           shift, and go to state 74
  "/"           shift, and go to state 75
  "%"           shift, and go to state 78
  mod           shift, and go to state 77
  div           shift, and go to state 76
  $default      reduce using rule 19 (EXPRESSION)


state 118

  11) EXPRESSION : EXPRESSION _ "*" EXPRESSION
  12) EXPRESSION : EXPRESSION _ "/" EXPRESSION
  13) EXPRESSION : EXPRESSION _ div EXPRESSION
  14) EXPRESSION : EXPRESSION _ mod EXPRESSION
  15) EXPRESSION : EXPRESSION _ "%" EXPRESSION
  16) EXPRESSION : EXPRESSION _ "+" EXPRESSION
  17) EXPRESSION : EXPRESSION _ "-" EXPRESSION
  18) EXPRESSION : EXPRESSION _ "==" EXPRESSION
  19) EXPRESSION : EXPRESSION _ "/=" EXPRESSION
  20) EXPRESSION : EXPRESSION _ "<=" EXPRESSION
  20) EXPRESSION : EXPRESSION "<=" EXPRESSION _
  21) EXPRESSION : EXPRESSION _ ">=" EXPRESSION
  22) EXPRESSION : EXPRESSION _ "<" EXPRESSION
  23) EXPRESSION : EXPRESSION _ ">" EXPRESSION
  24) EXPRESSION : EXPRESSION _ or EXPRESSION
  25) EXPRESSION : EXPRESSION _ and EXPRESSION

  "-"           shift, and go to state 80
  "*"           shift, and go to state 74
  "/"           shift, and go to state 75
  "%"           shift, and go to state 78
  mod           shift, and go to state 77
  div           shift, and go to state 76
  $default      reduce using rule 20 (EXPRESSION)


state 119

  11) EXPRESSION : EXPRESSION _ "*" EXPRESSION
  12) EXPRESSION : EXPRESSION _ "/" EXPRESSION
  13) EXPRESSION : EXPRESSION _ div EXPRESSION
  14) EXPRESSION : EXPRESSION _ mod EXPRESSION
  15) EXPRESSION : EXPRESSION _ "%" EXPRESSION
  16) EXPRESSION : EXPRESSION _ "+" EXPRESSION
  17) EXPRESSION : EXPRESSION _ "-" EXPRESSION
  18) EXPRESSION : EXPRESSION _ "==" EXPRESSION
  19) EXPRESSION : EXPRESSION _ "/=" EXPRESSION
  20) EXPRESSION : EXPRESSION _ "<=" EXPRESSION
  21) EXPRESSION : EXPRESSION _ ">=" EXPRESSION
  21) EXPRESSION : EXPRESSION ">=" EXPRESSION _
  22) EXPRESSION : EXPRESSION _ "<" EXPRESSION
  23) EXPRESSION : EXPRESSION _ ">" EXPRESSION
  24) EXPRESSION : EXPRESSION _ or EXPRESSION
  25) EXPRESSION : EXPRESSION _ and EXPRESSION

  "-"           shift, and go to state 80
  "*"           shift, and go to state 74
  "/"           shift, and go to state 75
  "%"           shift, and go to state 78
  mod           shift, and go to state 77
  div           shift, and go to state 76
  $default      reduce using rule 21 (EXPRESSION)


state 120

  11) EXPRESSION : EXPRESSION _ "*" EXPRESSION
  12) EXPRESSION : EXPRESSION _ "/" EXPRESSION
  13) EXPRESSION : EXPRESSION _ div EXPRESSION
  14) EXPRESSION : EXPRESSION _ mod EXPRESSION
  15) EXPRESSION : EXPRESSION _ "%" EXPRESSION
  16) EXPRESSION : EXPRESSION _ "+" EXPRESSION
  17) EXPRESSION : EXPRESSION _ "-" EXPRESSION
  18) EXPRESSION : EXPRESSION _ "==" EXPRESSION
  19) EXPRESSION : EXPRESSION _ "/=" EXPRESSION
  20) EXPRESSION : EXPRESSION _ "<=" EXPRESSION
  21) EXPRESSION : EXPRESSION _ ">=" EXPRESSION
  22) EXPRESSION : EXPRESSION _ "<" EXPRESSION
  22) EXPRESSION : EXPRESSION "<" EXPRESSION _
  23) EXPRESSION : EXPRESSION _ ">" EXPRESSION
  24) EXPRESSION : EXPRESSION _ or EXPRESSION
  25) EXPRESSION : EXPRESSION _ and EXPRESSION

  "-"           shift, and go to state 80
  "*"           shift, and go to state 74
  "/"           shift, and go to state 75
  "%"           shift, and go to state 78
  mod           shift, and go to state 77
  div           shift, and go to state 76
  $default      reduce using rule 22 (EXPRESSION)


state 121

  11) EXPRESSION : EXPRESSION _ "*" EXPRESSION
  12) EXPRESSION : EXPRESSION _ "/" EXPRESSION
  13) EXPRESSION : EXPRESSION _ div EXPRESSION
  14) EXPRESSION : EXPRESSION _ mod EXPRESSION
  15) EXPRESSION : EXPRESSION _ "%" EXPRESSION
  16) EXPRESSION : EXPRESSION _ "+" EXPRESSION
  17) EXPRESSION : EXPRESSION _ "-" EXPRESSION
  18) EXPRESSION : EXPRESSION _ "==" EXPRESSION
  19) EXPRESSION : EXPRESSION _ "/=" EXPRESSION
  20) EXPRESSION : EXPRESSION _ "<=" EXPRESSION
  21) EXPRESSION : EXPRESSION _ ">=" EXPRESSION
  22) EXPRESSION : EXPRESSION _ "<" EXPRESSION
  23) EXPRESSION : EXPRESSION _ ">" EXPRESSION
  23) EXPRESSION : EXPRESSION ">" EXPRESSION _
  24) EXPRESSION : EXPRESSION _ or EXPRESSION
  25) EXPRESSION : EXPRESSION _ and EXPRESSION

  "-"           shift, and go to state 80
  "*"           shift, and go to state 74
  "/"           shift, and go to state 75
  "%"           shift, and go to state 78
  mod           shift, and go to state 77
  div           shift, and go to state 76
  $default      reduce using rule 23 (EXPRESSION)


state 122

  11) EXPRESSION : EXPRESSION _ "*" EXPRESSION
  12) EXPRESSION : EXPRESSION _ "/" EXPRESSION
  13) EXPRESSION : EXPRESSION _ div EXPRESSION
  14) EXPRESSION : EXPRESSION _ mod EXPRESSION
  15) EXPRESSION : EXPRESSION _ "%" EXPRESSION
  16) EXPRESSION : EXPRESSION _ "+" EXPRESSION
  17) EXPRESSION : EXPRESSION _ "-" EXPRESSION
  18) EXPRESSION : EXPRESSION _ "==" EXPRESSION
  19) EXPRESSION : EXPRESSION _ "/=" EXPRESSION
  20) EXPRESSION : EXPRESSION _ "<=" EXPRESSION
  21) EXPRESSION : EXPRESSION _ ">=" EXPRESSION
  22) EXPRESSION : EXPRESSION _ "<" EXPRESSION
  23) EXPRESSION : EXPRESSION _ ">" EXPRESSION
  24) EXPRESSION : EXPRESSION _ or EXPRESSION
  24) EXPRESSION : EXPRESSION or EXPRESSION _
  25) EXPRESSION : EXPRESSION _ and EXPRESSION

  "=="          shift, and go to state 81
  "/="          shift, and go to state 82
  ">="          shift, and go to state 84
  "<="          shift, and go to state 83
  ">"           shift, and go to state 86
  "<"           shift, and go to state 85
  "+"           shift, and go to state 79
  "-"           shift, and go to state 80
  "*"           shift, and go to state 74
  "/"           shift, and go to state 75
  "%"           shift, and go to state 78
  mod           shift, and go to state 77
  div           shift, and go to state 76
  $default      reduce using rule 24 (EXPRESSION)


state 123

  11) EXPRESSION : EXPRESSION _ "*" EXPRESSION
  12) EXPRESSION : EXPRESSION _ "/" EXPRESSION
  13) EXPRESSION : EXPRESSION _ div EXPRESSION
  14) EXPRESSION : EXPRESSION _ mod EXPRESSION
  15) EXPRESSION : EXPRESSION _ "%" EXPRESSION
  16) EXPRESSION : EXPRESSION _ "+" EXPRESSION
  17) EXPRESSION : EXPRESSION _ "-" EXPRESSION
  18) EXPRESSION : EXPRESSION _ "==" EXPRESSION
  19) EXPRESSION : EXPRESSION _ "/=" EXPRESSION
  20) EXPRESSION : EXPRESSION _ "<=" EXPRESSION
  21) EXPRESSION : EXPRESSION _ ">=" EXPRESSION
  22) EXPRESSION : EXPRESSION _ "<" EXPRESSION
  23) EXPRESSION : EXPRESSION _ ">" EXPRESSION
  24) EXPRESSION : EXPRESSION _ or EXPRESSION
  25) EXPRESSION : EXPRESSION _ and EXPRESSION
  25) EXPRESSION : EXPRESSION and EXPRESSION _

  "=="          shift, and go to state 81
  "/="          shift, and go to state 82
  ">="          shift, and go to state 84
  "<="          shift, and go to state 83
  ">"           shift, and go to state 86
  "<"           shift, and go to state 85
  "+"           shift, and go to state 79
  "-"           shift, and go to state 80
  "*"           shift, and go to state 74
  "/"           shift, and go to state 75
  "%"           shift, and go to state 78
  mod           shift, and go to state 77
  div           shift, and go to state 76
  or            shift, and go to state 87
  $default      reduce using rule 25 (EXPRESSION)


state 124

  43) INSTRUCTION : while EXPRESSION do INSTRUCTIONs _ "end"
  63) INSTRUCTIONs : INSTRUCTIONs _ INSTRUCTION ";"

  "end"         shift, and go to state 143
  with          shift, and go to state 9
  while         shift, and go to state 10
  if            shift, and go to state 12
  for           shift, and go to state 11
  repeat        shift, and go to state 13
  return        shift, and go to state 17
  read          shift, and go to state 14
  write         shift, and go to state 15
  writeln       shift, and go to state 16
  FunctionID    shift, and go to state 18
  VariableID    shift, and go to state 8
  $default      reduce using rule 37 (INSTRUCTION)

  INSTRUCTION   go to state 56

state 125

  11) EXPRESSION : EXPRESSION _ "*" EXPRESSION
  12) EXPRESSION : EXPRESSION _ "/" EXPRESSION
  13) EXPRESSION : EXPRESSION _ div EXPRESSION
  14) EXPRESSION : EXPRESSION _ mod EXPRESSION
  15) EXPRESSION : EXPRESSION _ "%" EXPRESSION
  16) EXPRESSION : EXPRESSION _ "+" EXPRESSION
  17) EXPRESSION : EXPRESSION _ "-" EXPRESSION
  18) EXPRESSION : EXPRESSION _ "==" EXPRESSION
  19) EXPRESSION : EXPRESSION _ "/=" EXPRESSION
  20) EXPRESSION : EXPRESSION _ "<=" EXPRESSION
  21) EXPRESSION : EXPRESSION _ ">=" EXPRESSION
  22) EXPRESSION : EXPRESSION _ "<" EXPRESSION
  23) EXPRESSION : EXPRESSION _ ">" EXPRESSION
  24) EXPRESSION : EXPRESSION _ or EXPRESSION
  25) EXPRESSION : EXPRESSION _ and EXPRESSION
  44) INSTRUCTION : for VariableID from EXPRESSION _ to EXPRESSION by EXPRESSION do INSTRUCTIONs "end"
  45) INSTRUCTION : for VariableID from EXPRESSION _ to EXPRESSION by EXPRESSION do "end"
  46) INSTRUCTION : for VariableID from EXPRESSION _ to EXPRESSION do INSTRUCTIONs "end"
  47) INSTRUCTION : for VariableID from EXPRESSION _ to EXPRESSION do "end"

  "=="          shift, and go to state 81
  "/="          shift, and go to state 82
  ">="          shift, and go to state 84
  "<="          shift, and go to state 83
  ">"           shift, and go to state 86
  "<"           shift, and go to state 85
  "+"           shift, and go to state 79
  "-"           shift, and go to state 80
  "*"           shift, and go to state 74
  "/"           shift, and go to state 75
  "%"           shift, and go to state 78
  mod           shift, and go to state 77
  div           shift, and go to state 76
  and           shift, and go to state 88
  or            shift, and go to state 87
  to            shift, and go to state 144


state 126

  48) INSTRUCTION : if EXPRESSION then INSTRUCTIONs _ "end"
  50) INSTRUCTION : if EXPRESSION then INSTRUCTIONs _ else INSTRUCTIONs "end"
  51) INSTRUCTION : if EXPRESSION then INSTRUCTIONs _ else "end"
  63) INSTRUCTIONs : INSTRUCTIONs _ INSTRUCTION ";"

  "end"         shift, and go to state 145
  with          shift, and go to state 9
  while         shift, and go to state 10
  if            shift, and go to state 12
  else          shift, and go to state 146
  for           shift, and go to state 11
  repeat        shift, and go to state 13
  return        shift, and go to state 17
  read          shift, and go to state 14
  write         shift, and go to state 15
  writeln       shift, and go to state 16
  FunctionID    shift, and go to state 18
  VariableID    shift, and go to state 8
  $default      reduce using rule 37 (INSTRUCTION)

  INSTRUCTION   go to state 56

state 127

  49) INSTRUCTION : if EXPRESSION then "end" _

  $default      reduce using rule 49 (INSTRUCTION)


state 128

  52) INSTRUCTION : if EXPRESSION then else _ INSTRUCTIONs "end"
  53) INSTRUCTION : if EXPRESSION then else _ "end"

  "end"         shift, and go to state 148
  with          shift, and go to state 9
  while         shift, and go to state 10
  if            shift, and go to state 12
  for           shift, and go to state 11
  repeat        shift, and go to state 13
  return        shift, and go to state 17
  read          shift, and go to state 14
  write         shift, and go to state 15
  writeln       shift, and go to state 16
  FunctionID    shift, and go to state 18
  VariableID    shift, and go to state 8
  $default      reduce using rule 37 (INSTRUCTION)

  INSTRUCTIONs  go to state 147
  INSTRUCTION   go to state 19

state 129

  54) INSTRUCTION : repeat EXPRESSION times INSTRUCTIONs _ "end"
  63) INSTRUCTIONs : INSTRUCTIONs _ INSTRUCTION ";"

  "end"         shift, and go to state 149
  with          shift, and go to state 9
  while         shift, and go to state 10
  if            shift, and go to state 12
  for           shift, and go to state 11
  repeat        shift, and go to state 13
  return        shift, and go to state 17
  read          shift, and go to state 14
  write         shift, and go to state 15
  writeln       shift, and go to state 16
  FunctionID    shift, and go to state 18
  VariableID    shift, and go to state 8
  $default      reduce using rule 37 (INSTRUCTION)

  INSTRUCTION   go to state 56

state 130

  55) INSTRUCTION : repeat EXPRESSION times "end" _

  $default      reduce using rule 55 (INSTRUCTION)


state 131

  11) EXPRESSION : EXPRESSION _ "*" EXPRESSION
  12) EXPRESSION : EXPRESSION _ "/" EXPRESSION
  13) EXPRESSION : EXPRESSION _ div EXPRESSION
  14) EXPRESSION : EXPRESSION _ mod EXPRESSION
  15) EXPRESSION : EXPRESSION _ "%" EXPRESSION
  16) EXPRESSION : EXPRESSION _ "+" EXPRESSION
  17) EXPRESSION : EXPRESSION _ "-" EXPRESSION
  18) EXPRESSION : EXPRESSION _ "==" EXPRESSION
  19) EXPRESSION : EXPRESSION _ "/=" EXPRESSION
  20) EXPRESSION : EXPRESSION _ "<=" EXPRESSION
  21) EXPRESSION : EXPRESSION _ ">=" EXPRESSION
  22) EXPRESSION : EXPRESSION _ "<" EXPRESSION
  23) EXPRESSION : EXPRESSION _ ">" EXPRESSION
  24) EXPRESSION : EXPRESSION _ or EXPRESSION
  25) EXPRESSION : EXPRESSION _ and EXPRESSION
  27) EXPRESSIONs : EXPRESSIONs "," EXPRESSION _

  "=="          shift, and go to state 81
  "/="          shift, and go to state 82
  ">="          shift, and go to state 84
  "<="          shift, and go to state 83
  ">"           shift, and go to state 86
  "<"           shift, and go to state 85
  "+"           shift, and go to state 79
  "-"           shift, and go to state 80
  "*"           shift, and go to state 74
  "/"           shift, and go to state 75
  "%"           shift, and go to state 78
  mod           shift, and go to state 77
  div           shift, and go to state 76
  and           shift, and go to state 88
  or            shift, and go to state 87
  $default      reduce using rule 27 (EXPRESSIONs)


state 132

  60) INSTRUCTION : FunctionID "(" EXPRESSIONs ")" _

  $default      reduce using rule 60 (INSTRUCTION)


state 133

  64) PARAMS : DATATYPE VARID _

  $default      reduce using rule 64 (PARAMS)


state 134

  65) PARAMS : PARAMS "," _ DATATYPE VARID

  boolean       shift, and go to state 30
  number        shift, and go to state 31

  DATATYPE      go to state 150

state 135

  71) FUNCTION : func FUNID "(" PARAMS ")" _ "->" DATATYPE BEGINEND
  73) FUNCTION : func FUNID "(" PARAMS ")" _ BEGINEND

  "->"          shift, and go to state 151
  begin         shift, and go to state 136

  BEGINEND      go to state 152

state 136

  68) BEGINEND : begin _ INSTRUCTIONs "end"
  69) BEGINEND : begin _ "end"

  "end"         shift, and go to state 154
  with          shift, and go to state 9
  while         shift, and go to state 10
  if            shift, and go to state 12
  for           shift, and go to state 11
  repeat        shift, and go to state 13
  return        shift, and go to state 17
  read          shift, and go to state 14
  write         shift, and go to state 15
  writeln       shift, and go to state 16
  FunctionID    shift, and go to state 18
  VariableID    shift, and go to state 8
  $default      reduce using rule 37 (INSTRUCTION)

  INSTRUCTION   go to state 19
  INSTRUCTIONs  go to state 153

state 137

  72) FUNCTION : func FUNID "(" ")" "->" _ DATATYPE BEGINEND

  boolean       shift, and go to state 30
  number        shift, and go to state 31

  DATATYPE      go to state 155

state 138

  74) FUNCTION : func FUNID "(" ")" BEGINEND _

  $default      reduce using rule 74 (FUNCTION)


state 139

  11) EXPRESSION : EXPRESSION _ "*" EXPRESSION
  12) EXPRESSION : EXPRESSION _ "/" EXPRESSION
  13) EXPRESSION : EXPRESSION _ div EXPRESSION
  14) EXPRESSION : EXPRESSION _ mod EXPRESSION
  15) EXPRESSION : EXPRESSION _ "%" EXPRESSION
  16) EXPRESSION : EXPRESSION _ "+" EXPRESSION
  17) EXPRESSION : EXPRESSION _ "-" EXPRESSION
  18) EXPRESSION : EXPRESSION _ "==" EXPRESSION
  19) EXPRESSION : EXPRESSION _ "/=" EXPRESSION
  20) EXPRESSION : EXPRESSION _ "<=" EXPRESSION
  21) EXPRESSION : EXPRESSION _ ">=" EXPRESSION
  22) EXPRESSION : EXPRESSION _ "<" EXPRESSION
  23) EXPRESSION : EXPRESSION _ ">" EXPRESSION
  24) EXPRESSION : EXPRESSION _ or EXPRESSION
  25) EXPRESSION : EXPRESSION _ and EXPRESSION
  34) STATEMENT : DATATYPE VARID "=" EXPRESSION _

  "=="          shift, and go to state 81
  "/="          shift, and go to state 82
  ">="          shift, and go to state 84
  "<="          shift, and go to state 83
  ">"           shift, and go to state 86
  "<"           shift, and go to state 85
  "+"           shift, and go to state 79
  "-"           shift, and go to state 80
  "*"           shift, and go to state 74
  "/"           shift, and go to state 75
  "%"           shift, and go to state 78
  mod           shift, and go to state 77
  div           shift, and go to state 76
  and           shift, and go to state 88
  or            shift, and go to state 87
  $default      reduce using rule 34 (STATEMENT)


state 140

  30) VARIDs : VARIDs "," VARID _

  $default      reduce using rule 30 (VARIDs)


state 141

  39) INSTRUCTION : with STATEMENTs do INSTRUCTIONs "end" _

  $default      reduce using rule 39 (INSTRUCTION)


state 142

   6) EXPRESSION : FunctionID "(" EXPRESSIONs ")" _

  $default      reduce using rule 6 (EXPRESSION)


state 143

  43) INSTRUCTION : while EXPRESSION do INSTRUCTIONs "end" _

  $default      reduce using rule 43 (INSTRUCTION)


state 144

  44) INSTRUCTION : for VariableID from EXPRESSION to _ EXPRESSION by EXPRESSION do INSTRUCTIONs "end"
  45) INSTRUCTION : for VariableID from EXPRESSION to _ EXPRESSION by EXPRESSION do "end"
  46) INSTRUCTION : for VariableID from EXPRESSION to _ EXPRESSION do INSTRUCTIONs "end"
  47) INSTRUCTION : for VariableID from EXPRESSION to _ EXPRESSION do "end"

  "-"           shift, and go to state 43
  "("           shift, and go to state 42
  not           shift, and go to state 44
  true          shift, and go to state 37
  false         shift, and go to state 38
  NumberLiteral  shift, and go to state 36
  FunctionID    shift, and go to state 41
  VariableID    shift, and go to state 40
  StringLiteral  shift, and go to state 39

  EXPRESSION    go to state 156

state 145

  48) INSTRUCTION : if EXPRESSION then INSTRUCTIONs "end" _

  $default      reduce using rule 48 (INSTRUCTION)


state 146

  50) INSTRUCTION : if EXPRESSION then INSTRUCTIONs else _ INSTRUCTIONs "end"
  51) INSTRUCTION : if EXPRESSION then INSTRUCTIONs else _ "end"

  "end"         shift, and go to state 158
  with          shift, and go to state 9
  while         shift, and go to state 10
  if            shift, and go to state 12
  for           shift, and go to state 11
  repeat        shift, and go to state 13
  return        shift, and go to state 17
  read          shift, and go to state 14
  write         shift, and go to state 15
  writeln       shift, and go to state 16
  FunctionID    shift, and go to state 18
  VariableID    shift, and go to state 8
  $default      reduce using rule 37 (INSTRUCTION)

  INSTRUCTIONs  go to state 157
  INSTRUCTION   go to state 19

state 147

  52) INSTRUCTION : if EXPRESSION then else INSTRUCTIONs _ "end"
  63) INSTRUCTIONs : INSTRUCTIONs _ INSTRUCTION ";"

  "end"         shift, and go to state 159
  with          shift, and go to state 9
  while         shift, and go to state 10
  if            shift, and go to state 12
  for           shift, and go to state 11
  repeat        shift, and go to state 13
  return        shift, and go to state 17
  read          shift, and go to state 14
  write         shift, and go to state 15
  writeln       shift, and go to state 16
  FunctionID    shift, and go to state 18
  VariableID    shift, and go to state 8
  $default      reduce using rule 37 (INSTRUCTION)

  INSTRUCTION   go to state 56

state 148

  53) INSTRUCTION : if EXPRESSION then else "end" _

  $default      reduce using rule 53 (INSTRUCTION)


state 149

  54) INSTRUCTION : repeat EXPRESSION times INSTRUCTIONs "end" _

  $default      reduce using rule 54 (INSTRUCTION)


state 150

  65) PARAMS : PARAMS "," DATATYPE _ VARID

  VariableID    shift, and go to state 62

  VARID         go to state 160

state 151

  71) FUNCTION : func FUNID "(" PARAMS ")" "->" _ DATATYPE BEGINEND

  boolean       shift, and go to state 30
  number        shift, and go to state 31

  DATATYPE      go to state 161

state 152

  73) FUNCTION : func FUNID "(" PARAMS ")" BEGINEND _

  $default      reduce using rule 73 (FUNCTION)


state 153

  63) INSTRUCTIONs : INSTRUCTIONs _ INSTRUCTION ";"
  68) BEGINEND : begin INSTRUCTIONs _ "end"

  "end"         shift, and go to state 162
  with          shift, and go to state 9
  while         shift, and go to state 10
  if            shift, and go to state 12
  for           shift, and go to state 11
  repeat        shift, and go to state 13
  return        shift, and go to state 17
  read          shift, and go to state 14
  write         shift, and go to state 15
  writeln       shift, and go to state 16
  FunctionID    shift, and go to state 18
  VariableID    shift, and go to state 8
  $default      reduce using rule 37 (INSTRUCTION)

  INSTRUCTION   go to state 56

state 154

  69) BEGINEND : begin "end" _

  $default      reduce using rule 69 (BEGINEND)


state 155

  72) FUNCTION : func FUNID "(" ")" "->" DATATYPE _ BEGINEND

  begin         shift, and go to state 136

  BEGINEND      go to state 163

state 156

  11) EXPRESSION : EXPRESSION _ "*" EXPRESSION
  12) EXPRESSION : EXPRESSION _ "/" EXPRESSION
  13) EXPRESSION : EXPRESSION _ div EXPRESSION
  14) EXPRESSION : EXPRESSION _ mod EXPRESSION
  15) EXPRESSION : EXPRESSION _ "%" EXPRESSION
  16) EXPRESSION : EXPRESSION _ "+" EXPRESSION
  17) EXPRESSION : EXPRESSION _ "-" EXPRESSION
  18) EXPRESSION : EXPRESSION _ "==" EXPRESSION
  19) EXPRESSION : EXPRESSION _ "/=" EXPRESSION
  20) EXPRESSION : EXPRESSION _ "<=" EXPRESSION
  21) EXPRESSION : EXPRESSION _ ">=" EXPRESSION
  22) EXPRESSION : EXPRESSION _ "<" EXPRESSION
  23) EXPRESSION : EXPRESSION _ ">" EXPRESSION
  24) EXPRESSION : EXPRESSION _ or EXPRESSION
  25) EXPRESSION : EXPRESSION _ and EXPRESSION
  44) INSTRUCTION : for VariableID from EXPRESSION to EXPRESSION _ by EXPRESSION do INSTRUCTIONs "end"
  45) INSTRUCTION : for VariableID from EXPRESSION to EXPRESSION _ by EXPRESSION do "end"
  46) INSTRUCTION : for VariableID from EXPRESSION to EXPRESSION _ do INSTRUCTIONs "end"
  47) INSTRUCTION : for VariableID from EXPRESSION to EXPRESSION _ do "end"

  "=="          shift, and go to state 81
  "/="          shift, and go to state 82
  ">="          shift, and go to state 84
  "<="          shift, and go to state 83
  ">"           shift, and go to state 86
  "<"           shift, and go to state 85
  "+"           shift, and go to state 79
  "-"           shift, and go to state 80
  "*"           shift, and go to state 74
  "/"           shift, and go to state 75
  "%"           shift, and go to state 78
  mod           shift, and go to state 77
  div           shift, and go to state 76
  and           shift, and go to state 88
  or            shift, and go to state 87
  do            shift, and go to state 165
  by            shift, and go to state 164


state 157

  50) INSTRUCTION : if EXPRESSION then INSTRUCTIONs else INSTRUCTIONs _ "end"
  63) INSTRUCTIONs : INSTRUCTIONs _ INSTRUCTION ";"

  "end"         shift, and go to state 166
  with          shift, and go to state 9
  while         shift, and go to state 10
  if            shift, and go to state 12
  for           shift, and go to state 11
  repeat        shift, and go to state 13
  return        shift, and go to state 17
  read          shift, and go to state 14
  write         shift, and go to state 15
  writeln       shift, and go to state 16
  FunctionID    shift, and go to state 18
  VariableID    shift, and go to state 8
  $default      reduce using rule 37 (INSTRUCTION)

  INSTRUCTION   go to state 56

state 158

  51) INSTRUCTION : if EXPRESSION then INSTRUCTIONs else "end" _

  $default      reduce using rule 51 (INSTRUCTION)


state 159

  52) INSTRUCTION : if EXPRESSION then else INSTRUCTIONs "end" _

  $default      reduce using rule 52 (INSTRUCTION)


state 160

  65) PARAMS : PARAMS "," DATATYPE VARID _

  $default      reduce using rule 65 (PARAMS)


state 161

  71) FUNCTION : func FUNID "(" PARAMS ")" "->" DATATYPE _ BEGINEND

  begin         shift, and go to state 136

  BEGINEND      go to state 167

state 162

  68) BEGINEND : begin INSTRUCTIONs "end" _

  $default      reduce using rule 68 (BEGINEND)


state 163

  72) FUNCTION : func FUNID "(" ")" "->" DATATYPE BEGINEND _

  $default      reduce using rule 72 (FUNCTION)


state 164

  44) INSTRUCTION : for VariableID from EXPRESSION to EXPRESSION by _ EXPRESSION do INSTRUCTIONs "end"
  45) INSTRUCTION : for VariableID from EXPRESSION to EXPRESSION by _ EXPRESSION do "end"

  "-"           shift, and go to state 43
  "("           shift, and go to state 42
  not           shift, and go to state 44
  true          shift, and go to state 37
  false         shift, and go to state 38
  NumberLiteral  shift, and go to state 36
  FunctionID    shift, and go to state 41
  VariableID    shift, and go to state 40
  StringLiteral  shift, and go to state 39

  EXPRESSION    go to state 168

state 165

  46) INSTRUCTION : for VariableID from EXPRESSION to EXPRESSION do _ INSTRUCTIONs "end"
  47) INSTRUCTION : for VariableID from EXPRESSION to EXPRESSION do _ "end"

  "end"         shift, and go to state 170
  with          shift, and go to state 9
  while         shift, and go to state 10
  if            shift, and go to state 12
  for           shift, and go to state 11
  repeat        shift, and go to state 13
  return        shift, and go to state 17
  read          shift, and go to state 14
  write         shift, and go to state 15
  writeln       shift, and go to state 16
  FunctionID    shift, and go to state 18
  VariableID    shift, and go to state 8
  $default      reduce using rule 37 (INSTRUCTION)

  INSTRUCTIONs  go to state 169
  INSTRUCTION   go to state 19

state 166

  50) INSTRUCTION : if EXPRESSION then INSTRUCTIONs else INSTRUCTIONs "end" _

  $default      reduce using rule 50 (INSTRUCTION)


state 167

  71) FUNCTION : func FUNID "(" PARAMS ")" "->" DATATYPE BEGINEND _

  $default      reduce using rule 71 (FUNCTION)


state 168

  11) EXPRESSION : EXPRESSION _ "*" EXPRESSION
  12) EXPRESSION : EXPRESSION _ "/" EXPRESSION
  13) EXPRESSION : EXPRESSION _ div EXPRESSION
  14) EXPRESSION : EXPRESSION _ mod EXPRESSION
  15) EXPRESSION : EXPRESSION _ "%" EXPRESSION
  16) EXPRESSION : EXPRESSION _ "+" EXPRESSION
  17) EXPRESSION : EXPRESSION _ "-" EXPRESSION
  18) EXPRESSION : EXPRESSION _ "==" EXPRESSION
  19) EXPRESSION : EXPRESSION _ "/=" EXPRESSION
  20) EXPRESSION : EXPRESSION _ "<=" EXPRESSION
  21) EXPRESSION : EXPRESSION _ ">=" EXPRESSION
  22) EXPRESSION : EXPRESSION _ "<" EXPRESSION
  23) EXPRESSION : EXPRESSION _ ">" EXPRESSION
  24) EXPRESSION : EXPRESSION _ or EXPRESSION
  25) EXPRESSION : EXPRESSION _ and EXPRESSION
  44) INSTRUCTION : for VariableID from EXPRESSION to EXPRESSION by EXPRESSION _ do INSTRUCTIONs "end"
  45) INSTRUCTION : for VariableID from EXPRESSION to EXPRESSION by EXPRESSION _ do "end"

  "=="          shift, and go to state 81
  "/="          shift, and go to state 82
  ">="          shift, and go to state 84
  "<="          shift, and go to state 83
  ">"           shift, and go to state 86
  "<"           shift, and go to state 85
  "+"           shift, and go to state 79
  "-"           shift, and go to state 80
  "*"           shift, and go to state 74
  "/"           shift, and go to state 75
  "%"           shift, and go to state 78
  mod           shift, and go to state 77
  div           shift, and go to state 76
  and           shift, and go to state 88
  or            shift, and go to state 87
  do            shift, and go to state 171


state 169

  46) INSTRUCTION : for VariableID from EXPRESSION to EXPRESSION do INSTRUCTIONs _ "end"
  63) INSTRUCTIONs : INSTRUCTIONs _ INSTRUCTION ";"

  "end"         shift, and go to state 172
  with          shift, and go to state 9
  while         shift, and go to state 10
  if            shift, and go to state 12
  for           shift, and go to state 11
  repeat        shift, and go to state 13
  return        shift, and go to state 17
  read          shift, and go to state 14
  write         shift, and go to state 15
  writeln       shift, and go to state 16
  FunctionID    shift, and go to state 18
  VariableID    shift, and go to state 8
  $default      reduce using rule 37 (INSTRUCTION)

  INSTRUCTION   go to state 56

state 170

  47) INSTRUCTION : for VariableID from EXPRESSION to EXPRESSION do "end" _

  $default      reduce using rule 47 (INSTRUCTION)


state 171

  44) INSTRUCTION : for VariableID from EXPRESSION to EXPRESSION by EXPRESSION do _ INSTRUCTIONs "end"
  45) INSTRUCTION : for VariableID from EXPRESSION to EXPRESSION by EXPRESSION do _ "end"

  "end"         shift, and go to state 174
  with          shift, and go to state 9
  while         shift, and go to state 10
  if            shift, and go to state 12
  for           shift, and go to state 11
  repeat        shift, and go to state 13
  return        shift, and go to state 17
  read          shift, and go to state 14
  write         shift, and go to state 15
  writeln       shift, and go to state 16
  FunctionID    shift, and go to state 18
  VariableID    shift, and go to state 8
  $default      reduce using rule 37 (INSTRUCTION)

  INSTRUCTIONs  go to state 173
  INSTRUCTION   go to state 19

state 172

  46) INSTRUCTION : for VariableID from EXPRESSION to EXPRESSION do INSTRUCTIONs "end" _

  $default      reduce using rule 46 (INSTRUCTION)


state 173

  44) INSTRUCTION : for VariableID from EXPRESSION to EXPRESSION by EXPRESSION do INSTRUCTIONs _ "end"
  63) INSTRUCTIONs : INSTRUCTIONs _ INSTRUCTION ";"

  "end"         shift, and go to state 175
  with          shift, and go to state 9
  while         shift, and go to state 10
  if            shift, and go to state 12
  for           shift, and go to state 11
  repeat        shift, and go to state 13
  return        shift, and go to state 17
  read          shift, and go to state 14
  write         shift, and go to state 15
  writeln       shift, and go to state 16
  FunctionID    shift, and go to state 18
  VariableID    shift, and go to state 8
  $default      reduce using rule 37 (INSTRUCTION)

  INSTRUCTION   go to state 56

state 174

  45) INSTRUCTION : for VariableID from EXPRESSION to EXPRESSION by EXPRESSION do "end" _

  $default      reduce using rule 45 (INSTRUCTION)


state 175

  44) INSTRUCTION : for VariableID from EXPRESSION to EXPRESSION by EXPRESSION do INSTRUCTIONs "end" _

  $default      reduce using rule 44 (INSTRUCTION)

